RUN	uk.gov.hmcts.ccd.corecasedata.simulations.CCDUIPTSimulation		ccduiptsimulation	1548259778844	 	2.0
USER	CCDUI	1	START	1548259780137	1548259780137
USER	CCDUI	2	START	1548259780282	1548259780282
REQUEST	CCDUI	2		TX20_HMCTSReform_CCD_Logout	1548259780283	1548259780776	OK	 
REQUEST	CCDUI	1		TX20_HMCTSReform_CCD_Logout	1548259780173	1548259780771	OK	 
REQUEST	CCDUI	1		TX20_HMCTSReform_CCD_Logout_getLogout	1548259780835	1548259780939	OK	 
REQUEST	CCDUI	2		TX20_HMCTSReform_CCD_Logout_getLogout	1548259780835	1548259780935	OK	 
REQUEST	CCDUI	2		TX20_HMCTSReform_CCD_Logout_govuk-template.js	1548259780958	1548259782684	OK	 
REQUEST	CCDUI	1		TX20_HMCTSReform_CCD_Logout_gov.uk_logotype_crown_invert_trans.png	1548259780957	1548259782684	OK	 
REQUEST	CCDUI	1		TX20_HMCTSReform_CCD_Logout_govuk-template.js	1548259780958	1548259782688	OK	 
REQUEST	CCDUI	2		TX20_HMCTSReform_CCD_Logout_govuk-template-print.css	1548259780959	1548259782689	OK	 
REQUEST	CCDUI	1		TX20_HMCTSReform_CCD_Logout_govuk-template-print.css	1548259780958	1548259782693	OK	 
REQUEST	CCDUI	2		TX20_HMCTSReform_CCD_Logout_gov.uk_logotype_crown_invert_trans.png	1548259780957	1548259782734	OK	 
REQUEST	CCDUI	1		TX20_HMCTSReform_CCD_Logout_open-government-licence_2x.png	1548259782701	1548259782839	OK	 
REQUEST	CCDUI	1		TX20_HMCTSReform_CCD_Logout_gov.uk_logotype_crown.png	1548259782729	1548259782844	OK	 
REQUEST	CCDUI	2		TX20_HMCTSReform_CCD_Logout_open-government-licence_2x.png	1548259782728	1548259782845	OK	 
REQUEST	CCDUI	2		TX20_HMCTSReform_CCD_Logout_gov.uk_logotype_crown.png	1548259782737	1548259782924	OK	 
REQUEST	CCDUI	1		TX20_HMCTSReform_CCD_Logout_govuk-template.css	1548259780954	1548259782928	OK	 
REQUEST	CCDUI	2		TX20_HMCTSReform_CCD_Logout_getRedirectURL	1548259780837	1548259782948	OK	 
REQUEST	CCDUI	1		TX20_HMCTSReform_CCD_Logout_govuk-crest-2x.png	1548259782699	1548259782957	OK	 
REQUEST	CCDUI	2		TX20_HMCTSReform_CCD_Logout_govuk-crest-2x.png	1548259782699	1548259782957	OK	 
REQUEST	CCDUI	1		TX20_HMCTSReform_CCD_Logout_getRedirectURL	1548259780837	1548259782958	OK	 
REQUEST	CCDUI	2		TX20_HMCTSReform_CCD_Logout_govuk-template.css	1548259780955	1548259782980	OK	 
REQUEST	CCDUI	2		TX20_HMCTSReform_CCD_Logout_fonts.css	1548259780957	1548259783796	OK	 
REQUEST	CCDUI	1		TX20_HMCTSReform_CCD_Logout_fonts.css	1548259780955	1548259783815	OK	 
REQUEST	CCDUI	1		TX01_HMCTSReform_CCD_Login	1548259785810	1548259785966	OK	 
REQUEST	CCDUI	2		TX01_HMCTSReform_CCD_Login	1548259785794	1548259785968	OK	 
REQUEST	CCDUI	1		TX01_HMCTSReform_CCD_Login_option_profile	1548259785975	1548259786002	OK	 
REQUEST	CCDUI	2		TX01_HMCTSReform_CCD_Login_option_profile	1548259785976	1548259786007	OK	 
REQUEST	CCDUI	1		TX01_HMCTSReform_CCD_Login_get_config	1548259785983	1548259786011	OK	 
REQUEST	CCDUI	2		TX01_HMCTSReform_CCD_Login_get_config	1548259785982	1548259786011	OK	 
REQUEST	CCDUI	2		TX01_HMCTSReform_CCD_Login_get_profile	1548259785976	1548259786059	OK	 
REQUEST	CCDUI	1		TX01_HMCTSReform_CCD_Login_get_profile	1548259785975	1548259786086	OK	 
REQUEST	CCDUI	2		TX01_HMCTSReform_CCD_Login_gov.uk_logotype_crown_invert_trans.png?	1548259785981	1548259786812	OK	 
REQUEST	CCDUI	2		TX01_HMCTSReform_CCD_Login_redirectURL	1548259785979	1548259786804	OK	 
REQUEST	CCDUI	1		TX01_HMCTSReform_CCD_Login_redirectURL	1548259785976	1548259786781	OK	 
REQUEST	CCDUI	2		TX01_HMCTSReform_CCD_Login_govuk-template.css	1548259785980	1548259787105	OK	 
REQUEST	CCDUI	2		TX01_HMCTSReform_CCD_Login_govuk-crest-2x.png	1548259786813	1548259787164	OK	 
REQUEST	CCDUI	2		TX01_HMCTSReform_CCD_Login_open-government-licence_2x.png	1548259786866	1548259787212	OK	 
REQUEST	CCDUI	1		TX01_HMCTSReform_CCD_Login_govuk-crest-2x.png	1548259786866	1548259787213	OK	 
REQUEST	CCDUI	1		TX01_HMCTSReform_CCD_Login_govuk-template.css	1548259785979	1548259787284	OK	 
REQUEST	CCDUI	2		TX01_HMCTSReform_CCD_Login_gov.uk_logotype_crown.png	1548259787106	1548259787389	OK	 
REQUEST	CCDUI	1		TX01_HMCTSReform_CCD_Login_open-government-licence_2x.png	1548259787214	1548259787420	OK	 
REQUEST	CCDUI	1		TX01_HMCTSReform_CCD_Login_gov.uk_logotype_crown_invert_trans.png?	1548259785981	1548259787438	OK	 
REQUEST	CCDUI	1		TX01_HMCTSReform_CCD_Login_gov.uk_logotype_crown.png	1548259787286	1548259787570	OK	 
REQUEST	CCDUI	2		TX01_HMCTSReform_CCD_Login_govuk-template-print.css	1548259785982	1548259787612	OK	 
REQUEST	CCDUI	1		TX01_HMCTSReform_CCD_Login_govuk-template.js	1548259785981	1548259787650	OK	 
REQUEST	CCDUI	1		TX01_HMCTSReform_CCD_Login_govuk-template-print.css	1548259785982	1548259788062	OK	 
REQUEST	CCDUI	2		TX01_HMCTSReform_CCD_Login_govuk-template.js	1548259785981	1548259788263	OK	 
REQUEST	CCDUI	1		TX01_HMCTSReform_CCD_Login_fonts.css	1548259785980	1548259789118	OK	 
REQUEST	CCDUI	2		TX01_HMCTSReform_CCD_Login_fonts.css	1548259785980	1548259789223	OK	 
REQUEST	CCDUI	2		TX02_HMCTSReform_CCD_submitLogin	1548259790504	1548259790992	OK	 
REQUEST	CCDUI	2		TX02_HMCTSReform_CCD_submitLogin_get_config	1548259790997	1548259791036	OK	 
REQUEST	CCDUI	1		TX02_HMCTSReform_CCD_submitLogin	1548259790590	1548259791056	OK	 
REQUEST	CCDUI	2		TX02_HMCTSReform_CCD_submitLogin_option_oauth2redirect	1548259791039	1548259791073	OK	 
REQUEST	CCDUI	1		TX02_HMCTSReform_CCD_submitLogin_get_config	1548259791057	1548259791124	OK	 
REQUEST	CCDUI	1		TX02_HMCTSReform_CCD_submitLogin_option_oauth2redirect	1548259791125	1548259791153	OK	 
REQUEST	CCDUI	2		TX02_HMCTSReform_CCD_submitLogin_get_oauth2redirect	1548259791074	1548259791312	OK	 
REQUEST	CCDUI	1		TX02_HMCTSReform_CCD_submitLogin_get_oauth2redirect	1548259791154	1548259791332	OK	 
REQUEST	CCDUI	1		TX02_HMCTSReform_CCD_submitLogin_get_config	1548259791333	1548259791367	OK	 
REQUEST	CCDUI	2		TX02_HMCTSReform_CCD_submitLogin_get_config	1548259791313	1548259791367	OK	 
REQUEST	CCDUI	1		TX02_HMCTSReform_CCD_submitLogin_option_profile	1548259791368	1548259791407	OK	 
REQUEST	CCDUI	2		TX02_HMCTSReform_CCD_submitLogin_option_profile	1548259791368	1548259791409	OK	 
REQUEST	CCDUI	2		TX02_HMCTSReform_CCD_submitLogin_get_profile	1548259791410	1548259793281	OK	 
REQUEST	CCDUI	1		TX02_HMCTSReform_CCD_submitLogin_get_profile	1548259791409	1548259793282	OK	 
REQUEST	CCDUI	2		TX02_HMCTSReform_CCD_submitLogin_option_case-types_access_read	1548259795281	1548259795442	OK	 
REQUEST	CCDUI	2		TX02_HMCTSReform_CCD_submitLogin_options_work-basket-inputs	1548259795446	1548259795494	OK	 
REQUEST	CCDUI	2		TX02_HMCTSReform_CCD_submitLogin_options_casesview_WORKBASKET&state=TODO&page=1	1548259795446	1548259795662	OK	 
REQUEST	CCDUI	1		TX02_HMCTSReform_CCD_submitLogin_option_case-types_access_read	1548259795281	1548259795845	OK	 
REQUEST	CCDUI	1		TX02_HMCTSReform_CCD_submitLogin_options_work-basket-inputs	1548259795849	1548259796008	OK	 
REQUEST	CCDUI	2		TX02_HMCTSReform_CCD_submitLogin_options_pagination_metadata?state=TODO	1548259795447	1548259796008	OK	 
REQUEST	CCDUI	1		TX02_HMCTSReform_CCD_submitLogin_options_casesview_WORKBASKET&state=TODO&page=1	1548259795849	1548259796213	OK	 
REQUEST	CCDUI	1		TX02_HMCTSReform_CCD_submitLogin_options_pagination_metadata?state=TODO	1548259795850	1548259796236	OK	 
REQUEST	CCDUI	2		TX02_HMCTSReform_CCD_submitLogin_get_work-basket-inputs	1548259795448	1548259796401	OK	 
REQUEST	CCDUI	2		TX02_HMCTSReform_CCD_submitLogin_pagination_metadata?state=TODO	1548259795495	1548259796418	OK	 
REQUEST	CCDUI	2		TX02_HMCTSReform_CCD_submitLogin_get_case-types_access_read	1548259795446	1548259797013	OK	 
REQUEST	CCDUI	1		TX02_HMCTSReform_CCD_submitLogin_get_case-types_access_read	1548259795849	1548259797415	OK	 
REQUEST	CCDUI	1		TX02_HMCTSReform_CCD_submitLogin_pagination_metadata?state=TODO	1548259796009	1548259797503	OK	 
REQUEST	CCDUI	1		TX02_HMCTSReform_CCD_submitLogin_get_work-basket-inputs	1548259795851	1548259797532	OK	 
REQUEST	CCDUI	2		TX02_HMCTSReform_CCD_submitLogin_get_casesview_WORKBASKET&state=TODO&page=1	1548259795448	1548259797617	OK	 
REQUEST	CCDUI	1		TX02_HMCTSReform_CCD_submitLogin_get_casesview_WORKBASKET&state=TODO&page=1	1548259795851	1548259797668	OK	 
REQUEST	CCDUI	2		TX03_HMCTSReform_CCD_CreateCase_ClickCreqteCaseButton_options_case-types?access=create	1548259803671	1548259803729	OK	 
REQUEST	CCDUI	1		TX03_HMCTSReform_CCD_CreateCase_ClickCreqteCaseButton_options_case-types?access=create	1548259803950	1548259803995	OK	 
REQUEST	CCDUI	2		TX03_HMCTSReform_CCD_CreateCase_ClickCreqteCaseButton_get_case-types?access=create	1548259803731	1548259804334	OK	 
REQUEST	CCDUI	1		TX03_HMCTSReform_CCD_CreateCase_ClickCreqteCaseButton_get_case-types?access=create	1548259803997	1548259804527	OK	 
REQUEST	CCDUI	1		TX04_HMCTSReform_CCD_CreateCase_startCaseCreation_options_ignore-warning=false	1548259818250	1548259818307	OK	 
REQUEST	CCDUI	1		TX04_HMCTSReform_CCD_CreateCase_startCaseCreation_get_ignore-warning=false	1548259818310	1548259819079	OK	 
REQUEST	CCDUI	1		TX04_HMCTSReform_CCD_CreateCase_startCaseCreation_get_II_ignore-warning=false	1548259818310	1548259819046	OK	 
REQUEST	CCDUI	2		TX04_HMCTSReform_CCD_CreateCase_startCaseCreation_options_ignore-warning=false	1548259824309	1548259824355	OK	 
REQUEST	CCDUI	2		TX04_HMCTSReform_CCD_CreateCase_startCaseCreation_get_ignore-warning=false	1548259824357	1548259825077	OK	 
REQUEST	CCDUI	2		TX04_HMCTSReform_CCD_CreateCase_startCaseCreation_get_II_ignore-warning=false	1548259824357	1548259825080	OK	 
REQUEST	CCDUI	1		TX05_HMCTSReform_CCD_CreateCase_Validate_validateFirstPage_options_validate	1548259836741	1548259837105	OK	 
REQUEST	CCDUI	1		TX05_HMCTSReform_CCD_CreateCase_Validate_validateFirstPage_post_validate	1548259837113	1548259837655	OK	 
REQUEST	CCDUI	1		TX06_HMCTSReform_CCD_CreateCase_Validate_validateSecondPage_options_validate	1548259839201	1548259839245	OK	 
REQUEST	CCDUI	1		TX06_HMCTSReform_CCD_CreateCase_Validate_validateSecondPage_post_validate	1548259839247	1548259839667	OK	 
REQUEST	CCDUI	2		TX05_HMCTSReform_CCD_CreateCase_Validate_validateFirstPage_options_validate	1548259844159	1548259844202	OK	 
REQUEST	CCDUI	2		TX05_HMCTSReform_CCD_CreateCase_Validate_validateFirstPage_post_validate	1548259844203	1548259844411	OK	 
REQUEST	CCDUI	2		TX06_HMCTSReform_CCD_CreateCase_Validate_validateSecondPage_options_validate	1548259846370	1548259846417	OK	 
REQUEST	CCDUI	2		TX06_HMCTSReform_CCD_CreateCase_Validate_validateSecondPage_post_validate	1548259846419	1548259846574	OK	 
REQUEST	CCDUI	1		TX07.1_HMCTSReform_CCD_CreateCase_UploadDocument_1MB.pdf	1548259841139	1548259848990	OK	 
REQUEST	CCDUI	1		TX07_HMCTSReform_CCD_CreateCase_Validate_validateThirdPage_options_validate	1548259851601	1548259851780	OK	 
REQUEST	CCDUI	1		TX07_HMCTSReform_CCD_CreateCase_Validate_validateThirdPage_post_validate	1548259851783	1548259852250	OK	 
REQUEST	CCDUI	1		TX08_HMCTSReform_CCD_CreateCase_SubmitCase_options_cases?ignore-warning=false	1548259853438	1548259853499	OK	 
REQUEST	CCDUI	1		TX08_HMCTSReform_CCD_CreateCase_SubmitCase_post_cases?ignore-warning=false	1548259853500	1548259854034	OK	 
REQUEST	CCDUI	1		TX09_HMCTSReform_CCD_CreateCase_NewCaseDisplay_options_get	1548259855709	1548259855750	OK	 
REQUEST	CCDUI	1		TX09_HMCTSReform_CCD_CreateCase_NewCaseDisplay_get	1548259855752	1548259856168	OK	 
REQUEST	CCDUI	1		TX09.1.1_HMCTSReform_CCD_CreateCase_NewCaseDisplayThirdTab_get	1548259858099	1548259858778	OK	 
REQUEST	CCDUI	1		TX09.1.2_HMCTSReform_CCD_CreateCase_get_1MB.pdf_ViewDocument	1548259860120	1548259861211	OK	 
REQUEST	CCDUI	1		TX10_HMCTSReform_CCD_UISearchAndViewCase_SearchRequest_ByJurisdiction_CaseType_State_option_work_basket_inputs	1548259865171	1548259865480	OK	 
REQUEST	CCDUI	1		TX11_HMCTSReform_CCD_UISearchAndViewCase_SearchRequest_ByJurisdiction_CaseType_State_get_work_basket_inputs	1548259865481	1548259866661	OK	 
REQUEST	CCDUI	1		TX12_HMCTSReform_CCD_UISearchAndViewCase_SearchResult_ByJurisdiction_CaseType_State_optionscases_view_WORKBASKE	1548259867712	1548259867802	OK	 
REQUEST	CCDUI	1		TX13_HMCTSReform_CCD_UISearchAndViewCase_SearchResult_ByJurisdiction_CaseType_State_optionspagination_metadata	1548259867804	1548259867859	OK	 
REQUEST	CCDUI	1		TX14_HMCTSReform_CCD_UISearchAndViewCase_SearchResult_ByJurisdiction_CaseType_State_getcases_view_WORKBASKE	1548259867804	1548259868344	OK	 
REQUEST	CCDUI	1		TX15_HMCTSReform_CCD_UISearchAndViewCase_SearchResult_ByJurisdiction_CaseType_State_getpagination_metadata	1548259867804	1548259868534	OK	 
REQUEST	CCDUI	1		TX16_HMCTSReform_CCD_UISearchAndViewCase_SelectAndViewCase_options	1548259869878	1548259869931	OK	 
REQUEST	CCDUI	1		TX17_HMCTSReform_CCD_UISearchAndViewCase_SelectAndViewCase_get	1548259869933	1548259870628	OK	 
REQUEST	CCDUI	1		TX20_HMCTSReform_CCD_Logout	1548259871839	1548259871895	OK	 
REQUEST	CCDUI	1		TX20_HMCTSReform_CCD_Logout_getLogout	1548259871900	1548259872240	OK	 
REQUEST	CCDUI	1		TX20_HMCTSReform_CCD_Logout	1548259874153	1548259874387	OK	 
REQUEST	CCDUI	1		TX01_HMCTSReform_CCD_Login	1548259875620	1548259875900	OK	 
REQUEST	CCDUI	1		TX01_HMCTSReform_CCD_Login_option_profile	1548259875904	1548259875956	OK	 
REQUEST	CCDUI	1		TX02_HMCTSReform_CCD_submitLogin	1548259877760	1548259881323	OK	 
REQUEST	CCDUI	1		TX02_HMCTSReform_CCD_submitLogin_get_config	1548259881324	1548259881363	OK	 
REQUEST	CCDUI	1		TX02_HMCTSReform_CCD_submitLogin_option_oauth2redirect	1548259881364	1548259881399	OK	 
REQUEST	CCDUI	1		TX02_HMCTSReform_CCD_submitLogin_get_oauth2redirect	1548259881400	1548259881553	OK	 
REQUEST	CCDUI	1		TX02_HMCTSReform_CCD_submitLogin_get_config	1548259881554	1548259881599	OK	 
REQUEST	CCDUI	1		TX02_HMCTSReform_CCD_submitLogin_option_profile	1548259881599	1548259881648	OK	 
REQUEST	CCDUI	2		TX07.1_HMCTSReform_CCD_CreateCase_UploadDocument_10MB.pdf	1548259847603	1548259882149	OK	 
REQUEST	CCDUI	1		TX02_HMCTSReform_CCD_submitLogin_get_profile	1548259881649	1548259882811	OK	 
REQUEST	CCDUI	1		TX02_HMCTSReform_CCD_submitLogin_option_case-types_access_read	1548259884810	1548259884858	OK	 
REQUEST	CCDUI	1		TX02_HMCTSReform_CCD_submitLogin_options_casesview_WORKBASKET&state=TODO&page=1	1548259884862	1548259884915	OK	 
REQUEST	CCDUI	1		TX02_HMCTSReform_CCD_submitLogin_options_work-basket-inputs	1548259884861	1548259884920	OK	 
REQUEST	CCDUI	1		TX02_HMCTSReform_CCD_submitLogin_options_pagination_metadata?state=TODO	1548259884862	1548259885040	OK	 
REQUEST	CCDUI	2		TX07_HMCTSReform_CCD_CreateCase_Validate_validateThirdPage_options_validate	1548259885471	1548259885517	OK	 
REQUEST	CCDUI	2		TX07_HMCTSReform_CCD_CreateCase_Validate_validateThirdPage_post_validate	1548259885519	1548259885802	OK	 
REQUEST	CCDUI	1		TX02_HMCTSReform_CCD_submitLogin_pagination_metadata?state=TODO	1548259884916	1548259886059	OK	 
REQUEST	CCDUI	1		TX02_HMCTSReform_CCD_submitLogin_get_work-basket-inputs	1548259884862	1548259886156	OK	 
REQUEST	CCDUI	1		TX02_HMCTSReform_CCD_submitLogin_get_case-types_access_read	1548259884861	1548259886280	OK	 
REQUEST	CCDUI	1		TX02_HMCTSReform_CCD_submitLogin_get_casesview_WORKBASKET&state=TODO&page=1	1548259884863	1548259886289	OK	 
REQUEST	CCDUI	2		TX08_HMCTSReform_CCD_CreateCase_SubmitCase_options_cases?ignore-warning=false	1548259887710	1548259887813	OK	 
REQUEST	CCDUI	2		TX08_HMCTSReform_CCD_CreateCase_SubmitCase_post_cases?ignore-warning=false	1548259887814	1548259888170	OK	 
REQUEST	CCDUI	2		TX09_HMCTSReform_CCD_CreateCase_NewCaseDisplay_options_get	1548259889408	1548259889515	OK	 
REQUEST	CCDUI	2		TX09_HMCTSReform_CCD_CreateCase_NewCaseDisplay_get	1548259889517	1548259890219	OK	 
REQUEST	CCDUI	2		TX09.1.1_HMCTSReform_CCD_CreateCase_NewCaseDisplayThirdTab_get	1548259892060	1548259894937	OK	 
REQUEST	CCDUI	1		TX03_HMCTSReform_CCD_CreateCase_ClickCreqteCaseButton_options_case-types?access=create	1548259892721	1548259895018	OK	 
REQUEST	CCDUI	1		TX03_HMCTSReform_CCD_CreateCase_ClickCreqteCaseButton_get_case-types?access=create	1548259895020	1548259896818	OK	 
REQUEST	CCDUI	2		TX09.1.2_HMCTSReform_CCD_CreateCase_get_10MB.pdf_ViewDocument	1548259896859	1548259901477	OK	 
REQUEST	CCDUI	2		TX09.4_HMCTSReform_CCD_UpdateCase_UpdateMarkAsDone_options_start	1548259904061	1548259904108	OK	 
REQUEST	CCDUI	2		TX09.5_HMCTSReform_CCD_UpdateCase_UpdateMarkAsDone_get_start	1548259904109	1548259905025	OK	 
REQUEST	CCDUI	2		TX09.6_HMCTSReform_CCD_UpdateCase_UpdateMarkAsDone_POST_options_updatepoststart	1548259906960	1548259907154	OK	 
REQUEST	CCDUI	2		TX09.7_HMCTSReform_CCD_UpdateCase_UpdateMarkAsDone_POST_updatepoststart	1548259907156	1548259907495	OK	 
REQUEST	CCDUI	2		TX09_HMCTSReform_CCD_CreateCase_NewCaseDisplay_options_get	1548259909341	1548259909400	OK	 
REQUEST	CCDUI	2		TX09_HMCTSReform_CCD_CreateCase_NewCaseDisplay_get	1548259909402	1548259910537	OK	 
REQUEST	CCDUI	1		TX04_HMCTSReform_CCD_CreateCase_startCaseCreation_options_ignore-warning=false	1548259911141	1548259911203	OK	 
REQUEST	CCDUI	1		TX04_HMCTSReform_CCD_CreateCase_startCaseCreation_get_ignore-warning=false	1548259911205	1548259911880	OK	 
REQUEST	CCDUI	1		TX04_HMCTSReform_CCD_CreateCase_startCaseCreation_get_II_ignore-warning=false	1548259911205	1548259911914	OK	 
REQUEST	CCDUI	2		TX10_HMCTSReform_CCD_UISearchAndViewCase_SearchRequest_ByJurisdiction_CaseType_State_option_work_basket_inputs	1548259912300	1548259912359	OK	 
REQUEST	CCDUI	2		TX11_HMCTSReform_CCD_UISearchAndViewCase_SearchRequest_ByJurisdiction_CaseType_State_get_work_basket_inputs	1548259912361	1548259912552	OK	 
REQUEST	CCDUI	2		TX12_HMCTSReform_CCD_UISearchAndViewCase_SearchResult_ByJurisdiction_CaseType_State_optionscases_view_WORKBASKE	1548259913858	1548259913908	OK	 
REQUEST	CCDUI	2		TX13_HMCTSReform_CCD_UISearchAndViewCase_SearchResult_ByJurisdiction_CaseType_State_optionspagination_metadata	1548259913910	1548259913960	OK	 
REQUEST	CCDUI	2		TX15_HMCTSReform_CCD_UISearchAndViewCase_SearchResult_ByJurisdiction_CaseType_State_getpagination_metadata	1548259913910	1548259914521	OK	 
REQUEST	CCDUI	2		TX14_HMCTSReform_CCD_UISearchAndViewCase_SearchResult_ByJurisdiction_CaseType_State_getcases_view_WORKBASKE	1548259913910	1548259914556	OK	 
REQUEST	CCDUI	2		TX16_HMCTSReform_CCD_UISearchAndViewCase_SelectAndViewCase_options	1548259915599	1548259915644	OK	 
REQUEST	CCDUI	2		TX17_HMCTSReform_CCD_UISearchAndViewCase_SelectAndViewCase_get	1548259915645	1548259916736	OK	 
REQUEST	CCDUI	2		TX20_HMCTSReform_CCD_Logout	1548259918541	1548259918745	OK	 
REQUEST	CCDUI	2		TX20_HMCTSReform_CCD_Logout_getLogout	1548259918748	1548259918979	OK	 
REQUEST	CCDUI	2		TX20_HMCTSReform_CCD_Logout	1548259920411	1548259920464	OK	 
REQUEST	CCDUI	2		TX01_HMCTSReform_CCD_Login	1548259921620	1548259922148	OK	 
REQUEST	CCDUI	2		TX01_HMCTSReform_CCD_Login_option_profile	1548259922150	1548259922193	OK	 
REQUEST	CCDUI	2		TX02_HMCTSReform_CCD_submitLogin	1548259924039	1548259924765	OK	 
REQUEST	CCDUI	2		TX02_HMCTSReform_CCD_submitLogin_get_config	1548259924766	1548259924794	OK	 
REQUEST	CCDUI	2		TX02_HMCTSReform_CCD_submitLogin_option_oauth2redirect	1548259924795	1548259924824	OK	 
REQUEST	CCDUI	2		TX02_HMCTSReform_CCD_submitLogin_get_oauth2redirect	1548259924825	1548259924931	OK	 
REQUEST	CCDUI	2		TX02_HMCTSReform_CCD_submitLogin_get_config	1548259924932	1548259924958	OK	 
REQUEST	CCDUI	2		TX02_HMCTSReform_CCD_submitLogin_option_profile	1548259924959	1548259925013	OK	 
REQUEST	CCDUI	2		TX02_HMCTSReform_CCD_submitLogin_get_profile	1548259925014	1548259926039	OK	 
REQUEST	CCDUI	2		TX02_HMCTSReform_CCD_submitLogin_option_case-types_access_read	1548259928041	1548259928087	OK	 
REQUEST	CCDUI	2		TX02_HMCTSReform_CCD_submitLogin_options_casesview_WORKBASKET&state=TODO&page=1	1548259928090	1548259928182	OK	 
REQUEST	CCDUI	2		TX02_HMCTSReform_CCD_submitLogin_options_pagination_metadata?state=TODO	1548259928090	1548259928282	OK	 
REQUEST	CCDUI	2		TX02_HMCTSReform_CCD_submitLogin_options_work-basket-inputs	1548259928090	1548259928549	OK	 
REQUEST	CCDUI	2		TX02_HMCTSReform_CCD_submitLogin_get_work-basket-inputs	1548259928091	1548259929376	OK	 
REQUEST	CCDUI	2		TX02_HMCTSReform_CCD_submitLogin_pagination_metadata?state=TODO	1548259928183	1548259929377	OK	 
REQUEST	CCDUI	2		TX02_HMCTSReform_CCD_submitLogin_get_casesview_WORKBASKET&state=TODO&page=1	1548259928091	1548259929403	OK	 
REQUEST	CCDUI	2		TX02_HMCTSReform_CCD_submitLogin_get_case-types_access_read	1548259928090	1548259929520	OK	 
REQUEST	CCDUI	1		TX05_HMCTSReform_CCD_CreateCase_Validate_validateFirstPage_options_validate	1548259930858	1548259930902	OK	 
REQUEST	CCDUI	1		TX05_HMCTSReform_CCD_CreateCase_Validate_validateFirstPage_post_validate	1548259930903	1548259931212	OK	 
REQUEST	CCDUI	1		TX06_HMCTSReform_CCD_CreateCase_Validate_validateSecondPage_options_validate	1548259932350	1548259932401	OK	 
REQUEST	CCDUI	1		TX06_HMCTSReform_CCD_CreateCase_Validate_validateSecondPage_post_validate	1548259932402	1548259932628	OK	 
REQUEST	CCDUI	2		TX03_HMCTSReform_CCD_CreateCase_ClickCreqteCaseButton_options_case-types?access=create	1548259935788	1548259935840	OK	 
REQUEST	CCDUI	2		TX03_HMCTSReform_CCD_CreateCase_ClickCreqteCaseButton_get_case-types?access=create	1548259935842	1548259939095	OK	 
REQUEST	CCDUI	1		TX07.1_HMCTSReform_CCD_CreateCase_UploadDocument_5MB.pdf	1548259933891	1548259949001	OK	 
REQUEST	CCDUI	2		TX04_HMCTSReform_CCD_CreateCase_startCaseCreation_options_ignore-warning=false	1548259951949	1548259952286	OK	 
REQUEST	CCDUI	1		TX07_HMCTSReform_CCD_CreateCase_Validate_validateThirdPage_options_validate	1548259952081	1548259952443	OK	 
REQUEST	CCDUI	1		TX07_HMCTSReform_CCD_CreateCase_Validate_validateThirdPage_post_validate	1548259952445	1548259952977	OK	 
REQUEST	CCDUI	1		TX08_HMCTSReform_CCD_CreateCase_SubmitCase_options_cases?ignore-warning=false	1548259954461	1548259954523	OK	 
REQUEST	CCDUI	1		TX08_HMCTSReform_CCD_CreateCase_SubmitCase_post_cases?ignore-warning=false	1548259954525	1548259955086	OK	 
REQUEST	CCDUI	2		TX04_HMCTSReform_CCD_CreateCase_startCaseCreation_get_II_ignore-warning=false	1548259952288	1548259955236	OK	 
REQUEST	CCDUI	2		TX04_HMCTSReform_CCD_CreateCase_startCaseCreation_get_ignore-warning=false	1548259952288	1548259955265	OK	 
REQUEST	CCDUI	1		TX09_HMCTSReform_CCD_CreateCase_NewCaseDisplay_options_get	1548259957061	1548259957103	OK	 
REQUEST	CCDUI	1		TX09_HMCTSReform_CCD_CreateCase_NewCaseDisplay_get	1548259957105	1548259957514	OK	 
REQUEST	CCDUI	1		TX09.1.1_HMCTSReform_CCD_CreateCase_NewCaseDisplayThirdTab_get	1548259958558	1548259959735	OK	 
REQUEST	CCDUI	1		TX09.1.2_HMCTSReform_CCD_CreateCase_get_5MB.pdf_ViewDocument	1548259961082	1548259971122	OK	 
REQUEST	CCDUI	1		TX09.1_HMCTSReform_CCD_UpdateCase_UpdateStart_options_start	1548259974000	1548259974047	OK	 
REQUEST	CCDUI	2		TX05_HMCTSReform_CCD_CreateCase_Validate_validateFirstPage_options_validate	1548259974069	1548259974108	OK	 
REQUEST	CCDUI	2		TX05_HMCTSReform_CCD_CreateCase_Validate_validateFirstPage_post_validate	1548259974110	1548259974631	OK	 
REQUEST	CCDUI	1		TX09.2_HMCTSReform_CCD_UpdateCase_UpdateStart_get_start	1548259974049	1548259975062	OK	 
REQUEST	CCDUI	2		TX06_HMCTSReform_CCD_CreateCase_Validate_validateSecondPage_options_validate	1548259976251	1548259976302	OK	 
REQUEST	CCDUI	2		TX06_HMCTSReform_CCD_CreateCase_Validate_validateSecondPage_post_validate	1548259976304	1548259976439	OK	 
REQUEST	CCDUI	1		TX09.3_HMCTSReform_CCD_UpdateCase_UpdateStart_POST_options_updatepoststart	1548259976650	1548259976701	OK	 
REQUEST	CCDUI	1		TX09.4_HMCTSReform_CCD_UpdateCase_UpdateStart_POST_updatepoststart	1548259976702	1548259977192	OK	 
REQUEST	CCDUI	1		TX09_HMCTSReform_CCD_CreateCase_NewCaseDisplay_options_get	1548259978640	1548259979238	OK	 
REQUEST	CCDUI	1		TX09_HMCTSReform_CCD_CreateCase_NewCaseDisplay_get	1548259979239	1548259980915	OK	 
REQUEST	CCDUI	1		TX09.4_HMCTSReform_CCD_UpdateCase_UpdateMarkAsDone_options_start	1548259982248	1548259982313	OK	 
REQUEST	CCDUI	1		TX09.5_HMCTSReform_CCD_UpdateCase_UpdateMarkAsDone_get_start	1548259982314	1548259982744	OK	 
REQUEST	CCDUI	2		TX07.1_HMCTSReform_CCD_CreateCase_UploadDocument_1MB.pdf	1548259978039	1548259982796	OK	 
REQUEST	CCDUI	1		TX09.6_HMCTSReform_CCD_UpdateCase_UpdateMarkAsDone_POST_options_updatepoststart	1548259983900	1548259983963	OK	 
REQUEST	CCDUI	1		TX09.7_HMCTSReform_CCD_UpdateCase_UpdateMarkAsDone_POST_updatepoststart	1548259983964	1548259985095	OK	 
REQUEST	CCDUI	2		TX07_HMCTSReform_CCD_CreateCase_Validate_validateThirdPage_options_validate	1548259986091	1548259986139	OK	 
REQUEST	CCDUI	2		TX07_HMCTSReform_CCD_CreateCase_Validate_validateThirdPage_post_validate	1548259986141	1548259986446	OK	 
REQUEST	CCDUI	1		TX09_HMCTSReform_CCD_CreateCase_NewCaseDisplay_options_get	1548259986699	1548259986753	OK	 
REQUEST	CCDUI	1		TX09_HMCTSReform_CCD_CreateCase_NewCaseDisplay_get	1548259986754	1548259987136	OK	 
REQUEST	CCDUI	2		TX08_HMCTSReform_CCD_CreateCase_SubmitCase_options_cases?ignore-warning=false	1548259987780	1548259987859	OK	 
REQUEST	CCDUI	2		TX08_HMCTSReform_CCD_CreateCase_SubmitCase_post_cases?ignore-warning=false	1548259987860	1548259988258	OK	 
REQUEST	CCDUI	1		TX10_HMCTSReform_CCD_UISearchAndViewCase_SearchRequest_ByJurisdiction_CaseType_State_option_work_basket_inputs	1548259988489	1548259988559	OK	 
REQUEST	CCDUI	1		TX11_HMCTSReform_CCD_UISearchAndViewCase_SearchRequest_ByJurisdiction_CaseType_State_get_work_basket_inputs	1548259988560	1548259988902	OK	 
REQUEST	CCDUI	2		TX09_HMCTSReform_CCD_CreateCase_NewCaseDisplay_options_get	1548259989709	1548259989753	OK	 
REQUEST	CCDUI	1		TX12_HMCTSReform_CCD_UISearchAndViewCase_SearchResult_ByJurisdiction_CaseType_State_optionscases_view_WORKBASKE	1548259990361	1548259990406	OK	 
REQUEST	CCDUI	1		TX13_HMCTSReform_CCD_UISearchAndViewCase_SearchResult_ByJurisdiction_CaseType_State_optionspagination_metadata	1548259990407	1548259990450	OK	 
REQUEST	CCDUI	2		TX09_HMCTSReform_CCD_CreateCase_NewCaseDisplay_get	1548259989754	1548259990578	OK	 
REQUEST	CCDUI	1		TX15_HMCTSReform_CCD_UISearchAndViewCase_SearchResult_ByJurisdiction_CaseType_State_getpagination_metadata	1548259990408	1548259990624	OK	 
REQUEST	CCDUI	1		TX14_HMCTSReform_CCD_UISearchAndViewCase_SearchResult_ByJurisdiction_CaseType_State_getcases_view_WORKBASKE	1548259990407	1548259990729	OK	 
REQUEST	CCDUI	1		TX16_HMCTSReform_CCD_UISearchAndViewCase_SelectAndViewCase_options	1548259992640	1548259993011	OK	 
REQUEST	CCDUI	2		TX09.1.1_HMCTSReform_CCD_CreateCase_NewCaseDisplayThirdTab_get	1548259992560	1548259993486	OK	 
REQUEST	CCDUI	1		TX17_HMCTSReform_CCD_UISearchAndViewCase_SelectAndViewCase_get	1548259993013	1548259995454	OK	 
REQUEST	CCDUI	1		TX20_HMCTSReform_CCD_Logout	1548259996650	1548259996696	OK	 
REQUEST	CCDUI	1		TX20_HMCTSReform_CCD_Logout_getLogout	1548259996699	1548259997039	OK	 
REQUEST	CCDUI	2		TX09.1.2_HMCTSReform_CCD_CreateCase_get_1MB.pdf_ViewDocument	1548259994578	1548259997179	OK	 
REQUEST	CCDUI	1		TX20_HMCTSReform_CCD_Logout	1548259998670	1548259998697	OK	 
REQUEST	CCDUI	2		TX09.4_HMCTSReform_CCD_UpdateCase_UpdateMarkAsDone_options_start	1548260000240	1548260000291	OK	 
REQUEST	CCDUI	1		TX01_HMCTSReform_CCD_Login	1548260000499	1548260000619	OK	 
REQUEST	CCDUI	1		TX01_HMCTSReform_CCD_Login_option_profile	1548260000622	1548260000650	OK	 
REQUEST	CCDUI	2		TX09.5_HMCTSReform_CCD_UpdateCase_UpdateMarkAsDone_get_start	1548260000292	1548260001052	OK	 
REQUEST	CCDUI	2		TX09.6_HMCTSReform_CCD_UpdateCase_UpdateMarkAsDone_POST_options_updatepoststart	1548260002258	1548260002302	OK	 
REQUEST	CCDUI	2		TX09.7_HMCTSReform_CCD_UpdateCase_UpdateMarkAsDone_POST_updatepoststart	1548260002304	1548260002521	OK	 
REQUEST	CCDUI	1		TX02_HMCTSReform_CCD_submitLogin	1548260002111	1548260002721	OK	 
REQUEST	CCDUI	1		TX02_HMCTSReform_CCD_submitLogin_get_config	1548260002722	1548260002750	OK	 
REQUEST	CCDUI	1		TX02_HMCTSReform_CCD_submitLogin_option_oauth2redirect	1548260002750	1548260002793	OK	 
REQUEST	CCDUI	1		TX02_HMCTSReform_CCD_submitLogin_get_oauth2redirect	1548260002793	1548260002901	OK	 
REQUEST	CCDUI	1		TX02_HMCTSReform_CCD_submitLogin_get_config	1548260002902	1548260002928	OK	 
REQUEST	CCDUI	1		TX02_HMCTSReform_CCD_submitLogin_option_profile	1548260002929	1548260002975	OK	 
REQUEST	CCDUI	1		TX02_HMCTSReform_CCD_submitLogin_get_profile	1548260002976	1548260003923	OK	 
REQUEST	CCDUI	2		TX09_HMCTSReform_CCD_CreateCase_NewCaseDisplay_options_get	1548260004150	1548260004222	OK	 
REQUEST	CCDUI	2		TX09_HMCTSReform_CCD_CreateCase_NewCaseDisplay_get	1548260004223	1548260005064	OK	 
REQUEST	CCDUI	1		TX02_HMCTSReform_CCD_submitLogin_option_case-types_access_read	1548260005909	1548260005956	OK	 
REQUEST	CCDUI	1		TX02_HMCTSReform_CCD_submitLogin_options_work-basket-inputs	1548260005959	1548260006014	OK	 
REQUEST	CCDUI	1		TX02_HMCTSReform_CCD_submitLogin_options_casesview_WORKBASKET&state=TODO&page=1	1548260005959	1548260006038	OK	 
REQUEST	CCDUI	1		TX02_HMCTSReform_CCD_submitLogin_options_pagination_metadata?state=TODO	1548260005959	1548260006167	OK	 
REQUEST	CCDUI	2		TX10_HMCTSReform_CCD_UISearchAndViewCase_SearchRequest_ByJurisdiction_CaseType_State_option_work_basket_inputs	1548260006431	1548260006730	OK	 
REQUEST	CCDUI	1		TX02_HMCTSReform_CCD_submitLogin_get_work-basket-inputs	1548260005960	1548260006953	OK	 
REQUEST	CCDUI	1		TX02_HMCTSReform_CCD_submitLogin_pagination_metadata?state=TODO	1548260006015	1548260006953	OK	 
REQUEST	CCDUI	2		TX11_HMCTSReform_CCD_UISearchAndViewCase_SearchRequest_ByJurisdiction_CaseType_State_get_work_basket_inputs	1548260006731	1548260006956	OK	 
REQUEST	CCDUI	1		TX02_HMCTSReform_CCD_submitLogin_get_casesview_WORKBASKET&state=TODO&page=1	1548260005961	1548260007290	OK	 
REQUEST	CCDUI	2		TX12_HMCTSReform_CCD_UISearchAndViewCase_SearchResult_ByJurisdiction_CaseType_State_optionscases_view_WORKBASKE	1548260008129	1548260008427	OK	 
REQUEST	CCDUI	1		TX02_HMCTSReform_CCD_submitLogin_get_case-types_access_read	1548260005959	1548260008449	OK	 
REQUEST	CCDUI	2		TX13_HMCTSReform_CCD_UISearchAndViewCase_SearchResult_ByJurisdiction_CaseType_State_optionspagination_metadata	1548260008428	1548260008607	OK	 
REQUEST	CCDUI	2		TX15_HMCTSReform_CCD_UISearchAndViewCase_SearchResult_ByJurisdiction_CaseType_State_getpagination_metadata	1548260008429	1548260008810	OK	 
REQUEST	CCDUI	2		TX14_HMCTSReform_CCD_UISearchAndViewCase_SearchResult_ByJurisdiction_CaseType_State_getcases_view_WORKBASKE	1548260008428	1548260010426	OK	 
REQUEST	CCDUI	2		TX16_HMCTSReform_CCD_UISearchAndViewCase_SelectAndViewCase_options	1548260012269	1548260012317	OK	 
REQUEST	CCDUI	2		TX17_HMCTSReform_CCD_UISearchAndViewCase_SelectAndViewCase_get	1548260012319	1548260012586	OK	 
REQUEST	CCDUI	2		TX20_HMCTSReform_CCD_Logout	1548260013901	1548260014010	OK	 
REQUEST	CCDUI	2		TX20_HMCTSReform_CCD_Logout_getLogout	1548260014013	1548260014236	OK	 
REQUEST	CCDUI	1		TX03_HMCTSReform_CCD_CreateCase_ClickCreqteCaseButton_options_case-types?access=create	1548260015010	1548260015332	OK	 
REQUEST	CCDUI	2		TX20_HMCTSReform_CCD_Logout	1548260015441	1548260015464	OK	 
REQUEST	CCDUI	2		TX01_HMCTSReform_CCD_Login	1548260016518	1548260016628	OK	 
REQUEST	CCDUI	2		TX01_HMCTSReform_CCD_Login_option_profile	1548260016631	1548260016659	OK	 
REQUEST	CCDUI	1		TX03_HMCTSReform_CCD_CreateCase_ClickCreqteCaseButton_get_case-types?access=create	1548260015333	1548260016659	OK	 
REQUEST	CCDUI	2		TX02_HMCTSReform_CCD_submitLogin	1548260018139	1548260018711	OK	 
REQUEST	CCDUI	2		TX02_HMCTSReform_CCD_submitLogin_get_config	1548260018712	1548260018738	OK	 
REQUEST	CCDUI	2		TX02_HMCTSReform_CCD_submitLogin_option_oauth2redirect	1548260018738	1548260018767	OK	 
REQUEST	CCDUI	2		TX02_HMCTSReform_CCD_submitLogin_get_oauth2redirect	1548260018768	1548260018889	OK	 
REQUEST	CCDUI	2		TX02_HMCTSReform_CCD_submitLogin_get_config	1548260018890	1548260018924	OK	 
REQUEST	CCDUI	2		TX02_HMCTSReform_CCD_submitLogin_option_profile	1548260018925	1548260018987	OK	 
REQUEST	CCDUI	2		TX02_HMCTSReform_CCD_submitLogin_get_profile	1548260018988	1548260020237	OK	 
REQUEST	CCDUI	2		TX02_HMCTSReform_CCD_submitLogin_option_case-types_access_read	1548260022219	1548260022270	OK	 
REQUEST	CCDUI	2		TX02_HMCTSReform_CCD_submitLogin_options_casesview_WORKBASKET&state=TODO&page=1	1548260022274	1548260022580	OK	 
REQUEST	CCDUI	2		TX02_HMCTSReform_CCD_submitLogin_options_work-basket-inputs	1548260022273	1548260022582	OK	 
REQUEST	CCDUI	2		TX02_HMCTSReform_CCD_submitLogin_options_pagination_metadata?state=TODO	1548260022274	1548260022748	OK	 
REQUEST	CCDUI	2		TX02_HMCTSReform_CCD_submitLogin_pagination_metadata?state=TODO	1548260022581	1548260023415	OK	 
REQUEST	CCDUI	2		TX02_HMCTSReform_CCD_submitLogin_get_work-basket-inputs	1548260022275	1548260023679	OK	 
REQUEST	CCDUI	2		TX02_HMCTSReform_CCD_submitLogin_get_casesview_WORKBASKET&state=TODO&page=1	1548260022275	1548260023845	OK	 
REQUEST	CCDUI	2		TX02_HMCTSReform_CCD_submitLogin_get_case-types_access_read	1548260022273	1548260024277	OK	 
REQUEST	CCDUI	2		TX03_HMCTSReform_CCD_CreateCase_ClickCreqteCaseButton_options_case-types?access=create	1548260030909	1548260030963	OK	 
REQUEST	CCDUI	2		TX03_HMCTSReform_CCD_CreateCase_ClickCreqteCaseButton_get_case-types?access=create	1548260030965	1548260031711	OK	 
REQUEST	CCDUI	1		TX04_HMCTSReform_CCD_CreateCase_startCaseCreation_options_ignore-warning=false	1548260036531	1548260036770	OK	 
REQUEST	CCDUI	1		TX04_HMCTSReform_CCD_CreateCase_startCaseCreation_get_II_ignore-warning=false	1548260036772	1548260038494	OK	 
REQUEST	CCDUI	1		TX04_HMCTSReform_CCD_CreateCase_startCaseCreation_get_ignore-warning=false	1548260036771	1548260041097	OK	 
REQUEST	CCDUI	2		TX04_HMCTSReform_CCD_CreateCase_startCaseCreation_options_ignore-warning=false	1548260046219	1548260046263	OK	 
REQUEST	CCDUI	2		TX04_HMCTSReform_CCD_CreateCase_startCaseCreation_get_ignore-warning=false	1548260046264	1548260047578	OK	 
REQUEST	CCDUI	2		TX04_HMCTSReform_CCD_CreateCase_startCaseCreation_get_II_ignore-warning=false	1548260046265	1548260047584	OK	 
REQUEST	CCDUI	1		TX05_HMCTSReform_CCD_CreateCase_Validate_validateFirstPage_options_validate	1548260056821	1548260056928	OK	 
REQUEST	CCDUI	1		TX05_HMCTSReform_CCD_CreateCase_Validate_validateFirstPage_post_validate	1548260056930	1548260057371	OK	 
REQUEST	CCDUI	1		TX06_HMCTSReform_CCD_CreateCase_Validate_validateSecondPage_options_validate	1548260059001	1548260059058	OK	 
REQUEST	CCDUI	1		TX06_HMCTSReform_CCD_CreateCase_Validate_validateSecondPage_post_validate	1548260059060	1548260059423	OK	 
REQUEST	CCDUI	2		TX05_HMCTSReform_CCD_CreateCase_Validate_validateFirstPage_options_validate	1548260060520	1548260060568	OK	 
REQUEST	CCDUI	2		TX05_HMCTSReform_CCD_CreateCase_Validate_validateFirstPage_post_validate	1548260060569	1548260060707	OK	 
REQUEST	CCDUI	2		TX06_HMCTSReform_CCD_CreateCase_Validate_validateSecondPage_options_validate	1548260062658	1548260062830	OK	 
REQUEST	CCDUI	2		TX06_HMCTSReform_CCD_CreateCase_Validate_validateSecondPage_post_validate	1548260062831	1548260062960	OK	 
REQUEST	CCDUI	1		TX07.1_HMCTSReform_CCD_CreateCase_UploadDocument_2MB.pdf	1548260060622	1548260067173	OK	 
REQUEST	CCDUI	2		TX07.1_HMCTSReform_CCD_CreateCase_UploadDocument_2MB.pdf	1548260064529	1548260069013	OK	 
REQUEST	CCDUI	1		TX07_HMCTSReform_CCD_CreateCase_Validate_validateThirdPage_options_validate	1548260070190	1548260070230	OK	 
REQUEST	CCDUI	1		TX07_HMCTSReform_CCD_CreateCase_Validate_validateThirdPage_post_validate	1548260070231	1548260070480	OK	 
REQUEST	CCDUI	1		TX08_HMCTSReform_CCD_CreateCase_SubmitCase_options_cases?ignore-warning=false	1548260071511	1548260071550	OK	 
REQUEST	CCDUI	1		TX08_HMCTSReform_CCD_CreateCase_SubmitCase_post_cases?ignore-warning=false	1548260071552	1548260072225	OK	 
REQUEST	CCDUI	2		TX07_HMCTSReform_CCD_CreateCase_Validate_validateThirdPage_options_validate	1548260072229	1548260072291	OK	 
REQUEST	CCDUI	2		TX07_HMCTSReform_CCD_CreateCase_Validate_validateThirdPage_post_validate	1548260072292	1548260072416	OK	 
REQUEST	CCDUI	2		TX08_HMCTSReform_CCD_CreateCase_SubmitCase_options_cases?ignore-warning=false	1548260073431	1548260073584	OK	 
REQUEST	CCDUI	2		TX08_HMCTSReform_CCD_CreateCase_SubmitCase_post_cases?ignore-warning=false	1548260073586	1548260073778	OK	 
REQUEST	CCDUI	1		TX09_HMCTSReform_CCD_CreateCase_NewCaseDisplay_options_get	1548260073808	1548260074226	OK	 
REQUEST	CCDUI	1		TX09_HMCTSReform_CCD_CreateCase_NewCaseDisplay_get	1548260074227	1548260074595	OK	 
REQUEST	CCDUI	2		TX09_HMCTSReform_CCD_CreateCase_NewCaseDisplay_options_get	1548260075470	1548260075608	OK	 
REQUEST	CCDUI	2		TX09_HMCTSReform_CCD_CreateCase_NewCaseDisplay_get	1548260075610	1548260076215	OK	 
REQUEST	CCDUI	1		TX09.1.1_HMCTSReform_CCD_CreateCase_NewCaseDisplayThirdTab_get	1548260076289	1548260076542	OK	 
REQUEST	CCDUI	2		TX09.1.1_HMCTSReform_CCD_CreateCase_NewCaseDisplayThirdTab_get	1548260077268	1548260077489	OK	 
REQUEST	CCDUI	1		TX09.1.2_HMCTSReform_CCD_CreateCase_get_2MB.pdf_ViewDocument	1548260078041	1548260079957	OK	 
REQUEST	CCDUI	2		TX09.1.2_HMCTSReform_CCD_CreateCase_get_2MB.pdf_ViewDocument	1548260079110	1548260080931	OK	 
USER	CCDUI	2	END	1548259780282	1548260080949
USER	CCDUI	1	END	1548259780137	1548260081699
