RUN	uk.gov.hmcts.ccd.corecasedata.simulations.CCDUIPTSimulation		ccduiptsimulation	1548249036988	 	2.0
USER	CCDUI	1	START	1548249037812	1548249037812
REQUEST	CCDUI	1		TX20_HMCTSReform_CCD_Logout	1548249037839	1548249038169	OK	 
REQUEST	CCDUI	1		TX20_HMCTSReform_CCD_Logout_getLogout	1548249038214	1548249038242	OK	 
REQUEST	CCDUI	1		TX20_HMCTSReform_CCD_Logout_gov.uk_logotype_crown_invert_trans.png	1548249038257	1548249038481	OK	 
REQUEST	CCDUI	1		TX20_HMCTSReform_CCD_Logout_govuk-template-print.css	1548249038258	1548249038547	OK	 
REQUEST	CCDUI	1		TX20_HMCTSReform_CCD_Logout_govuk-template.js	1548249038258	1548249038547	OK	 
REQUEST	CCDUI	1		TX20_HMCTSReform_CCD_Logout_govuk-template.css	1548249038255	1548249038617	OK	 
REQUEST	CCDUI	1		TX20_HMCTSReform_CCD_Logout_open-government-licence_2x.png	1548249038549	1548249038639	OK	 
REQUEST	CCDUI	1		TX20_HMCTSReform_CCD_Logout_gov.uk_logotype_crown.png	1548249038563	1548249038639	OK	 
REQUEST	CCDUI	1		TX20_HMCTSReform_CCD_Logout_govuk-crest-2x.png	1548249038488	1548249038640	OK	 
REQUEST	CCDUI	1		TX20_HMCTSReform_CCD_Logout_getRedirectURL	1548249038215	1548249038647	OK	 
REQUEST	CCDUI	1		TX20_HMCTSReform_CCD_Logout_fonts.css	1548249038256	1548249039179	OK	 
REQUEST	CCDUI	1		TX01_HMCTSReform_CCD_Login	1548249040223	1548249040528	OK	 
REQUEST	CCDUI	1		TX01_HMCTSReform_CCD_Login_option_profile	1548249040535	1548249040562	OK	 
REQUEST	CCDUI	1		TX01_HMCTSReform_CCD_Login_get_config	1548249040540	1548249040570	OK	 
REQUEST	CCDUI	1		TX01_HMCTSReform_CCD_Login_get_profile	1548249040535	1548249040625	OK	 
REQUEST	CCDUI	1		TX01_HMCTSReform_CCD_Login_gov.uk_logotype_crown_invert_trans.png?	1548249040538	1548249040647	OK	 
REQUEST	CCDUI	1		TX01_HMCTSReform_CCD_Login_govuk-template-print.css	1548249040539	1548249040660	OK	 
REQUEST	CCDUI	1		TX01_HMCTSReform_CCD_Login_govuk-template.js	1548249040539	1548249040663	OK	 
REQUEST	CCDUI	1		TX01_HMCTSReform_CCD_Login_open-government-licence_2x.png	1548249040664	1548249040774	OK	 
REQUEST	CCDUI	1		TX01_HMCTSReform_CCD_Login_gov.uk_logotype_crown.png	1548249040665	1548249040797	OK	 
REQUEST	CCDUI	1		TX01_HMCTSReform_CCD_Login_govuk-template.css	1548249040538	1548249040827	OK	 
REQUEST	CCDUI	1		TX01_HMCTSReform_CCD_Login_govuk-crest-2x.png	1548249040649	1548249040842	OK	 
REQUEST	CCDUI	1		TX01_HMCTSReform_CCD_Login_redirectURL	1548249040536	1548249040772	OK	 
REQUEST	CCDUI	1		TX01_HMCTSReform_CCD_Login_fonts.css	1548249040538	1548249042404	OK	 
REQUEST	CCDUI	1		TX02_HMCTSReform_CCD_submitLogin	1548249043910	1548249046751	OK	 
REQUEST	CCDUI	1		TX02_HMCTSReform_CCD_submitLogin_get_config	1548249046758	1548249046795	OK	 
REQUEST	CCDUI	1		TX02_HMCTSReform_CCD_submitLogin_option_oauth2redirect	1548249046801	1548249046842	OK	 
REQUEST	CCDUI	1		TX02_HMCTSReform_CCD_submitLogin_get_oauth2redirect	1548249046843	1548249046967	OK	 
REQUEST	CCDUI	1		TX02_HMCTSReform_CCD_submitLogin_get_config	1548249046968	1548249046992	OK	 
REQUEST	CCDUI	1		TX02_HMCTSReform_CCD_submitLogin_option_profile	1548249046996	1548249047039	OK	 
REQUEST	CCDUI	1		TX02_HMCTSReform_CCD_submitLogin_get_profile	1548249047040	1548249048427	OK	 
REQUEST	CCDUI	1		TX02_HMCTSReform_CCD_submitLogin_option_case-types_access_read	1548249050410	1548249050463	OK	 
REQUEST	CCDUI	1		TX02_HMCTSReform_CCD_submitLogin_options_work-basket-inputs	1548249050470	1548249050546	OK	 
REQUEST	CCDUI	1		TX02_HMCTSReform_CCD_submitLogin_options_pagination_metadata?state=TODO	1548249050471	1548249050616	OK	 
REQUEST	CCDUI	1		TX02_HMCTSReform_CCD_submitLogin_options_casesview_WORKBASKET&state=TODO&page=1	1548249050470	1548249050639	OK	 
REQUEST	CCDUI	1		TX02_HMCTSReform_CCD_submitLogin_get_case-types_access_read	1548249050470	1548249051729	OK	 
REQUEST	CCDUI	1		TX02_HMCTSReform_CCD_submitLogin_get_work-basket-inputs	1548249050471	1548249051753	OK	 
REQUEST	CCDUI	1		TX02_HMCTSReform_CCD_submitLogin_pagination_metadata?state=TODO	1548249050548	1548249052026	OK	 
REQUEST	CCDUI	1		TX02_HMCTSReform_CCD_submitLogin_get_casesview_WORKBASKET&state=TODO&page=1	1548249050472	1548249052820	OK	 
REQUEST	CCDUI	1		TX03_HMCTSReform_CCD_CreateCase_ClickCreqteCaseButton_options_case-types?access=create	1548249059433	1548249059487	OK	 
REQUEST	CCDUI	1		TX03_HMCTSReform_CCD_CreateCase_ClickCreqteCaseButton_get_case-types?access=create	1548249059489	1548249060140	OK	 
REQUEST	CCDUI	1		TX04_HMCTSReform_CCD_CreateCase_startCaseCreation_options_ignore-warning=false	1548249076913	1548249076962	OK	 
REQUEST	CCDUI	1		TX04_HMCTSReform_CCD_CreateCase_startCaseCreation_get_ignore-warning=false	1548249076965	1548249078328	OK	 
REQUEST	CCDUI	1		TX04_HMCTSReform_CCD_CreateCase_startCaseCreation_get_II_ignore-warning=false	1548249076965	1548249078322	OK	 
REQUEST	CCDUI	1		TX05_HMCTSReform_CCD_CreateCase_Validate_validateFirstPage_options_validate	1548249090763	1548249090827	OK	 
REQUEST	CCDUI	1		TX05_HMCTSReform_CCD_CreateCase_Validate_validateFirstPage_post_validate	1548249090834	1548249091191	OK	 
REQUEST	CCDUI	1		TX06_HMCTSReform_CCD_CreateCase_Validate_validateSecondPage_options_validate	1548249093121	1548249093172	OK	 
REQUEST	CCDUI	1		TX06_HMCTSReform_CCD_CreateCase_Validate_validateSecondPage_post_validate	1548249093174	1548249093548	OK	 
REQUEST	CCDUI	1		TX07.1_HMCTSReform_CCD_CreateCase_UploadDocument_5MB.pdf	1548249094664	1548249110239	OK	 
REQUEST	CCDUI	1		TX07_HMCTSReform_CCD_CreateCase_Validate_validateThirdPage_options_validate	1548249112930	1548249113171	OK	 
REQUEST	CCDUI	1		TX07_HMCTSReform_CCD_CreateCase_Validate_validateThirdPage_post_validate	1548249113174	1548249114158	OK	 
REQUEST	CCDUI	1		TX08_HMCTSReform_CCD_CreateCase_SubmitCase_options_cases?ignore-warning=false	1548249115151	1548249115287	OK	 
REQUEST	CCDUI	1		TX08_HMCTSReform_CCD_CreateCase_SubmitCase_post_cases?ignore-warning=false	1548249115290	1548249116232	OK	 
REQUEST	CCDUI	1		TX09_HMCTSReform_CCD_CreateCase_NewCaseDisplay_options_get	1548249118121	1548249118164	OK	 
REQUEST	CCDUI	1		TX09_HMCTSReform_CCD_CreateCase_NewCaseDisplay_get	1548249118165	1548249118606	OK	 
REQUEST	CCDUI	1		TX09.1.1_HMCTSReform_CCD_CreateCase_NewCaseDisplayThirdTab_get	1548249119970	1548249121057	OK	 
REQUEST	CCDUI	1		TX09.1.2_HMCTSReform_CCD_CreateCase_get_5MB.pdf_ViewDocument	1548249122942	1548249133437	OK	 
REQUEST	CCDUI	1		TX09.4_HMCTSReform_CCD_UpdateCase_UpdateMarkAsDone_options_start	1548249136704	1548249136757	OK	 
REQUEST	CCDUI	1		TX09.5_HMCTSReform_CCD_UpdateCase_UpdateMarkAsDone_get_start	1548249136759	1548249137507	OK	 
REQUEST	CCDUI	1		TX09.6_HMCTSReform_CCD_UpdateCase_UpdateMarkAsDone_POST_options_updatepoststart	1548249139219	1548249139265	OK	 
REQUEST	CCDUI	1		TX09.7_HMCTSReform_CCD_UpdateCase_UpdateMarkAsDone_POST_updatepoststart	1548249139267	1548249139678	OK	 
REQUEST	CCDUI	1		TX09_HMCTSReform_CCD_CreateCase_NewCaseDisplay_options_get	1548249141470	1548249141561	OK	 
REQUEST	CCDUI	1		TX09_HMCTSReform_CCD_CreateCase_NewCaseDisplay_get	1548249141565	1548249142882	OK	 
REQUEST	CCDUI	1		TX10_HMCTSReform_CCD_UISearchAndViewCase_SearchRequest_ByJurisdiction_CaseType_State_option_work_basket_inputs	1548249144882	1548249145091	OK	 
REQUEST	CCDUI	1		TX11_HMCTSReform_CCD_UISearchAndViewCase_SearchRequest_ByJurisdiction_CaseType_State_get_work_basket_inputs	1548249145093	1548249145252	OK	 
REQUEST	CCDUI	1		TX12_HMCTSReform_CCD_UISearchAndViewCase_SearchResult_ByJurisdiction_CaseType_State_optionscases_view_WORKBASKE	1548249146371	1548249146418	OK	 
REQUEST	CCDUI	1		TX13_HMCTSReform_CCD_UISearchAndViewCase_SearchResult_ByJurisdiction_CaseType_State_optionspagination_metadata	1548249146419	1548249146464	OK	 
REQUEST	CCDUI	1		TX15_HMCTSReform_CCD_UISearchAndViewCase_SearchResult_ByJurisdiction_CaseType_State_getpagination_metadata	1548249146420	1548249146654	OK	 
REQUEST	CCDUI	1		TX14_HMCTSReform_CCD_UISearchAndViewCase_SearchResult_ByJurisdiction_CaseType_State_getcases_view_WORKBASKE	1548249146420	1548249146751	OK	 
REQUEST	CCDUI	1		TX16_HMCTSReform_CCD_UISearchAndViewCase_SelectAndViewCase_options	1548249148050	1548249148100	OK	 
REQUEST	CCDUI	1		TX17_HMCTSReform_CCD_UISearchAndViewCase_SelectAndViewCase_get	1548249148102	1548249149004	OK	 
REQUEST	CCDUI	1		TX20_HMCTSReform_CCD_Logout	1548249150180	1548249150225	OK	 
REQUEST	CCDUI	1		TX20_HMCTSReform_CCD_Logout_getLogout	1548249150230	1548249150481	OK	 
REQUEST	CCDUI	1		TX20_HMCTSReform_CCD_Logout	1548249152184	1548249152208	OK	 
REQUEST	CCDUI	1		TX01_HMCTSReform_CCD_Login	1548249153831	1548249154359	OK	 
REQUEST	CCDUI	1		TX01_HMCTSReform_CCD_Login_option_profile	1548249154363	1548249154402	OK	 
REQUEST	CCDUI	1		TX02_HMCTSReform_CCD_submitLogin	1548249155532	1548249157551	OK	 
REQUEST	CCDUI	1		TX02_HMCTSReform_CCD_submitLogin_get_config	1548249157553	1548249157589	OK	 
REQUEST	CCDUI	1		TX02_HMCTSReform_CCD_submitLogin_option_oauth2redirect	1548249157590	1548249157630	OK	 
REQUEST	CCDUI	1		TX02_HMCTSReform_CCD_submitLogin_get_oauth2redirect	1548249157632	1548249157759	OK	 
REQUEST	CCDUI	1		TX02_HMCTSReform_CCD_submitLogin_get_config	1548249157760	1548249157787	OK	 
REQUEST	CCDUI	1		TX02_HMCTSReform_CCD_submitLogin_option_profile	1548249157788	1548249157832	OK	 
REQUEST	CCDUI	1		TX02_HMCTSReform_CCD_submitLogin_get_profile	1548249157833	1548249159114	OK	 
REQUEST	CCDUI	1		TX02_HMCTSReform_CCD_submitLogin_option_case-types_access_read	1548249161111	1548249161162	OK	 
REQUEST	CCDUI	1		TX02_HMCTSReform_CCD_submitLogin_options_work-basket-inputs	1548249161165	1548249161223	OK	 
REQUEST	CCDUI	1		TX02_HMCTSReform_CCD_submitLogin_options_casesview_WORKBASKET&state=TODO&page=1	1548249161168	1548249161240	OK	 
REQUEST	CCDUI	1		TX02_HMCTSReform_CCD_submitLogin_options_pagination_metadata?state=TODO	1548249161168	1548249161353	OK	 
REQUEST	CCDUI	1		TX02_HMCTSReform_CCD_submitLogin_get_work-basket-inputs	1548249161169	1548249162155	OK	 
REQUEST	CCDUI	1		TX02_HMCTSReform_CCD_submitLogin_get_casesview_WORKBASKET&state=TODO&page=1	1548249161169	1548249162212	OK	 
REQUEST	CCDUI	1		TX02_HMCTSReform_CCD_submitLogin_get_case-types_access_read	1548249161165	1548249162266	OK	 
REQUEST	CCDUI	1		TX02_HMCTSReform_CCD_submitLogin_pagination_metadata?state=TODO	1548249161224	1548249162563	OK	 
REQUEST	CCDUI	1		TX03_HMCTSReform_CCD_CreateCase_ClickCreqteCaseButton_options_case-types?access=create	1548249169040	1548249170329	OK	 
REQUEST	CCDUI	1		TX03_HMCTSReform_CCD_CreateCase_ClickCreqteCaseButton_get_case-types?access=create	1548249170331	1548249171269	OK	 
REQUEST	CCDUI	1		TX04_HMCTSReform_CCD_CreateCase_startCaseCreation_options_ignore-warning=false	1548249191192	1548249191239	OK	 
REQUEST	CCDUI	1		TX04_HMCTSReform_CCD_CreateCase_startCaseCreation_get_ignore-warning=false	1548249191241	1548249192129	OK	 
REQUEST	CCDUI	1		TX04_HMCTSReform_CCD_CreateCase_startCaseCreation_get_II_ignore-warning=false	1548249191242	1548249192138	OK	 
REQUEST	CCDUI	1		TX05_HMCTSReform_CCD_CreateCase_Validate_validateFirstPage_options_validate	1548249202310	1548249202356	OK	 
REQUEST	CCDUI	1		TX05_HMCTSReform_CCD_CreateCase_Validate_validateFirstPage_post_validate	1548249202358	1548249202669	OK	 
REQUEST	CCDUI	1		TX06_HMCTSReform_CCD_CreateCase_Validate_validateSecondPage_options_validate	1548249203831	1548249204141	OK	 
REQUEST	CCDUI	1		TX06_HMCTSReform_CCD_CreateCase_Validate_validateSecondPage_post_validate	1548249204144	1548249204446	OK	 
REQUEST	CCDUI	1		TX07.1_HMCTSReform_CCD_CreateCase_UploadDocument_1MB.pdf	1548249206350	1548249209820	OK	 
REQUEST	CCDUI	1		TX07_HMCTSReform_CCD_CreateCase_Validate_validateThirdPage_options_validate	1548249212790	1548249213225	OK	 
REQUEST	CCDUI	1		TX07_HMCTSReform_CCD_CreateCase_Validate_validateThirdPage_post_validate	1548249213227	1548249213390	OK	 
REQUEST	CCDUI	1		TX08_HMCTSReform_CCD_CreateCase_SubmitCase_options_cases?ignore-warning=false	1548249215152	1548249215243	OK	 
REQUEST	CCDUI	1		TX08_HMCTSReform_CCD_CreateCase_SubmitCase_post_cases?ignore-warning=false	1548249215244	1548249216298	OK	 
REQUEST	CCDUI	1		TX09_HMCTSReform_CCD_CreateCase_NewCaseDisplay_options_get	1548249217420	1548249217483	OK	 
REQUEST	CCDUI	1		TX09_HMCTSReform_CCD_CreateCase_NewCaseDisplay_get	1548249217484	1548249218023	OK	 
REQUEST	CCDUI	1		TX09.1.1_HMCTSReform_CCD_CreateCase_NewCaseDisplayThirdTab_get	1548249219691	1548249220464	OK	 
REQUEST	CCDUI	1		TX09.1.2_HMCTSReform_CCD_CreateCase_get_1MB.pdf_ViewDocument	1548249221661	1548249222655	OK	 
REQUEST	CCDUI	1		TX09.4_HMCTSReform_CCD_UpdateCase_UpdateMarkAsDone_options_start	1548249225962	1548249226097	OK	 
REQUEST	CCDUI	1		TX09.5_HMCTSReform_CCD_UpdateCase_UpdateMarkAsDone_get_start	1548249226099	1548249226782	OK	 
REQUEST	CCDUI	1		TX09.6_HMCTSReform_CCD_UpdateCase_UpdateMarkAsDone_POST_options_updatepoststart	1548249228720	1548249229056	OK	 
REQUEST	CCDUI	1		TX09.7_HMCTSReform_CCD_UpdateCase_UpdateMarkAsDone_POST_updatepoststart	1548249229057	1548249229431	OK	 
REQUEST	CCDUI	1		TX09_HMCTSReform_CCD_CreateCase_NewCaseDisplay_options_get	1548249231391	1548249231438	OK	 
REQUEST	CCDUI	1		TX09_HMCTSReform_CCD_CreateCase_NewCaseDisplay_get	1548249231439	1548249232607	OK	 
REQUEST	CCDUI	1		TX10_HMCTSReform_CCD_UISearchAndViewCase_SearchRequest_ByJurisdiction_CaseType_State_option_work_basket_inputs	1548249233781	1548249233834	OK	 
REQUEST	CCDUI	1		TX11_HMCTSReform_CCD_UISearchAndViewCase_SearchRequest_ByJurisdiction_CaseType_State_get_work_basket_inputs	1548249233835	1548249234045	OK	 
REQUEST	CCDUI	1		TX12_HMCTSReform_CCD_UISearchAndViewCase_SearchResult_ByJurisdiction_CaseType_State_optionscases_view_WORKBASKE	1548249235143	1548249235195	OK	 
REQUEST	CCDUI	1		TX13_HMCTSReform_CCD_UISearchAndViewCase_SearchResult_ByJurisdiction_CaseType_State_optionspagination_metadata	1548249235198	1548249235244	OK	 
REQUEST	CCDUI	1		TX14_HMCTSReform_CCD_UISearchAndViewCase_SearchResult_ByJurisdiction_CaseType_State_getcases_view_WORKBASKE	1548249235198	1548249235511	OK	 
REQUEST	CCDUI	1		TX15_HMCTSReform_CCD_UISearchAndViewCase_SearchResult_ByJurisdiction_CaseType_State_getpagination_metadata	1548249235198	1548249235898	OK	 
REQUEST	CCDUI	1		TX16_HMCTSReform_CCD_UISearchAndViewCase_SelectAndViewCase_options	1548249237361	1548249237411	OK	 
REQUEST	CCDUI	1		TX17_HMCTSReform_CCD_UISearchAndViewCase_SelectAndViewCase_get	1548249237413	1548249238512	OK	 
REQUEST	CCDUI	1		TX20_HMCTSReform_CCD_Logout	1548249239881	1548249240222	OK	 
REQUEST	CCDUI	1		TX20_HMCTSReform_CCD_Logout_getLogout	1548249240226	1548249240433	OK	 
REQUEST	CCDUI	1		TX20_HMCTSReform_CCD_Logout	1548249242270	1548249242478	OK	 
REQUEST	CCDUI	1		TX01_HMCTSReform_CCD_Login	1548249243883	1548249244014	OK	 
REQUEST	CCDUI	1		TX01_HMCTSReform_CCD_Login_option_profile	1548249244018	1548249244045	OK	 
REQUEST	CCDUI	1		TX02_HMCTSReform_CCD_submitLogin	1548249245640	1548249246112	OK	 
REQUEST	CCDUI	1		TX02_HMCTSReform_CCD_submitLogin_get_config	1548249246114	1548249246149	OK	 
REQUEST	CCDUI	1		TX02_HMCTSReform_CCD_submitLogin_option_oauth2redirect	1548249246150	1548249246177	OK	 
REQUEST	CCDUI	1		TX02_HMCTSReform_CCD_submitLogin_get_oauth2redirect	1548249246177	1548249246312	OK	 
REQUEST	CCDUI	1		TX02_HMCTSReform_CCD_submitLogin_get_config	1548249246313	1548249246342	OK	 
REQUEST	CCDUI	1		TX02_HMCTSReform_CCD_submitLogin_option_profile	1548249246343	1548249246392	OK	 
REQUEST	CCDUI	1		TX02_HMCTSReform_CCD_submitLogin_get_profile	1548249246393	1548249247225	OK	 
REQUEST	CCDUI	1		TX02_HMCTSReform_CCD_submitLogin_option_case-types_access_read	1548249249222	1548249249291	OK	 
REQUEST	CCDUI	1		TX02_HMCTSReform_CCD_submitLogin_options_work-basket-inputs	1548249249294	1548249249360	OK	 
REQUEST	CCDUI	1		TX02_HMCTSReform_CCD_submitLogin_options_casesview_WORKBASKET&state=TODO&page=1	1548249249294	1548249249373	OK	 
REQUEST	CCDUI	1		TX02_HMCTSReform_CCD_submitLogin_options_pagination_metadata?state=TODO	1548249249295	1548249249454	OK	 
REQUEST	CCDUI	1		TX02_HMCTSReform_CCD_submitLogin_get_work-basket-inputs	1548249249295	1548249249737	OK	 
REQUEST	CCDUI	1		TX02_HMCTSReform_CCD_submitLogin_pagination_metadata?state=TODO	1548249249360	1548249249825	OK	 
REQUEST	CCDUI	1		TX02_HMCTSReform_CCD_submitLogin_get_case-types_access_read	1548249249294	1548249249932	OK	 
REQUEST	CCDUI	1		TX02_HMCTSReform_CCD_submitLogin_get_casesview_WORKBASKET&state=TODO&page=1	1548249249296	1548249249941	OK	 
REQUEST	CCDUI	1		TX03_HMCTSReform_CCD_CreateCase_ClickCreqteCaseButton_options_case-types?access=create	1548249256150	1548249256543	OK	 
REQUEST	CCDUI	1		TX03_HMCTSReform_CCD_CreateCase_ClickCreqteCaseButton_get_case-types?access=create	1548249256544	1548249257280	OK	 
REQUEST	CCDUI	1		TX04_HMCTSReform_CCD_CreateCase_startCaseCreation_options_ignore-warning=false	1548249270921	1548249271227	OK	 
REQUEST	CCDUI	1		TX04_HMCTSReform_CCD_CreateCase_startCaseCreation_get_ignore-warning=false	1548249271228	1548249271979	OK	 
REQUEST	CCDUI	1		TX04_HMCTSReform_CCD_CreateCase_startCaseCreation_get_II_ignore-warning=false	1548249271228	1548249272018	OK	 
REQUEST	CCDUI	1		TX05_HMCTSReform_CCD_CreateCase_Validate_validateFirstPage_options_validate	1548249282639	1548249282767	OK	 
REQUEST	CCDUI	1		TX05_HMCTSReform_CCD_CreateCase_Validate_validateFirstPage_post_validate	1548249282769	1548249283206	OK	 
REQUEST	CCDUI	1		TX06_HMCTSReform_CCD_CreateCase_Validate_validateSecondPage_options_validate	1548249285021	1548249285120	OK	 
REQUEST	CCDUI	1		TX06_HMCTSReform_CCD_CreateCase_Validate_validateSecondPage_post_validate	1548249285122	1548249285405	OK	 
REQUEST	CCDUI	1		TX07.1_HMCTSReform_CCD_CreateCase_UploadDocument_1MB.pdf	1548249286573	1548249290386	OK	 
REQUEST	CCDUI	1		TX07_HMCTSReform_CCD_CreateCase_Validate_validateThirdPage_options_validate	1548249292922	1548249292970	OK	 
REQUEST	CCDUI	1		TX07_HMCTSReform_CCD_CreateCase_Validate_validateThirdPage_post_validate	1548249292971	1548249293436	OK	 
REQUEST	CCDUI	1		TX08_HMCTSReform_CCD_CreateCase_SubmitCase_options_cases?ignore-warning=false	1548249295140	1548249295292	OK	 
REQUEST	CCDUI	1		TX08_HMCTSReform_CCD_CreateCase_SubmitCase_post_cases?ignore-warning=false	1548249295293	1548249295690	OK	 
REQUEST	CCDUI	1		TX09_HMCTSReform_CCD_CreateCase_NewCaseDisplay_options_get	1548249297530	1548249297710	OK	 
REQUEST	CCDUI	1		TX09_HMCTSReform_CCD_CreateCase_NewCaseDisplay_get	1548249297712	1548249298348	OK	 
REQUEST	CCDUI	1		TX09.1.1_HMCTSReform_CCD_CreateCase_NewCaseDisplayThirdTab_get	1548249300072	1548249300377	OK	 
REQUEST	CCDUI	1		TX09.1.2_HMCTSReform_CCD_CreateCase_get_1MB.pdf_ViewDocument	1548249302141	1548249303712	OK	 
REQUEST	CCDUI	1		TX09.4_HMCTSReform_CCD_UpdateCase_UpdateMarkAsDone_options_start	1548249306763	1548249306812	OK	 
REQUEST	CCDUI	1		TX09.5_HMCTSReform_CCD_UpdateCase_UpdateMarkAsDone_get_start	1548249306814	1548249307666	OK	 
REQUEST	CCDUI	1		TX09.6_HMCTSReform_CCD_UpdateCase_UpdateMarkAsDone_POST_options_updatepoststart	1548249308729	1548249308773	OK	 
REQUEST	CCDUI	1		TX09.7_HMCTSReform_CCD_UpdateCase_UpdateMarkAsDone_POST_updatepoststart	1548249308774	1548249309203	OK	 
REQUEST	CCDUI	1		TX09_HMCTSReform_CCD_CreateCase_NewCaseDisplay_options_get	1548249311061	1548249311210	OK	 
REQUEST	CCDUI	1		TX09_HMCTSReform_CCD_CreateCase_NewCaseDisplay_get	1548249311211	1548249312205	OK	 
REQUEST	CCDUI	1		TX10_HMCTSReform_CCD_UISearchAndViewCase_SearchRequest_ByJurisdiction_CaseType_State_option_work_basket_inputs	1548249313861	1548249314608	OK	 
REQUEST	CCDUI	1		TX11_HMCTSReform_CCD_UISearchAndViewCase_SearchRequest_ByJurisdiction_CaseType_State_get_work_basket_inputs	1548249314610	1548249314967	OK	 
REQUEST	CCDUI	1		TX12_HMCTSReform_CCD_UISearchAndViewCase_SearchResult_ByJurisdiction_CaseType_State_optionscases_view_WORKBASKE	1548249316701	1548249316779	OK	 
REQUEST	CCDUI	1		TX13_HMCTSReform_CCD_UISearchAndViewCase_SearchResult_ByJurisdiction_CaseType_State_optionspagination_metadata	1548249316782	1548249316836	OK	 
REQUEST	CCDUI	1		TX14_HMCTSReform_CCD_UISearchAndViewCase_SearchResult_ByJurisdiction_CaseType_State_getcases_view_WORKBASKE	1548249316783	1548249317055	OK	 
REQUEST	CCDUI	1		TX15_HMCTSReform_CCD_UISearchAndViewCase_SearchResult_ByJurisdiction_CaseType_State_getpagination_metadata	1548249316784	1548249317111	OK	 
REQUEST	CCDUI	1		TX16_HMCTSReform_CCD_UISearchAndViewCase_SelectAndViewCase_options	1548249318690	1548249318735	OK	 
REQUEST	CCDUI	1		TX17_HMCTSReform_CCD_UISearchAndViewCase_SelectAndViewCase_get	1548249318737	1548249319708	OK	 
REQUEST	CCDUI	1		TX20_HMCTSReform_CCD_Logout	1548249321060	1548249321116	OK	 
REQUEST	CCDUI	1		TX20_HMCTSReform_CCD_Logout_getLogout	1548249321120	1548249321402	OK	 
REQUEST	CCDUI	1		TX20_HMCTSReform_CCD_Logout	1548249322770	1548249322831	OK	 
REQUEST	CCDUI	1		TX01_HMCTSReform_CCD_Login	1548249324431	1548249324913	KO	status.find.in(200,304,201,202,203,204,205,206,207,208,209), but actually found 500
REQUEST	CCDUI	1		TX02_HMCTSReform_CCD_submitLogin	1548249324931	1548249326803	OK	 
REQUEST	CCDUI	1		TX02_HMCTSReform_CCD_submitLogin_get_config	1548249326804	1548249326962	OK	 
REQUEST	CCDUI	1		TX02_HMCTSReform_CCD_submitLogin_option_oauth2redirect	1548249326963	1548249327129	OK	 
REQUEST	CCDUI	1		TX02_HMCTSReform_CCD_submitLogin_get_oauth2redirect	1548249327130	1548249327243	OK	 
REQUEST	CCDUI	1		TX02_HMCTSReform_CCD_submitLogin_get_config	1548249327244	1548249327269	OK	 
REQUEST	CCDUI	1		TX02_HMCTSReform_CCD_submitLogin_option_profile	1548249327270	1548249327314	OK	 
REQUEST	CCDUI	1		TX02_HMCTSReform_CCD_submitLogin_get_profile	1548249327315	1548249328836	OK	 
REQUEST	CCDUI	1		TX02_HMCTSReform_CCD_submitLogin_option_case-types_access_read	1548249330820	1548249330877	OK	 
REQUEST	CCDUI	1		TX02_HMCTSReform_CCD_submitLogin_options_work-basket-inputs	1548249330880	1548249330941	OK	 
REQUEST	CCDUI	1		TX02_HMCTSReform_CCD_submitLogin_options_casesview_WORKBASKET&state=TODO&page=1	1548249330881	1548249330950	OK	 
REQUEST	CCDUI	1		TX02_HMCTSReform_CCD_submitLogin_options_pagination_metadata?state=TODO	1548249330882	1548249331015	OK	 
REQUEST	CCDUI	1		TX02_HMCTSReform_CCD_submitLogin_get_work-basket-inputs	1548249330884	1548249331135	OK	 
REQUEST	CCDUI	1		TX02_HMCTSReform_CCD_submitLogin_pagination_metadata?state=TODO	1548249330942	1548249331242	OK	 
REQUEST	CCDUI	1		TX02_HMCTSReform_CCD_submitLogin_get_casesview_WORKBASKET&state=TODO&page=1	1548249330886	1548249331338	OK	 
REQUEST	CCDUI	1		TX02_HMCTSReform_CCD_submitLogin_get_case-types_access_read	1548249330880	1548249331597	OK	 
USER	CCDUI	1	END	1548249037812	1548249338563
