RUN	uk.gov.hmcts.ccd.corecasedata.simulations.CCDUIPTSimulation		ccduiptsimulation	1548249561523	 	2.0
USER	CCDUI	1	START	1548249562133	1548249562133
USER	CCDUI	2	START	1548249562208	1548249562208
REQUEST	CCDUI	1		TX20_HMCTSReform_CCD_Logout	1548249562161	1548249562383	OK	 
REQUEST	CCDUI	2		TX20_HMCTSReform_CCD_Logout	1548249562208	1548249562383	OK	 
REQUEST	CCDUI	1		TX20_HMCTSReform_CCD_Logout_getLogout	1548249562437	1548249562471	OK	 
REQUEST	CCDUI	2		TX20_HMCTSReform_CCD_Logout_getLogout	1548249562437	1548249562466	OK	 
REQUEST	CCDUI	1		TX20_HMCTSReform_CCD_Logout_govuk-template.js	1548249562508	1548249562844	OK	 
REQUEST	CCDUI	1		TX20_HMCTSReform_CCD_Logout_govuk-template-print.css	1548249562509	1548249562845	OK	 
REQUEST	CCDUI	2		TX20_HMCTSReform_CCD_Logout_govuk-template-print.css	1548249562510	1548249562851	OK	 
REQUEST	CCDUI	2		TX20_HMCTSReform_CCD_Logout_gov.uk_logotype_crown_invert_trans.png	1548249562506	1548249562843	OK	 
REQUEST	CCDUI	1		TX20_HMCTSReform_CCD_Logout_gov.uk_logotype_crown_invert_trans.png	1548249562507	1548249562847	OK	 
REQUEST	CCDUI	2		TX20_HMCTSReform_CCD_Logout_govuk-template.js	1548249562507	1548249562937	OK	 
REQUEST	CCDUI	1		TX20_HMCTSReform_CCD_Logout_open-government-licence_2x.png	1548249562856	1548249562989	OK	 
REQUEST	CCDUI	1		TX20_HMCTSReform_CCD_Logout_gov.uk_logotype_crown.png	1548249562871	1548249563037	OK	 
REQUEST	CCDUI	2		TX20_HMCTSReform_CCD_Logout_open-government-licence_2x.png	1548249562871	1548249563037	OK	 
REQUEST	CCDUI	1		TX20_HMCTSReform_CCD_Logout_getRedirectURL	1548249562439	1548249563043	OK	 
REQUEST	CCDUI	1		TX20_HMCTSReform_CCD_Logout_govuk-template.css	1548249562503	1548249563043	OK	 
REQUEST	CCDUI	1		TX20_HMCTSReform_CCD_Logout_govuk-crest-2x.png	1548249562854	1548249563060	OK	 
REQUEST	CCDUI	2		TX20_HMCTSReform_CCD_Logout_govuk-crest-2x.png	1548249562854	1548249563060	OK	 
REQUEST	CCDUI	2		TX20_HMCTSReform_CCD_Logout_gov.uk_logotype_crown.png	1548249562938	1548249563065	OK	 
REQUEST	CCDUI	2		TX20_HMCTSReform_CCD_Logout_govuk-template.css	1548249562502	1548249563068	OK	 
REQUEST	CCDUI	2		TX20_HMCTSReform_CCD_Logout_getRedirectURL	1548249562440	1548249563116	OK	 
REQUEST	CCDUI	2		TX20_HMCTSReform_CCD_Logout_fonts.css	1548249562503	1548249563939	OK	 
REQUEST	CCDUI	1		TX20_HMCTSReform_CCD_Logout_fonts.css	1548249562504	1548249563941	OK	 
REQUEST	CCDUI	1		TX01_HMCTSReform_CCD_Login	1548249565668	1548249565841	OK	 
REQUEST	CCDUI	2		TX01_HMCTSReform_CCD_Login	1548249565637	1548249565905	OK	 
REQUEST	CCDUI	2		TX01_HMCTSReform_CCD_Login_get_config	1548249565913	1548249565955	OK	 
REQUEST	CCDUI	1		TX01_HMCTSReform_CCD_Login_gov.uk_logotype_crown_invert_trans.png?	1548249565851	1548249565955	OK	 
REQUEST	CCDUI	1		TX01_HMCTSReform_CCD_Login_govuk-template-print.css	1548249565852	1548249565955	OK	 
REQUEST	CCDUI	1		TX01_HMCTSReform_CCD_Login_govuk-template.js	1548249565851	1548249565962	OK	 
REQUEST	CCDUI	1		TX01_HMCTSReform_CCD_Login_get_config	1548249565852	1548249566084	OK	 
REQUEST	CCDUI	1		TX01_HMCTSReform_CCD_Login_option_profile	1548249565847	1548249566088	OK	 
REQUEST	CCDUI	2		TX01_HMCTSReform_CCD_Login_option_profile	1548249565909	1548249566088	OK	 
REQUEST	CCDUI	2		TX01_HMCTSReform_CCD_Login_gov.uk_logotype_crown_invert_trans.png?	1548249565912	1548249566098	OK	 
REQUEST	CCDUI	2		TX01_HMCTSReform_CCD_Login_govuk-template-print.css	1548249565913	1548249566098	OK	 
REQUEST	CCDUI	2		TX01_HMCTSReform_CCD_Login_govuk-template.js	1548249565913	1548249566121	OK	 
REQUEST	CCDUI	2		TX01_HMCTSReform_CCD_Login_get_profile	1548249565910	1548249566120	OK	 
REQUEST	CCDUI	1		TX01_HMCTSReform_CCD_Login_open-government-licence_2x.png	1548249565957	1548249566172	OK	 
REQUEST	CCDUI	1		TX01_HMCTSReform_CCD_Login_govuk-crest-2x.png	1548249565956	1548249566195	OK	 
REQUEST	CCDUI	1		TX01_HMCTSReform_CCD_Login_govuk-template.css	1548249565850	1548249566222	OK	 
REQUEST	CCDUI	1		TX01_HMCTSReform_CCD_Login_gov.uk_logotype_crown.png	1548249565963	1548249566228	OK	 
REQUEST	CCDUI	2		TX01_HMCTSReform_CCD_Login_open-government-licence_2x.png	1548249566100	1548249566244	OK	 
REQUEST	CCDUI	2		TX01_HMCTSReform_CCD_Login_gov.uk_logotype_crown.png	1548249566122	1548249566246	OK	 
REQUEST	CCDUI	2		TX01_HMCTSReform_CCD_Login_redirectURL	1548249565911	1548249566225	OK	 
REQUEST	CCDUI	1		TX01_HMCTSReform_CCD_Login_redirectURL	1548249565848	1548249566172	OK	 
REQUEST	CCDUI	2		TX01_HMCTSReform_CCD_Login_govuk-template.css	1548249565911	1548249566277	OK	 
REQUEST	CCDUI	2		TX01_HMCTSReform_CCD_Login_govuk-crest-2x.png	1548249566099	1548249566279	OK	 
REQUEST	CCDUI	1		TX01_HMCTSReform_CCD_Login_get_profile	1548249565847	1548249566417	OK	 
REQUEST	CCDUI	1		TX01_HMCTSReform_CCD_Login_fonts.css	1548249565850	1548249566940	OK	 
REQUEST	CCDUI	2		TX01_HMCTSReform_CCD_Login_fonts.css	1548249565912	1548249566972	OK	 
REQUEST	CCDUI	2		TX02_HMCTSReform_CCD_submitLogin	1548249568165	1548249568751	OK	 
REQUEST	CCDUI	2		TX02_HMCTSReform_CCD_submitLogin_get_config	1548249568756	1548249568793	OK	 
REQUEST	CCDUI	2		TX02_HMCTSReform_CCD_submitLogin_option_oauth2redirect	1548249568796	1548249568949	OK	 
REQUEST	CCDUI	2		TX02_HMCTSReform_CCD_submitLogin_get_oauth2redirect	1548249568950	1548249569089	OK	 
REQUEST	CCDUI	1		TX02_HMCTSReform_CCD_submitLogin	1548249568628	1548249569219	OK	 
REQUEST	CCDUI	2		TX02_HMCTSReform_CCD_submitLogin_get_config	1548249569090	1548249569243	OK	 
REQUEST	CCDUI	1		TX02_HMCTSReform_CCD_submitLogin_get_config	1548249569220	1548249569252	OK	 
REQUEST	CCDUI	2		TX02_HMCTSReform_CCD_submitLogin_option_profile	1548249569245	1548249569391	OK	 
REQUEST	CCDUI	1		TX02_HMCTSReform_CCD_submitLogin_option_oauth2redirect	1548249569254	1548249569391	OK	 
REQUEST	CCDUI	1		TX02_HMCTSReform_CCD_submitLogin_get_oauth2redirect	1548249569392	1548249569560	OK	 
REQUEST	CCDUI	1		TX02_HMCTSReform_CCD_submitLogin_get_config	1548249569561	1548249569590	OK	 
REQUEST	CCDUI	1		TX02_HMCTSReform_CCD_submitLogin_option_profile	1548249569591	1548249569911	OK	 
REQUEST	CCDUI	2		TX02_HMCTSReform_CCD_submitLogin_get_profile	1548249569392	1548249571709	OK	 
REQUEST	CCDUI	1		TX02_HMCTSReform_CCD_submitLogin_get_profile	1548249569912	1548249571712	OK	 
REQUEST	CCDUI	2		TX02_HMCTSReform_CCD_submitLogin_option_case-types_access_read	1548249573705	1548249573768	OK	 
REQUEST	CCDUI	1		TX02_HMCTSReform_CCD_submitLogin_option_case-types_access_read	1548249573705	1548249573768	OK	 
REQUEST	CCDUI	2		TX02_HMCTSReform_CCD_submitLogin_options_work-basket-inputs	1548249573773	1548249573839	OK	 
REQUEST	CCDUI	1		TX02_HMCTSReform_CCD_submitLogin_options_work-basket-inputs	1548249573773	1548249573849	OK	 
REQUEST	CCDUI	2		TX02_HMCTSReform_CCD_submitLogin_options_pagination_metadata?state=TODO	1548249573773	1548249573983	OK	 
REQUEST	CCDUI	2		TX02_HMCTSReform_CCD_submitLogin_options_casesview_WORKBASKET&state=TODO&page=1	1548249573773	1548249573989	OK	 
REQUEST	CCDUI	1		TX02_HMCTSReform_CCD_submitLogin_options_pagination_metadata?state=TODO	1548249573773	1548249574020	OK	 
REQUEST	CCDUI	1		TX02_HMCTSReform_CCD_submitLogin_options_casesview_WORKBASKET&state=TODO&page=1	1548249573773	1548249574027	OK	 
REQUEST	CCDUI	2		TX02_HMCTSReform_CCD_submitLogin_get_work-basket-inputs	1548249573774	1548249574252	OK	 
REQUEST	CCDUI	1		TX02_HMCTSReform_CCD_submitLogin_pagination_metadata?state=TODO	1548249573851	1548249574434	OK	 
REQUEST	CCDUI	2		TX02_HMCTSReform_CCD_submitLogin_pagination_metadata?state=TODO	1548249573840	1548249574516	OK	 
REQUEST	CCDUI	1		TX02_HMCTSReform_CCD_submitLogin_get_work-basket-inputs	1548249573774	1548249574541	OK	 
REQUEST	CCDUI	1		TX02_HMCTSReform_CCD_submitLogin_get_casesview_WORKBASKET&state=TODO&page=1	1548249573776	1548249574559	OK	 
REQUEST	CCDUI	1		TX02_HMCTSReform_CCD_submitLogin_get_case-types_access_read	1548249573773	1548249574613	OK	 
REQUEST	CCDUI	2		TX02_HMCTSReform_CCD_submitLogin_get_case-types_access_read	1548249573773	1548249575017	OK	 
REQUEST	CCDUI	2		TX02_HMCTSReform_CCD_submitLogin_get_casesview_WORKBASKET&state=TODO&page=1	1548249573774	1548249575020	OK	 
REQUEST	CCDUI	1		TX03_HMCTSReform_CCD_CreateCase_ClickCreqteCaseButton_options_case-types?access=create	1548249580870	1548249580923	OK	 
REQUEST	CCDUI	2		TX03_HMCTSReform_CCD_CreateCase_ClickCreqteCaseButton_options_case-types?access=create	1548249581967	1548249582556	OK	 
REQUEST	CCDUI	2		TX03_HMCTSReform_CCD_CreateCase_ClickCreqteCaseButton_get_case-types?access=create	1548249582558	1548249583231	OK	 
REQUEST	CCDUI	1		TX03_HMCTSReform_CCD_CreateCase_ClickCreqteCaseButton_get_case-types?access=create	1548249580927	1548249583411	OK	 
REQUEST	CCDUI	2		TX04_HMCTSReform_CCD_CreateCase_startCaseCreation_options_ignore-warning=false	1548249601276	1548249601340	OK	 
REQUEST	CCDUI	2		TX04_HMCTSReform_CCD_CreateCase_startCaseCreation_get_ignore-warning=false	1548249601342	1548249602091	OK	 
REQUEST	CCDUI	2		TX04_HMCTSReform_CCD_CreateCase_startCaseCreation_get_II_ignore-warning=false	1548249601343	1548249602077	OK	 
REQUEST	CCDUI	1		TX04_HMCTSReform_CCD_CreateCase_startCaseCreation_options_ignore-warning=false	1548249602829	1548249602876	OK	 
REQUEST	CCDUI	1		TX04_HMCTSReform_CCD_CreateCase_startCaseCreation_get_ignore-warning=false	1548249602878	1548249604207	OK	 
REQUEST	CCDUI	1		TX04_HMCTSReform_CCD_CreateCase_startCaseCreation_get_II_ignore-warning=false	1548249602878	1548249604284	OK	 
REQUEST	CCDUI	2		TX05_HMCTSReform_CCD_CreateCase_Validate_validateFirstPage_options_validate	1548249617925	1548249617974	OK	 
REQUEST	CCDUI	2		TX05_HMCTSReform_CCD_CreateCase_Validate_validateFirstPage_post_validate	1548249617982	1548249618551	OK	 
REQUEST	CCDUI	2		TX06_HMCTSReform_CCD_CreateCase_Validate_validateSecondPage_options_validate	1548249620316	1548249620369	OK	 
REQUEST	CCDUI	2		TX06_HMCTSReform_CCD_CreateCase_Validate_validateSecondPage_post_validate	1548249620371	1548249620913	OK	 
REQUEST	CCDUI	1		TX05_HMCTSReform_CCD_CreateCase_Validate_validateFirstPage_options_validate	1548249621249	1548249621300	OK	 
REQUEST	CCDUI	1		TX05_HMCTSReform_CCD_CreateCase_Validate_validateFirstPage_post_validate	1548249621302	1548249621441	OK	 
REQUEST	CCDUI	1		TX06_HMCTSReform_CCD_CreateCase_Validate_validateSecondPage_options_validate	1548249622746	1548249622798	OK	 
REQUEST	CCDUI	1		TX06_HMCTSReform_CCD_CreateCase_Validate_validateSecondPage_post_validate	1548249622800	1548249622927	OK	 
REQUEST	CCDUI	1		TX07.1_HMCTSReform_CCD_CreateCase_UploadDocument_10MB.pdf	1548249624806	1548249653379	OK	 
REQUEST	CCDUI	1		TX07_HMCTSReform_CCD_CreateCase_Validate_validateThirdPage_options_validate	1548249657219	1548249657298	OK	 
REQUEST	CCDUI	1		TX07_HMCTSReform_CCD_CreateCase_Validate_validateThirdPage_post_validate	1548249657300	1548249657980	OK	 
REQUEST	CCDUI	1		TX08_HMCTSReform_CCD_CreateCase_SubmitCase_options_cases?ignore-warning=false	1548249659426	1548249659479	OK	 
REQUEST	CCDUI	1		TX08_HMCTSReform_CCD_CreateCase_SubmitCase_post_cases?ignore-warning=false	1548249659480	1548249660312	OK	 
REQUEST	CCDUI	1		TX09_HMCTSReform_CCD_CreateCase_NewCaseDisplay_options_get	1548249661536	1548249661589	OK	 
REQUEST	CCDUI	1		TX09_HMCTSReform_CCD_CreateCase_NewCaseDisplay_get	1548249661591	1548249661876	OK	 
REQUEST	CCDUI	2		TX07.1_HMCTSReform_CCD_CreateCase_UploadDocument_10MB.pdf	1548249622863	1548249663197	OK	 
REQUEST	CCDUI	1		TX09.1.1_HMCTSReform_CCD_CreateCase_NewCaseDisplayThirdTab_get	1548249663388	1548249664721	OK	 
REQUEST	CCDUI	2		TX07_HMCTSReform_CCD_CreateCase_Validate_validateThirdPage_options_validate	1548249666066	1548249666121	OK	 
REQUEST	CCDUI	2		TX07_HMCTSReform_CCD_CreateCase_Validate_validateThirdPage_post_validate	1548249666123	1548249666680	OK	 
REQUEST	CCDUI	2		TX08_HMCTSReform_CCD_CreateCase_SubmitCase_options_cases?ignore-warning=false	1548249668459	1548249670686	OK	 
REQUEST	CCDUI	2		TX08_HMCTSReform_CCD_CreateCase_SubmitCase_post_cases?ignore-warning=false	1548249670688	1548249671430	OK	 
REQUEST	CCDUI	2		TX09_HMCTSReform_CCD_CreateCase_NewCaseDisplay_options_get	1548249672676	1548249672868	OK	 
REQUEST	CCDUI	2		TX09_HMCTSReform_CCD_CreateCase_NewCaseDisplay_get	1548249672870	1548249673414	OK	 
REQUEST	CCDUI	2		TX09.1.1_HMCTSReform_CCD_CreateCase_NewCaseDisplayThirdTab_get	1548249674476	1548249674808	OK	 
REQUEST	CCDUI	1		TX09.1.2_HMCTSReform_CCD_CreateCase_get_10MB.pdf_ViewDocument	1548249666226	1548249683981	OK	 
REQUEST	CCDUI	1		TX10_HMCTSReform_CCD_UISearchAndViewCase_SearchRequest_ByJurisdiction_CaseType_State_option_work_basket_inputs	1548249687097	1548249687153	OK	 
REQUEST	CCDUI	1		TX11_HMCTSReform_CCD_UISearchAndViewCase_SearchRequest_ByJurisdiction_CaseType_State_get_work_basket_inputs	1548249687158	1548249688305	OK	 
REQUEST	CCDUI	1		TX12_HMCTSReform_CCD_UISearchAndViewCase_SearchResult_ByJurisdiction_CaseType_State_optionscases_view_WORKBASKE	1548249690246	1548249690447	OK	 
REQUEST	CCDUI	1		TX13_HMCTSReform_CCD_UISearchAndViewCase_SearchResult_ByJurisdiction_CaseType_State_optionspagination_metadata	1548249690448	1548249690588	OK	 
REQUEST	CCDUI	1		TX15_HMCTSReform_CCD_UISearchAndViewCase_SearchResult_ByJurisdiction_CaseType_State_getpagination_metadata	1548249690449	1548249690984	OK	 
REQUEST	CCDUI	1		TX14_HMCTSReform_CCD_UISearchAndViewCase_SearchResult_ByJurisdiction_CaseType_State_getcases_view_WORKBASKE	1548249690448	1548249691081	OK	 
REQUEST	CCDUI	2		TX09.1.2_HMCTSReform_CCD_CreateCase_get_10MB.pdf_ViewDocument	1548249676597	1548249692609	OK	 
REQUEST	CCDUI	1		TX16_HMCTSReform_CCD_UISearchAndViewCase_SelectAndViewCase_options	1548249692938	1548249692986	OK	 
REQUEST	CCDUI	1		TX17_HMCTSReform_CCD_UISearchAndViewCase_SelectAndViewCase_get	1548249692987	1548249693739	OK	 
REQUEST	CCDUI	1		TX20_HMCTSReform_CCD_Logout	1548249694965	1548249695280	OK	 
REQUEST	CCDUI	1		TX20_HMCTSReform_CCD_Logout_getLogout	1548249695286	1548249695595	OK	 
REQUEST	CCDUI	2		TX10_HMCTSReform_CCD_UISearchAndViewCase_SearchRequest_ByJurisdiction_CaseType_State_option_work_basket_inputs	1548249695477	1548249695758	OK	 
REQUEST	CCDUI	2		TX11_HMCTSReform_CCD_UISearchAndViewCase_SearchRequest_ByJurisdiction_CaseType_State_get_work_basket_inputs	1548249695759	1548249696276	OK	 
REQUEST	CCDUI	1		TX20_HMCTSReform_CCD_Logout	1548249697020	1548249697103	OK	 
REQUEST	CCDUI	2		TX12_HMCTSReform_CCD_UISearchAndViewCase_SearchResult_ByJurisdiction_CaseType_State_optionscases_view_WORKBASKE	1548249697906	1548249698092	OK	 
REQUEST	CCDUI	2		TX13_HMCTSReform_CCD_UISearchAndViewCase_SearchResult_ByJurisdiction_CaseType_State_optionspagination_metadata	1548249698093	1548249698811	OK	 
REQUEST	CCDUI	2		TX15_HMCTSReform_CCD_UISearchAndViewCase_SearchResult_ByJurisdiction_CaseType_State_getpagination_metadata	1548249698094	1548249699450	OK	 
REQUEST	CCDUI	1		TX01_HMCTSReform_CCD_Login	1548249698766	1548249699511	OK	 
REQUEST	CCDUI	1		TX01_HMCTSReform_CCD_Login_option_profile	1548249699516	1548249699567	OK	 
REQUEST	CCDUI	2		TX14_HMCTSReform_CCD_UISearchAndViewCase_SearchResult_ByJurisdiction_CaseType_State_getcases_view_WORKBASKE	1548249698094	1548249699933	OK	 
REQUEST	CCDUI	1		TX02_HMCTSReform_CCD_submitLogin	1548249700788	1548249701292	OK	 
REQUEST	CCDUI	1		TX02_HMCTSReform_CCD_submitLogin_get_config	1548249701294	1548249701326	OK	 
REQUEST	CCDUI	1		TX02_HMCTSReform_CCD_submitLogin_option_oauth2redirect	1548249701327	1548249701358	OK	 
REQUEST	CCDUI	1		TX02_HMCTSReform_CCD_submitLogin_get_oauth2redirect	1548249701360	1548249701487	OK	 
REQUEST	CCDUI	1		TX02_HMCTSReform_CCD_submitLogin_get_config	1548249701488	1548249701514	OK	 
REQUEST	CCDUI	1		TX02_HMCTSReform_CCD_submitLogin_option_profile	1548249701515	1548249701553	OK	 
REQUEST	CCDUI	2		TX16_HMCTSReform_CCD_UISearchAndViewCase_SelectAndViewCase_options	1548249701818	1548249702103	OK	 
REQUEST	CCDUI	2		TX17_HMCTSReform_CCD_UISearchAndViewCase_SelectAndViewCase_get	1548249702104	1548249702346	OK	 
REQUEST	CCDUI	1		TX02_HMCTSReform_CCD_submitLogin_get_profile	1548249701554	1548249703275	OK	 
REQUEST	CCDUI	2		TX20_HMCTSReform_CCD_Logout	1548249704027	1548249704077	OK	 
REQUEST	CCDUI	2		TX20_HMCTSReform_CCD_Logout_getLogout	1548249704080	1548249704466	OK	 
REQUEST	CCDUI	1		TX02_HMCTSReform_CCD_submitLogin_option_case-types_access_read	1548249705268	1548249705315	OK	 
REQUEST	CCDUI	1		TX02_HMCTSReform_CCD_submitLogin_options_work-basket-inputs	1548249705318	1548249705390	OK	 
REQUEST	CCDUI	1		TX02_HMCTSReform_CCD_submitLogin_options_casesview_WORKBASKET&state=TODO&page=1	1548249705318	1548249705407	OK	 
REQUEST	CCDUI	1		TX02_HMCTSReform_CCD_submitLogin_options_pagination_metadata?state=TODO	1548249705318	1548249705544	OK	 
REQUEST	CCDUI	1		TX02_HMCTSReform_CCD_submitLogin_pagination_metadata?state=TODO	1548249705391	1548249706308	OK	 
REQUEST	CCDUI	1		TX02_HMCTSReform_CCD_submitLogin_get_work-basket-inputs	1548249705319	1548249706313	OK	 
REQUEST	CCDUI	2		TX20_HMCTSReform_CCD_Logout	1548249706358	1548249706382	OK	 
REQUEST	CCDUI	1		TX02_HMCTSReform_CCD_submitLogin_get_casesview_WORKBASKET&state=TODO&page=1	1548249705319	1548249706786	OK	 
REQUEST	CCDUI	1		TX02_HMCTSReform_CCD_submitLogin_get_case-types_access_read	1548249705317	1548249706790	OK	 
REQUEST	CCDUI	2		TX01_HMCTSReform_CCD_Login	1548249707765	1548249707913	OK	 
REQUEST	CCDUI	2		TX01_HMCTSReform_CCD_Login_option_profile	1548249707916	1548249707952	OK	 
REQUEST	CCDUI	2		TX02_HMCTSReform_CCD_submitLogin	1548249709527	1548249710979	OK	 
REQUEST	CCDUI	2		TX02_HMCTSReform_CCD_submitLogin_get_config	1548249710980	1548249711132	OK	 
REQUEST	CCDUI	2		TX02_HMCTSReform_CCD_submitLogin_option_oauth2redirect	1548249711133	1548249711301	OK	 
REQUEST	CCDUI	2		TX02_HMCTSReform_CCD_submitLogin_get_oauth2redirect	1548249711302	1548249711434	OK	 
REQUEST	CCDUI	2		TX02_HMCTSReform_CCD_submitLogin_get_config	1548249711435	1548249711458	OK	 
REQUEST	CCDUI	2		TX02_HMCTSReform_CCD_submitLogin_option_profile	1548249711459	1548249711519	OK	 
REQUEST	CCDUI	1		TX03_HMCTSReform_CCD_CreateCase_ClickCreqteCaseButton_options_case-types?access=create	1548249713418	1548249713458	OK	 
REQUEST	CCDUI	2		TX02_HMCTSReform_CCD_submitLogin_get_profile	1548249711520	1548249713511	OK	 
REQUEST	CCDUI	1		TX03_HMCTSReform_CCD_CreateCase_ClickCreqteCaseButton_get_case-types?access=create	1548249713459	1548249714056	OK	 
REQUEST	CCDUI	2		TX02_HMCTSReform_CCD_submitLogin_option_case-types_access_read	1548249715505	1548249715746	OK	 
REQUEST	CCDUI	2		TX02_HMCTSReform_CCD_submitLogin_options_casesview_WORKBASKET&state=TODO&page=1	1548249715749	1548249715823	OK	 
REQUEST	CCDUI	2		TX02_HMCTSReform_CCD_submitLogin_options_work-basket-inputs	1548249715749	1548249715840	OK	 
REQUEST	CCDUI	2		TX02_HMCTSReform_CCD_submitLogin_options_pagination_metadata?state=TODO	1548249715749	1548249715971	OK	 
REQUEST	CCDUI	2		TX02_HMCTSReform_CCD_submitLogin_get_work-basket-inputs	1548249715750	1548249716776	OK	 
REQUEST	CCDUI	2		TX02_HMCTSReform_CCD_submitLogin_pagination_metadata?state=TODO	1548249715823	1548249716937	OK	 
REQUEST	CCDUI	2		TX02_HMCTSReform_CCD_submitLogin_get_case-types_access_read	1548249715748	1548249717073	OK	 
REQUEST	CCDUI	2		TX02_HMCTSReform_CCD_submitLogin_get_casesview_WORKBASKET&state=TODO&page=1	1548249715750	1548249717078	OK	 
REQUEST	CCDUI	2		TX03_HMCTSReform_CCD_CreateCase_ClickCreqteCaseButton_options_case-types?access=create	1548249723336	1548249723414	OK	 
REQUEST	CCDUI	2		TX03_HMCTSReform_CCD_CreateCase_ClickCreqteCaseButton_get_case-types?access=create	1548249723415	1548249727148	OK	 
REQUEST	CCDUI	1		TX04_HMCTSReform_CCD_CreateCase_startCaseCreation_options_ignore-warning=false	1548249729897	1548249729942	OK	 
REQUEST	CCDUI	1		TX04_HMCTSReform_CCD_CreateCase_startCaseCreation_get_ignore-warning=false	1548249729944	1548249730276	OK	 
REQUEST	CCDUI	1		TX04_HMCTSReform_CCD_CreateCase_startCaseCreation_get_II_ignore-warning=false	1548249729944	1548249730918	OK	 
REQUEST	CCDUI	1		TX05_HMCTSReform_CCD_CreateCase_Validate_validateFirstPage_options_validate	1548249746376	1548249746427	OK	 
REQUEST	CCDUI	2		TX04_HMCTSReform_CCD_CreateCase_startCaseCreation_options_ignore-warning=false	1548249746475	1548249746653	OK	 
REQUEST	CCDUI	1		TX05_HMCTSReform_CCD_CreateCase_Validate_validateFirstPage_post_validate	1548249746432	1548249747165	OK	 
REQUEST	CCDUI	2		TX04_HMCTSReform_CCD_CreateCase_startCaseCreation_get_II_ignore-warning=false	1548249746654	1548249748125	OK	 
REQUEST	CCDUI	1		TX06_HMCTSReform_CCD_CreateCase_Validate_validateSecondPage_options_validate	1548249749117	1548249749182	OK	 
REQUEST	CCDUI	1		TX06_HMCTSReform_CCD_CreateCase_Validate_validateSecondPage_post_validate	1548249749183	1548249749324	OK	 
REQUEST	CCDUI	1		TX07.1_HMCTSReform_CCD_CreateCase_UploadDocument_1MB.pdf	1548249750393	1548249755367	OK	 
REQUEST	CCDUI	2		TX04_HMCTSReform_CCD_CreateCase_startCaseCreation_get_ignore-warning=false	1548249746654	1548249756211	OK	 
REQUEST	CCDUI	1		TX07_HMCTSReform_CCD_CreateCase_Validate_validateThirdPage_options_validate	1548249758536	1548249758585	OK	 
REQUEST	CCDUI	1		TX07_HMCTSReform_CCD_CreateCase_Validate_validateThirdPage_post_validate	1548249758587	1548249758840	OK	 
REQUEST	CCDUI	1		TX08_HMCTSReform_CCD_CreateCase_SubmitCase_options_cases?ignore-warning=false	1548249760177	1548249760222	OK	 
REQUEST	CCDUI	1		TX08_HMCTSReform_CCD_CreateCase_SubmitCase_post_cases?ignore-warning=false	1548249760223	1548249760888	OK	 
REQUEST	CCDUI	1		TX09_HMCTSReform_CCD_CreateCase_NewCaseDisplay_options_get	1548249762097	1548249762142	OK	 
REQUEST	CCDUI	1		TX09_HMCTSReform_CCD_CreateCase_NewCaseDisplay_get	1548249762143	1548249762995	OK	 
REQUEST	CCDUI	1		TX09.1.1_HMCTSReform_CCD_CreateCase_NewCaseDisplayThirdTab_get	1548249764708	1548249765242	OK	 
REQUEST	CCDUI	2		TX05_HMCTSReform_CCD_CreateCase_Validate_validateFirstPage_options_validate	1548249768078	1548249768243	OK	 
REQUEST	CCDUI	2		TX05_HMCTSReform_CCD_CreateCase_Validate_validateFirstPage_post_validate	1548249768244	1548249768386	OK	 
REQUEST	CCDUI	1		TX09.1.2_HMCTSReform_CCD_CreateCase_get_1MB.pdf_ViewDocument	1548249766548	1548249768900	OK	 
REQUEST	CCDUI	2		TX06_HMCTSReform_CCD_CreateCase_Validate_validateSecondPage_options_validate	1548249769746	1548249769795	OK	 
REQUEST	CCDUI	2		TX06_HMCTSReform_CCD_CreateCase_Validate_validateSecondPage_post_validate	1548249769796	1548249769925	OK	 
REQUEST	CCDUI	1		TX09.4_HMCTSReform_CCD_UpdateCase_UpdateMarkAsDone_options_start	1548249772027	1548249772901	OK	 
REQUEST	CCDUI	1		TX09.5_HMCTSReform_CCD_UpdateCase_UpdateMarkAsDone_get_start	1548249772903	1548249773580	OK	 
REQUEST	CCDUI	1		TX09.6_HMCTSReform_CCD_UpdateCase_UpdateMarkAsDone_POST_options_updatepoststart	1548249775416	1548249775537	OK	 
REQUEST	CCDUI	2		TX07.1_HMCTSReform_CCD_CreateCase_UploadDocument_1MB.pdf	1548249771588	1548249775662	OK	 
REQUEST	CCDUI	1		TX09.7_HMCTSReform_CCD_UpdateCase_UpdateMarkAsDone_POST_updatepoststart	1548249775539	1548249775903	OK	 
REQUEST	CCDUI	1		TX09_HMCTSReform_CCD_CreateCase_NewCaseDisplay_options_get	1548249777796	1548249777847	OK	 
REQUEST	CCDUI	1		TX09_HMCTSReform_CCD_CreateCase_NewCaseDisplay_get	1548249777848	1548249778761	OK	 
REQUEST	CCDUI	2		TX07_HMCTSReform_CCD_CreateCase_Validate_validateThirdPage_options_validate	1548249779336	1548249779550	OK	 
REQUEST	CCDUI	2		TX07_HMCTSReform_CCD_CreateCase_Validate_validateThirdPage_post_validate	1548249779552	1548249779923	OK	 
REQUEST	CCDUI	1		TX10_HMCTSReform_CCD_UISearchAndViewCase_SearchRequest_ByJurisdiction_CaseType_State_option_work_basket_inputs	1548249780228	1548249780367	OK	 
REQUEST	CCDUI	1		TX11_HMCTSReform_CCD_UISearchAndViewCase_SearchRequest_ByJurisdiction_CaseType_State_get_work_basket_inputs	1548249780369	1548249780702	OK	 
REQUEST	CCDUI	2		TX08_HMCTSReform_CCD_CreateCase_SubmitCase_options_cases?ignore-warning=false	1548249781766	1548249782164	OK	 
REQUEST	CCDUI	1		TX12_HMCTSReform_CCD_UISearchAndViewCase_SearchResult_ByJurisdiction_CaseType_State_optionscases_view_WORKBASKE	1548249782196	1548249782248	OK	 
REQUEST	CCDUI	1		TX13_HMCTSReform_CCD_UISearchAndViewCase_SearchResult_ByJurisdiction_CaseType_State_optionspagination_metadata	1548249782250	1548249782301	OK	 
REQUEST	CCDUI	1		TX15_HMCTSReform_CCD_UISearchAndViewCase_SearchResult_ByJurisdiction_CaseType_State_getpagination_metadata	1548249782250	1548249782451	OK	 
REQUEST	CCDUI	2		TX08_HMCTSReform_CCD_CreateCase_SubmitCase_post_cases?ignore-warning=false	1548249782166	1548249782452	OK	 
REQUEST	CCDUI	1		TX14_HMCTSReform_CCD_UISearchAndViewCase_SearchResult_ByJurisdiction_CaseType_State_getcases_view_WORKBASKE	1548249782250	1548249782524	OK	 
REQUEST	CCDUI	2		TX09_HMCTSReform_CCD_CreateCase_NewCaseDisplay_options_get	1548249783715	1548249783774	OK	 
REQUEST	CCDUI	1		TX16_HMCTSReform_CCD_UISearchAndViewCase_SelectAndViewCase_options	1548249783825	1548249783876	OK	 
REQUEST	CCDUI	1		TX17_HMCTSReform_CCD_UISearchAndViewCase_SelectAndViewCase_get	1548249783877	1548249784125	OK	 
REQUEST	CCDUI	2		TX09_HMCTSReform_CCD_CreateCase_NewCaseDisplay_get	1548249783776	1548249784296	OK	 
REQUEST	CCDUI	1		TX20_HMCTSReform_CCD_Logout	1548249785278	1548249786196	OK	 
REQUEST	CCDUI	1		TX20_HMCTSReform_CCD_Logout_getLogout	1548249786200	1548249786488	OK	 
REQUEST	CCDUI	2		TX09.1.1_HMCTSReform_CCD_CreateCase_NewCaseDisplayThirdTab_get	1548249786236	1548249788331	OK	 
REQUEST	CCDUI	1		TX20_HMCTSReform_CCD_Logout	1548249788346	1548249788374	OK	 
REQUEST	CCDUI	1		TX01_HMCTSReform_CCD_Login	1548249789566	1548249789734	OK	 
REQUEST	CCDUI	1		TX01_HMCTSReform_CCD_Login_option_profile	1548249789737	1548249789767	OK	 
REQUEST	CCDUI	2		TX09.1.2_HMCTSReform_CCD_CreateCase_get_1MB.pdf_ViewDocument	1548249789406	1548249790437	OK	 
REQUEST	CCDUI	1		TX02_HMCTSReform_CCD_submitLogin	1548249790776	1548249791412	OK	 
REQUEST	CCDUI	1		TX02_HMCTSReform_CCD_submitLogin_get_config	1548249791413	1548249791580	OK	 
REQUEST	CCDUI	1		TX02_HMCTSReform_CCD_submitLogin_option_oauth2redirect	1548249791580	1548249791607	OK	 
REQUEST	CCDUI	1		TX02_HMCTSReform_CCD_submitLogin_get_oauth2redirect	1548249791608	1548249791724	OK	 
REQUEST	CCDUI	1		TX02_HMCTSReform_CCD_submitLogin_get_config	1548249791724	1548249791749	OK	 
REQUEST	CCDUI	1		TX02_HMCTSReform_CCD_submitLogin_option_profile	1548249791750	1548249791792	OK	 
REQUEST	CCDUI	1		TX02_HMCTSReform_CCD_submitLogin_get_profile	1548249791793	1548249792905	OK	 
REQUEST	CCDUI	2		TX10_HMCTSReform_CCD_UISearchAndViewCase_SearchRequest_ByJurisdiction_CaseType_State_option_work_basket_inputs	1548249792857	1548249794382	OK	 
REQUEST	CCDUI	2		TX11_HMCTSReform_CCD_UISearchAndViewCase_SearchRequest_ByJurisdiction_CaseType_State_get_work_basket_inputs	1548249794384	1548249794546	OK	 
REQUEST	CCDUI	1		TX02_HMCTSReform_CCD_submitLogin_option_case-types_access_read	1548249794905	1548249795179	OK	 
REQUEST	CCDUI	1		TX02_HMCTSReform_CCD_submitLogin_options_pagination_metadata?state=TODO	1548249795183	1548249795438	OK	 
REQUEST	CCDUI	1		TX02_HMCTSReform_CCD_submitLogin_options_casesview_WORKBASKET&state=TODO&page=1	1548249795183	1548249795600	OK	 
REQUEST	CCDUI	2		TX12_HMCTSReform_CCD_UISearchAndViewCase_SearchResult_ByJurisdiction_CaseType_State_optionscases_view_WORKBASKE	1548249795775	1548249796103	OK	 
REQUEST	CCDUI	2		TX13_HMCTSReform_CCD_UISearchAndViewCase_SearchResult_ByJurisdiction_CaseType_State_optionspagination_metadata	1548249796107	1548249796202	OK	 
REQUEST	CCDUI	1		TX02_HMCTSReform_CCD_submitLogin_options_work-basket-inputs	1548249795182	1548249796629	OK	 
REQUEST	CCDUI	2		TX15_HMCTSReform_CCD_UISearchAndViewCase_SearchResult_ByJurisdiction_CaseType_State_getpagination_metadata	1548249796108	1548249796630	OK	 
REQUEST	CCDUI	2		TX14_HMCTSReform_CCD_UISearchAndViewCase_SearchResult_ByJurisdiction_CaseType_State_getcases_view_WORKBASKE	1548249796108	1548249797116	OK	 
REQUEST	CCDUI	1		TX02_HMCTSReform_CCD_submitLogin_pagination_metadata?state=TODO	1548249795439	1548249797199	OK	 
REQUEST	CCDUI	1		TX02_HMCTSReform_CCD_submitLogin_get_casesview_WORKBASKET&state=TODO&page=1	1548249795184	1548249797220	OK	 
REQUEST	CCDUI	1		TX02_HMCTSReform_CCD_submitLogin_get_work-basket-inputs	1548249795183	1548249797249	OK	 
REQUEST	CCDUI	1		TX02_HMCTSReform_CCD_submitLogin_get_case-types_access_read	1548249795182	1548249797436	OK	 
REQUEST	CCDUI	2		TX16_HMCTSReform_CCD_UISearchAndViewCase_SelectAndViewCase_options	1548249798826	1548249798911	OK	 
REQUEST	CCDUI	2		TX17_HMCTSReform_CCD_UISearchAndViewCase_SelectAndViewCase_get	1548249798912	1548249799953	OK	 
REQUEST	CCDUI	2		TX20_HMCTSReform_CCD_Logout	1548249801637	1548249801698	OK	 
REQUEST	CCDUI	2		TX20_HMCTSReform_CCD_Logout_getLogout	1548249801701	1548249802159	OK	 
REQUEST	CCDUI	2		TX20_HMCTSReform_CCD_Logout	1548249803816	1548249803844	OK	 
REQUEST	CCDUI	1		TX03_HMCTSReform_CCD_CreateCase_ClickCreqteCaseButton_options_case-types?access=create	1548249803877	1548249803926	OK	 
REQUEST	CCDUI	1		TX03_HMCTSReform_CCD_CreateCase_ClickCreqteCaseButton_get_case-types?access=create	1548249803928	1548249804730	OK	 
REQUEST	CCDUI	2		TX01_HMCTSReform_CCD_Login	1548249805157	1548249805268	OK	 
REQUEST	CCDUI	2		TX01_HMCTSReform_CCD_Login_option_profile	1548249805270	1548249805303	OK	 
REQUEST	CCDUI	2		TX02_HMCTSReform_CCD_submitLogin	1548249806436	1548249807379	OK	 
REQUEST	CCDUI	2		TX02_HMCTSReform_CCD_submitLogin_get_config	1548249807380	1548249807405	OK	 
REQUEST	CCDUI	2		TX02_HMCTSReform_CCD_submitLogin_option_oauth2redirect	1548249807406	1548249807438	OK	 
REQUEST	CCDUI	2		TX02_HMCTSReform_CCD_submitLogin_get_oauth2redirect	1548249807439	1548249807687	OK	 
REQUEST	CCDUI	2		TX02_HMCTSReform_CCD_submitLogin_get_config	1548249807688	1548249807714	OK	 
REQUEST	CCDUI	2		TX02_HMCTSReform_CCD_submitLogin_option_profile	1548249807715	1548249807760	OK	 
REQUEST	CCDUI	2		TX02_HMCTSReform_CCD_submitLogin_get_profile	1548249807761	1548249809923	OK	 
REQUEST	CCDUI	2		TX02_HMCTSReform_CCD_submitLogin_option_case-types_access_read	1548249811927	1548249811984	OK	 
REQUEST	CCDUI	2		TX02_HMCTSReform_CCD_submitLogin_options_work-basket-inputs	1548249811986	1548249812438	OK	 
REQUEST	CCDUI	2		TX02_HMCTSReform_CCD_submitLogin_options_casesview_WORKBASKET&state=TODO&page=1	1548249811986	1548249812442	OK	 
REQUEST	CCDUI	2		TX02_HMCTSReform_CCD_submitLogin_options_pagination_metadata?state=TODO	1548249811986	1548249812788	OK	 
REQUEST	CCDUI	2		TX02_HMCTSReform_CCD_submitLogin_pagination_metadata?state=TODO	1548249812439	1548249813768	OK	 
REQUEST	CCDUI	2		TX02_HMCTSReform_CCD_submitLogin_get_work-basket-inputs	1548249811987	1548249814587	OK	 
REQUEST	CCDUI	2		TX02_HMCTSReform_CCD_submitLogin_get_casesview_WORKBASKET&state=TODO&page=1	1548249811987	1548249814658	OK	 
REQUEST	CCDUI	2		TX02_HMCTSReform_CCD_submitLogin_get_case-types_access_read	1548249811986	1548249814741	OK	 
REQUEST	CCDUI	2		TX03_HMCTSReform_CCD_CreateCase_ClickCreqteCaseButton_options_case-types?access=create	1548249821436	1548249821480	OK	 
REQUEST	CCDUI	1		TX04_HMCTSReform_CCD_CreateCase_startCaseCreation_options_ignore-warning=false	1548249822085	1548249823354	OK	 
REQUEST	CCDUI	1		TX04_HMCTSReform_CCD_CreateCase_startCaseCreation_get_II_ignore-warning=false	1548249823355	1548249824156	OK	 
REQUEST	CCDUI	1		TX04_HMCTSReform_CCD_CreateCase_startCaseCreation_get_ignore-warning=false	1548249823355	1548249824233	OK	 
REQUEST	CCDUI	2		TX03_HMCTSReform_CCD_CreateCase_ClickCreqteCaseButton_get_case-types?access=create	1548249821481	1548249824257	OK	 
REQUEST	CCDUI	1		TX05_HMCTSReform_CCD_CreateCase_Validate_validateFirstPage_options_validate	1548249836895	1548249836942	OK	 
REQUEST	CCDUI	1		TX05_HMCTSReform_CCD_CreateCase_Validate_validateFirstPage_post_validate	1548249836943	1548249837385	OK	 
REQUEST	CCDUI	1		TX06_HMCTSReform_CCD_CreateCase_Validate_validateSecondPage_options_validate	1548249838565	1548249838912	OK	 
REQUEST	CCDUI	1		TX06_HMCTSReform_CCD_CreateCase_Validate_validateSecondPage_post_validate	1548249838913	1548249839079	OK	 
REQUEST	CCDUI	2		TX04_HMCTSReform_CCD_CreateCase_startCaseCreation_options_ignore-warning=false	1548249839597	1548249839767	OK	 
REQUEST	CCDUI	2		TX04_HMCTSReform_CCD_CreateCase_startCaseCreation_get_ignore-warning=false	1548249839769	1548249840925	OK	 
REQUEST	CCDUI	2		TX04_HMCTSReform_CCD_CreateCase_startCaseCreation_get_II_ignore-warning=false	1548249839769	1548249843156	OK	 
REQUEST	CCDUI	1		TX07.1_HMCTSReform_CCD_CreateCase_UploadDocument_1MB.pdf	1548249840889	1548249844911	OK	 
REQUEST	CCDUI	1		TX07_HMCTSReform_CCD_CreateCase_Validate_validateThirdPage_options_validate	1548249848127	1548249848183	OK	 
REQUEST	CCDUI	1		TX07_HMCTSReform_CCD_CreateCase_Validate_validateThirdPage_post_validate	1548249848185	1548249848646	OK	 
REQUEST	CCDUI	1		TX08_HMCTSReform_CCD_CreateCase_SubmitCase_options_cases?ignore-warning=false	1548249850296	1548249850339	OK	 
REQUEST	CCDUI	1		TX08_HMCTSReform_CCD_CreateCase_SubmitCase_post_cases?ignore-warning=false	1548249850340	1548249850751	OK	 
REQUEST	CCDUI	1		TX09_HMCTSReform_CCD_CreateCase_NewCaseDisplay_options_get	1548249852048	1548249852098	OK	 
REQUEST	CCDUI	1		TX09_HMCTSReform_CCD_CreateCase_NewCaseDisplay_get	1548249852099	1548249852712	OK	 
REQUEST	CCDUI	1		TX09.1.1_HMCTSReform_CCD_CreateCase_NewCaseDisplayThirdTab_get	1548249854157	1548249855360	OK	 
REQUEST	CCDUI	1		TX09.1.2_HMCTSReform_CCD_CreateCase_get_1MB.pdf_ViewDocument	1548249856905	1548249858161	OK	 
REQUEST	CCDUI	2		TX05_HMCTSReform_CCD_CreateCase_Validate_validateFirstPage_options_validate	1548249860136	1548249860182	OK	 
REQUEST	CCDUI	2		TX05_HMCTSReform_CCD_CreateCase_Validate_validateFirstPage_post_validate	1548249860184	1548249860611	OK	 
REQUEST	CCDUI	1		TX10_HMCTSReform_CCD_UISearchAndViewCase_SearchRequest_ByJurisdiction_CaseType_State_option_work_basket_inputs	1548249861456	1548249861512	OK	 
REQUEST	CCDUI	2		TX06_HMCTSReform_CCD_CreateCase_Validate_validateSecondPage_options_validate	1548249861647	1548249861702	OK	 
REQUEST	CCDUI	2		TX06_HMCTSReform_CCD_CreateCase_Validate_validateSecondPage_post_validate	1548249861704	1548249861859	OK	 
REQUEST	CCDUI	1		TX11_HMCTSReform_CCD_UISearchAndViewCase_SearchRequest_ByJurisdiction_CaseType_State_get_work_basket_inputs	1548249861513	1548249861900	OK	 
USER	CCDUI	2	END	1548249562208	1548249863461
USER	CCDUI	1	END	1548249562133	1548249863556
