RUN	uk.gov.hmcts.ccd.corecasedata.simulations.CCDUIPTSimulation		ccduiptsimulation	1549622869842	 	2.0
USER	CCDUI	1	START	1549622870695	1549622870695
USER	CCDUI	2	START	1549622870873	1549622870873
REQUEST	CCDUI	2		TX20_HMCTSReform_CCD_Logout	1549622870873	1549622871185	OK	 
REQUEST	CCDUI	1		TX20_HMCTSReform_CCD_Logout	1549622870728	1549622871184	OK	 
REQUEST	CCDUI	2		TX20_HMCTSReform_CCD_Logout_getLogout	1549622871240	1549622871269	OK	 
REQUEST	CCDUI	1		TX20_HMCTSReform_CCD_Logout_getLogout	1549622871240	1549622871268	OK	 
REQUEST	CCDUI	2		TX20_HMCTSReform_CCD_Logout_gov.uk_logotype_crown_invert_trans.png	1549622871295	1549622871691	OK	 
REQUEST	CCDUI	2		TX20_HMCTSReform_CCD_Logout_govuk-template.js	1549622871296	1549622871695	OK	 
REQUEST	CCDUI	1		TX20_HMCTSReform_CCD_Logout_gov.uk_logotype_crown_invert_trans.png	1549622871298	1549622871773	OK	 
REQUEST	CCDUI	2		TX20_HMCTSReform_CCD_Logout_govuk-template-print.css	1549622871298	1549622871773	OK	 
REQUEST	CCDUI	1		TX20_HMCTSReform_CCD_Logout_govuk-template-print.css	1549622871300	1549622871773	OK	 
REQUEST	CCDUI	1		TX20_HMCTSReform_CCD_Logout_govuk-template.js	1549622871299	1549622871793	OK	 
REQUEST	CCDUI	2		TX20_HMCTSReform_CCD_Logout_govuk-template.css	1549622871293	1549622871859	OK	 
REQUEST	CCDUI	1		TX20_HMCTSReform_CCD_Logout_getRedirectURL	1549622871241	1549622871860	OK	 
REQUEST	CCDUI	2		TX20_HMCTSReform_CCD_Logout_getRedirectURL	1549622871241	1549622871865	OK	 
REQUEST	CCDUI	2		TX20_HMCTSReform_CCD_Logout_open-government-licence_2x.png	1549622871707	1549622871891	OK	 
REQUEST	CCDUI	1		TX20_HMCTSReform_CCD_Logout_govuk-template.css	1549622871293	1549622871937	OK	 
REQUEST	CCDUI	1		TX20_HMCTSReform_CCD_Logout_open-government-licence_2x.png	1549622871798	1549622871950	OK	 
REQUEST	CCDUI	1		TX20_HMCTSReform_CCD_Logout_gov.uk_logotype_crown.png	1549622871798	1549622871950	OK	 
REQUEST	CCDUI	2		TX20_HMCTSReform_CCD_Logout_gov.uk_logotype_crown.png	1549622871798	1549622871950	OK	 
REQUEST	CCDUI	2		TX20_HMCTSReform_CCD_Logout_govuk-crest-2x.png	1549622871706	1549622871968	OK	 
REQUEST	CCDUI	1		TX20_HMCTSReform_CCD_Logout_govuk-crest-2x.png	1549622871775	1549622871988	OK	 
REQUEST	CCDUI	2		TX20_HMCTSReform_CCD_Logout_fonts.css	1549622871294	1549622877477	OK	 
REQUEST	CCDUI	1		TX20_HMCTSReform_CCD_Logout_fonts.css	1549622871296	1549622877511	OK	 
REQUEST	CCDUI	2		TX01_HMCTSReform_CCD_Login	1549622879008	1549622879146	OK	 
REQUEST	CCDUI	1		TX01_HMCTSReform_CCD_Login	1549622878769	1549622879192	OK	 
REQUEST	CCDUI	2		TX01_HMCTSReform_CCD_Login_option_profile	1549622879155	1549622879203	OK	 
REQUEST	CCDUI	2		TX01_HMCTSReform_CCD_Login_get_config	1549622879174	1549622879207	OK	 
REQUEST	CCDUI	1		TX01_HMCTSReform_CCD_Login_get_config	1549622879201	1549622879229	OK	 
REQUEST	CCDUI	1		TX01_HMCTSReform_CCD_Login_option_profile	1549622879197	1549622879232	OK	 
REQUEST	CCDUI	2		TX01_HMCTSReform_CCD_Login_get_profile	1549622879155	1549622879262	OK	 
REQUEST	CCDUI	1		TX01_HMCTSReform_CCD_Login_govuk-template-print.css	1549622879200	1549622879264	OK	 
REQUEST	CCDUI	1		TX01_HMCTSReform_CCD_Login_govuk-template.js	1549622879199	1549622879266	OK	 
REQUEST	CCDUI	2		TX01_HMCTSReform_CCD_Login_govuk-template.js	1549622879162	1549622879267	OK	 
REQUEST	CCDUI	1		TX01_HMCTSReform_CCD_Login_gov.uk_logotype_crown_invert_trans.png?	1549622879199	1549622879268	OK	 
REQUEST	CCDUI	2		TX01_HMCTSReform_CCD_Login_gov.uk_logotype_crown_invert_trans.png?	1549622879160	1549622879271	OK	 
REQUEST	CCDUI	2		TX01_HMCTSReform_CCD_Login_govuk-template-print.css	1549622879166	1549622879312	OK	 
REQUEST	CCDUI	1		TX01_HMCTSReform_CCD_Login_get_profile	1549622879197	1549622879315	OK	 
REQUEST	CCDUI	1		TX01_HMCTSReform_CCD_Login_gov.uk_logotype_crown.png	1549622879270	1549622879369	OK	 
REQUEST	CCDUI	1		TX01_HMCTSReform_CCD_Login_open-government-licence_2x.png	1549622879268	1549622879369	OK	 
REQUEST	CCDUI	2		TX01_HMCTSReform_CCD_Login_govuk-crest-2x.png	1549622879270	1549622879401	OK	 
REQUEST	CCDUI	2		TX01_HMCTSReform_CCD_Login_open-government-licence_2x.png	1549622879273	1549622879401	OK	 
REQUEST	CCDUI	1		TX01_HMCTSReform_CCD_Login_govuk-template.css	1549622879199	1549622879442	OK	 
REQUEST	CCDUI	2		TX01_HMCTSReform_CCD_Login_govuk-template.css	1549622879158	1549622879443	OK	 
REQUEST	CCDUI	2		TX01_HMCTSReform_CCD_Login_gov.uk_logotype_crown.png	1549622879313	1549622879444	OK	 
REQUEST	CCDUI	1		TX01_HMCTSReform_CCD_Login_redirectURL	1549622879198	1549622879437	OK	 
REQUEST	CCDUI	2		TX01_HMCTSReform_CCD_Login_redirectURL	1549622879156	1549622879369	OK	 
REQUEST	CCDUI	1		TX01_HMCTSReform_CCD_Login_govuk-crest-2x.png	1549622879265	1549622879494	OK	 
REQUEST	CCDUI	2		TX01_HMCTSReform_CCD_Login_fonts.css	1549622879159	1549622880637	OK	 
REQUEST	CCDUI	1		TX01_HMCTSReform_CCD_Login_fonts.css	1549622879199	1549622880645	OK	 
REQUEST	CCDUI	1		TX02_HMCTSReform_CCD_submitLogin	1549622881824	1549622882208	OK	 
REQUEST	CCDUI	1		TX02_HMCTSReform_CCD_submitLogin_get_config	1549622882214	1549622882240	OK	 
REQUEST	CCDUI	1		TX02_HMCTSReform_CCD_submitLogin_option_oauth2redirect	1549622882244	1549622882279	OK	 
REQUEST	CCDUI	1		TX02_HMCTSReform_CCD_submitLogin_get_oauth2redirect	1549622882280	1549622882393	OK	 
REQUEST	CCDUI	1		TX02_HMCTSReform_CCD_submitLogin_get_config	1549622882394	1549622882424	OK	 
REQUEST	CCDUI	1		TX02_HMCTSReform_CCD_submitLogin_option_profile	1549622882426	1549622882472	OK	 
REQUEST	CCDUI	2		TX02_HMCTSReform_CCD_submitLogin	1549622882200	1549622882557	OK	 
REQUEST	CCDUI	2		TX02_HMCTSReform_CCD_submitLogin_get_config	1549622882559	1549622882587	OK	 
REQUEST	CCDUI	2		TX02_HMCTSReform_CCD_submitLogin_option_oauth2redirect	1549622882588	1549622882619	OK	 
REQUEST	CCDUI	2		TX02_HMCTSReform_CCD_submitLogin_get_oauth2redirect	1549622882621	1549622882783	OK	 
REQUEST	CCDUI	2		TX02_HMCTSReform_CCD_submitLogin_get_config	1549622882785	1549622882814	OK	 
REQUEST	CCDUI	2		TX02_HMCTSReform_CCD_submitLogin_option_profile	1549622882815	1549622882853	OK	 
REQUEST	CCDUI	1		TX02_HMCTSReform_CCD_submitLogin_get_profile	1549622882473	1549622883471	OK	 
REQUEST	CCDUI	2		TX02_HMCTSReform_CCD_submitLogin_get_profile	1549622882855	1549622883775	OK	 
REQUEST	CCDUI	1		TX02_HMCTSReform_CCD_submitLogin_option_case-types_access_read	1549622885456	1549622885606	OK	 
REQUEST	CCDUI	1		TX02_HMCTSReform_CCD_submitLogin_options_work-basket-inputs	1549622885610	1549622885680	OK	 
REQUEST	CCDUI	1		TX02_HMCTSReform_CCD_submitLogin_options_casesview_WORKBASKET&state=TODO&page=1	1549622885611	1549622885735	OK	 
REQUEST	CCDUI	1		TX02_HMCTSReform_CCD_submitLogin_options_pagination_metadata?state=TODO	1549622885612	1549622885772	OK	 
REQUEST	CCDUI	2		TX02_HMCTSReform_CCD_submitLogin_option_case-types_access_read	1549622885759	1549622885806	OK	 
REQUEST	CCDUI	2		TX02_HMCTSReform_CCD_submitLogin_options_work-basket-inputs	1549622885811	1549622885874	OK	 
REQUEST	CCDUI	1		TX02_HMCTSReform_CCD_submitLogin_get_work-basket-inputs	1549622885613	1549622885885	OK	 
REQUEST	CCDUI	2		TX02_HMCTSReform_CCD_submitLogin_options_casesview_WORKBASKET&state=TODO&page=1	1549622885811	1549622885973	OK	 
REQUEST	CCDUI	1		TX02_HMCTSReform_CCD_submitLogin_pagination_metadata?state=TODO	1549622885682	1549622885992	OK	 
REQUEST	CCDUI	2		TX02_HMCTSReform_CCD_submitLogin_options_pagination_metadata?state=TODO	1549622885812	1549622886005	OK	 
REQUEST	CCDUI	2		TX02_HMCTSReform_CCD_submitLogin_pagination_metadata?state=TODO	1549622885875	1549622886085	OK	 
REQUEST	CCDUI	2		TX02_HMCTSReform_CCD_submitLogin_get_work-basket-inputs	1549622885812	1549622886174	OK	 
REQUEST	CCDUI	2		TX02_HMCTSReform_CCD_submitLogin_get_casesview_WORKBASKET&state=TODO&page=1	1549622885813	1549622886283	OK	 
REQUEST	CCDUI	1		TX02_HMCTSReform_CCD_submitLogin_get_casesview_WORKBASKET&state=TODO&page=1	1549622885613	1549622886775	OK	 
REQUEST	CCDUI	1		TX02_HMCTSReform_CCD_submitLogin_get_case-types_access_read	1549622885610	1549622891183	OK	 
REQUEST	CCDUI	2		TX02_HMCTSReform_CCD_submitLogin_get_case-types_access_read	1549622885811	1549622891240	OK	 
REQUEST	CCDUI	1		TX03_HMCTSReform_CCD_CreateCase_ClickCreqteCaseButton_options_case-types?access=create	1549622897777	1549622897838	OK	 
REQUEST	CCDUI	2		TX03_HMCTSReform_CCD_CreateCase_ClickCreqteCaseButton_options_case-types?access=create	1549622897878	1549622897942	OK	 
REQUEST	CCDUI	1		TX03_HMCTSReform_CCD_CreateCase_ClickCreqteCaseButton_get_case-types?access=create	1549622897840	1549622898616	OK	 
REQUEST	CCDUI	2		TX03_HMCTSReform_CCD_CreateCase_ClickCreqteCaseButton_get_case-types?access=create	1549622897944	1549622898860	OK	 
REQUEST	CCDUI	2		TX04_HMCTSReform_CCD_CreateCase_startCaseCreation_options_ignore-warning=false	1549622910959	1549622911048	OK	 
REQUEST	CCDUI	2		TX04_HMCTSReform_CCD_CreateCase_startCaseCreation_get_ignore-warning=false	1549622911050	1549622911686	OK	 
REQUEST	CCDUI	2		TX04_HMCTSReform_CCD_CreateCase_startCaseCreation_get_II_ignore-warning=false	1549622911051	1549622911726	OK	 
REQUEST	CCDUI	1		TX04_HMCTSReform_CCD_CreateCase_startCaseCreation_options_ignore-warning=false	1549622918347	1549622918394	OK	 
REQUEST	CCDUI	1		TX04_HMCTSReform_CCD_CreateCase_startCaseCreation_get_II_ignore-warning=false	1549622918397	1549622919076	OK	 
REQUEST	CCDUI	1		TX04_HMCTSReform_CCD_CreateCase_startCaseCreation_get_ignore-warning=false	1549622918396	1549622919081	OK	 
REQUEST	CCDUI	2		TX05_HMCTSReform_CCD_CreateCase_Validate_validateFirstPage_options_validate	1549622928057	1549622928112	OK	 
REQUEST	CCDUI	2		TX05_HMCTSReform_CCD_CreateCase_Validate_validateFirstPage_post_validate	1549622928123	1549622928241	OK	 
REQUEST	CCDUI	2		TX06_HMCTSReform_CCD_CreateCase_Validate_validateSecondPage_options_validate	1549622929256	1549622929447	OK	 
REQUEST	CCDUI	2		TX06_HMCTSReform_CCD_CreateCase_Validate_validateSecondPage_post_validate	1549622929448	1549622929958	OK	 
REQUEST	CCDUI	2		TX07.1_HMCTSReform_CCD_CreateCase_UploadDocument_1MB.pdf	1549622931586	1549622934750	OK	 
REQUEST	CCDUI	1		TX05_HMCTSReform_CCD_CreateCase_Validate_validateFirstPage_options_validate	1549622936936	1549622936984	OK	 
REQUEST	CCDUI	1		TX05_HMCTSReform_CCD_CreateCase_Validate_validateFirstPage_post_validate	1549622936986	1549622937204	OK	 
REQUEST	CCDUI	2		TX07_HMCTSReform_CCD_CreateCase_Validate_validateThirdPage_options_validate	1549622938329	1549622938390	OK	 
REQUEST	CCDUI	2		TX07_HMCTSReform_CCD_CreateCase_Validate_validateThirdPage_post_validate	1549622938392	1549622938523	OK	 
REQUEST	CCDUI	1		TX06_HMCTSReform_CCD_CreateCase_Validate_validateSecondPage_options_validate	1549622939027	1549622939072	OK	 
REQUEST	CCDUI	1		TX06_HMCTSReform_CCD_CreateCase_Validate_validateSecondPage_post_validate	1549622939073	1549622939194	OK	 
REQUEST	CCDUI	2		TX08_HMCTSReform_CCD_CreateCase_SubmitCase_options_cases?ignore-warning=false	1549622940200	1549622940248	OK	 
REQUEST	CCDUI	2		TX08_HMCTSReform_CCD_CreateCase_SubmitCase_post_cases?ignore-warning=false	1549622940250	1549622940574	OK	 
REQUEST	CCDUI	2		TX09_HMCTSReform_CCD_CreateCase_NewCaseDisplay_options_get	1549622941759	1549622941806	OK	 
REQUEST	CCDUI	2		TX09_HMCTSReform_CCD_CreateCase_NewCaseDisplay_get	1549622941808	1549622942334	OK	 
REQUEST	CCDUI	2		TX09.1.1_HMCTSReform_CCD_CreateCase_NewCaseDisplayThirdTab_get	1549622943547	1549622945941	OK	 
REQUEST	CCDUI	1		TX07.1_HMCTSReform_CCD_CreateCase_UploadDocument_2MB.pdf	1549622940954	1549622949046	OK	 
REQUEST	CCDUI	2		TX09.1.2_HMCTSReform_CCD_CreateCase_get_1MB.pdf_ViewDocument	1549622947717	1549622949062	OK	 
REQUEST	CCDUI	1		TX07_HMCTSReform_CCD_CreateCase_Validate_validateThirdPage_options_validate	1549622951976	1549622952023	OK	 
REQUEST	CCDUI	1		TX07_HMCTSReform_CCD_CreateCase_Validate_validateThirdPage_post_validate	1549622952025	1549622952258	OK	 
REQUEST	CCDUI	2		TX09.4_HMCTSReform_CCD_UpdateCase_UpdateMarkAsDone_options_start	1549622952208	1549622952260	OK	 
REQUEST	CCDUI	2		TX09.5_HMCTSReform_CCD_UpdateCase_UpdateMarkAsDone_get_start	1549622952262	1549622952858	OK	 
REQUEST	CCDUI	1		TX08_HMCTSReform_CCD_CreateCase_SubmitCase_options_cases?ignore-warning=false	1549622954079	1549622954140	OK	 
REQUEST	CCDUI	2		TX09.6_HMCTSReform_CCD_UpdateCase_UpdateMarkAsDone_POST_options_updatepoststart	1549622954158	1549622954204	OK	 
REQUEST	CCDUI	1		TX08_HMCTSReform_CCD_CreateCase_SubmitCase_post_cases?ignore-warning=false	1549622954142	1549622954500	OK	 
REQUEST	CCDUI	2		TX09.7_HMCTSReform_CCD_UpdateCase_UpdateMarkAsDone_POST_updatepoststart	1549622954206	1549622954501	OK	 
REQUEST	CCDUI	1		TX09_HMCTSReform_CCD_CreateCase_NewCaseDisplay_options_get	1549622955948	1549622956008	OK	 
REQUEST	CCDUI	2		TX09_HMCTSReform_CCD_CreateCase_NewCaseDisplay_options_get	1549622955987	1549622956037	OK	 
REQUEST	CCDUI	1		TX09_HMCTSReform_CCD_CreateCase_NewCaseDisplay_get	1549622956010	1549622956911	OK	 
REQUEST	CCDUI	2		TX09_HMCTSReform_CCD_CreateCase_NewCaseDisplay_get	1549622956039	1549622957148	OK	 
REQUEST	CCDUI	2		TX10_HMCTSReform_CCD_UISearchAndViewCase_SearchRequest_ByJurisdiction_CaseType_State_option_work_basket_inputs	1549622958628	1549622958678	OK	 
REQUEST	CCDUI	2		TX11_HMCTSReform_CCD_UISearchAndViewCase_SearchRequest_ByJurisdiction_CaseType_State_get_work_basket_inputs	1549622958679	1549622958840	OK	 
REQUEST	CCDUI	1		TX09.1.1_HMCTSReform_CCD_CreateCase_NewCaseDisplayThirdTab_get	1549622958836	1549622959335	OK	 
REQUEST	CCDUI	2		TX12_HMCTSReform_CCD_UISearchAndViewCase_SearchResult_ByJurisdiction_CaseType_State_optionscases_view_WORKBASKE	1549622960278	1549622960725	OK	 
REQUEST	CCDUI	2		TX13_HMCTSReform_CCD_UISearchAndViewCase_SearchResult_ByJurisdiction_CaseType_State_optionspagination_metadata	1549622960726	1549622961242	OK	 
REQUEST	CCDUI	2		TX15_HMCTSReform_CCD_UISearchAndViewCase_SearchResult_ByJurisdiction_CaseType_State_getpagination_metadata	1549622960727	1549622961242	OK	 
REQUEST	CCDUI	2		TX14_HMCTSReform_CCD_UISearchAndViewCase_SearchResult_ByJurisdiction_CaseType_State_getcases_view_WORKBASKE	1549622960727	1549622963381	OK	 
REQUEST	CCDUI	1		TX09.1.2_HMCTSReform_CCD_CreateCase_get_2MB.pdf_ViewDocument	1549622961168	1549622965085	OK	 
REQUEST	CCDUI	2		TX16_HMCTSReform_CCD_UISearchAndViewCase_SelectAndViewCase_options	1549622965197	1549622965255	OK	 
REQUEST	CCDUI	2		TX17_HMCTSReform_CCD_UISearchAndViewCase_SelectAndViewCase_get	1549622965258	1549622965812	OK	 
REQUEST	CCDUI	2		TX20_HMCTSReform_CCD_Logout	1549622966888	1549622966938	OK	 
REQUEST	CCDUI	2		TX20_HMCTSReform_CCD_Logout_getLogout	1549622966943	1549622967149	OK	 
REQUEST	CCDUI	1		TX09.4_HMCTSReform_CCD_UpdateCase_UpdateMarkAsDone_options_start	1549622968268	1549622968311	OK	 
REQUEST	CCDUI	1		TX09.5_HMCTSReform_CCD_UpdateCase_UpdateMarkAsDone_get_start	1549622968314	1549622968951	OK	 
REQUEST	CCDUI	2		TX20_HMCTSReform_CCD_Logout	1549622968948	1549622969106	OK	 
REQUEST	CCDUI	1		TX09.6_HMCTSReform_CCD_UpdateCase_UpdateMarkAsDone_POST_options_updatepoststart	1549622970667	1549622970717	OK	 
REQUEST	CCDUI	2		TX01_HMCTSReform_CCD_Login	1549622970659	1549622970795	OK	 
REQUEST	CCDUI	2		TX01_HMCTSReform_CCD_Login_option_profile	1549622970799	1549622970830	OK	 
REQUEST	CCDUI	1		TX09.7_HMCTSReform_CCD_UpdateCase_UpdateMarkAsDone_POST_updatepoststart	1549622970719	1549622970984	OK	 
REQUEST	CCDUI	1		TX09_HMCTSReform_CCD_CreateCase_NewCaseDisplay_options_get	1549622972596	1549622972646	OK	 
REQUEST	CCDUI	1		TX09_HMCTSReform_CCD_CreateCase_NewCaseDisplay_get	1549622972648	1549622972846	OK	 
REQUEST	CCDUI	2		TX02_HMCTSReform_CCD_submitLogin	1549622972559	1549622973134	OK	 
REQUEST	CCDUI	2		TX02_HMCTSReform_CCD_submitLogin_get_config	1549622973135	1549622973163	OK	 
REQUEST	CCDUI	2		TX02_HMCTSReform_CCD_submitLogin_option_oauth2redirect	1549622973164	1549622973190	OK	 
REQUEST	CCDUI	2		TX02_HMCTSReform_CCD_submitLogin_get_oauth2redirect	1549622973191	1549622973285	OK	 
REQUEST	CCDUI	2		TX02_HMCTSReform_CCD_submitLogin_get_config	1549622973286	1549622973317	OK	 
REQUEST	CCDUI	2		TX02_HMCTSReform_CCD_submitLogin_option_profile	1549622973318	1549622973363	OK	 
REQUEST	CCDUI	2		TX02_HMCTSReform_CCD_submitLogin_get_profile	1549622973364	1549622974505	OK	 
REQUEST	CCDUI	1		TX10_HMCTSReform_CCD_UISearchAndViewCase_SearchRequest_ByJurisdiction_CaseType_State_option_work_basket_inputs	1549622974749	1549622974848	OK	 
REQUEST	CCDUI	1		TX11_HMCTSReform_CCD_UISearchAndViewCase_SearchRequest_ByJurisdiction_CaseType_State_get_work_basket_inputs	1549622974850	1549622975147	OK	 
REQUEST	CCDUI	1		TX12_HMCTSReform_CCD_UISearchAndViewCase_SearchResult_ByJurisdiction_CaseType_State_optionscases_view_WORKBASKE	1549622976149	1549622976442	OK	 
REQUEST	CCDUI	1		TX14_HMCTSReform_CCD_UISearchAndViewCase_SearchResult_ByJurisdiction_CaseType_State_getcases_view_WORKBASKE	1549622976444	1549622977612	OK	 
REQUEST	CCDUI	1		TX13_HMCTSReform_CCD_UISearchAndViewCase_SearchResult_ByJurisdiction_CaseType_State_optionspagination_metadata	1549622976444	1549622977614	OK	 
REQUEST	CCDUI	2		TX02_HMCTSReform_CCD_submitLogin_option_case-types_access_read	1549622976487	1549622977642	OK	 
REQUEST	CCDUI	2		TX02_HMCTSReform_CCD_submitLogin_options_work-basket-inputs	1549622977645	1549622977702	OK	 
REQUEST	CCDUI	2		TX02_HMCTSReform_CCD_submitLogin_options_casesview_WORKBASKET&state=TODO&page=1	1549622977646	1549622977713	OK	 
REQUEST	CCDUI	2		TX02_HMCTSReform_CCD_submitLogin_pagination_metadata?state=TODO	1549622977703	1549622977823	OK	 
REQUEST	CCDUI	2		TX02_HMCTSReform_CCD_submitLogin_options_pagination_metadata?state=TODO	1549622977646	1549622977825	OK	 
REQUEST	CCDUI	1		TX15_HMCTSReform_CCD_UISearchAndViewCase_SearchResult_ByJurisdiction_CaseType_State_getpagination_metadata	1549622976444	1549622977859	OK	 
REQUEST	CCDUI	2		TX02_HMCTSReform_CCD_submitLogin_get_work-basket-inputs	1549622977647	1549622977911	OK	 
REQUEST	CCDUI	2		TX02_HMCTSReform_CCD_submitLogin_get_casesview_WORKBASKET&state=TODO&page=1	1549622977647	1549622978049	OK	 
REQUEST	CCDUI	2		TX02_HMCTSReform_CCD_submitLogin_get_case-types_access_read	1549622977645	1549622978473	OK	 
REQUEST	CCDUI	1		TX16_HMCTSReform_CCD_UISearchAndViewCase_SelectAndViewCase_options	1549622979177	1549622979287	OK	 
REQUEST	CCDUI	1		TX17_HMCTSReform_CCD_UISearchAndViewCase_SelectAndViewCase_get	1549622979288	1549622979509	OK	 
REQUEST	CCDUI	1		TX20_HMCTSReform_CCD_Logout	1549622980696	1549622980743	OK	 
REQUEST	CCDUI	1		TX20_HMCTSReform_CCD_Logout_getLogout	1549622980746	1549622981019	OK	 
REQUEST	CCDUI	1		TX20_HMCTSReform_CCD_Logout	1549622982725	1549622982751	OK	 
REQUEST	CCDUI	1		TX01_HMCTSReform_CCD_Login	1549622984596	1549622984703	OK	 
REQUEST	CCDUI	1		TX01_HMCTSReform_CCD_Login_option_profile	1549622984706	1549622984748	OK	 
REQUEST	CCDUI	2		TX03_HMCTSReform_CCD_CreateCase_ClickCreqteCaseButton_options_case-types?access=create	1549622984976	1549622985063	OK	 
REQUEST	CCDUI	2		TX03_HMCTSReform_CCD_CreateCase_ClickCreqteCaseButton_get_case-types?access=create	1549622985064	1549622985857	OK	 
REQUEST	CCDUI	1		TX02_HMCTSReform_CCD_submitLogin	1549622986069	1549622986752	OK	 
REQUEST	CCDUI	1		TX02_HMCTSReform_CCD_submitLogin_get_config	1549622986753	1549622986817	OK	 
REQUEST	CCDUI	1		TX02_HMCTSReform_CCD_submitLogin_option_oauth2redirect	1549622986819	1549622986853	OK	 
REQUEST	CCDUI	1		TX02_HMCTSReform_CCD_submitLogin_get_oauth2redirect	1549622986854	1549622987027	OK	 
REQUEST	CCDUI	1		TX02_HMCTSReform_CCD_submitLogin_get_config	1549622987029	1549622987074	OK	 
REQUEST	CCDUI	1		TX02_HMCTSReform_CCD_submitLogin_option_profile	1549622987075	1549622987118	OK	 
REQUEST	CCDUI	1		TX02_HMCTSReform_CCD_submitLogin_get_profile	1549622987120	1549622991482	OK	 
REQUEST	CCDUI	1		TX02_HMCTSReform_CCD_submitLogin_option_case-types_access_read	1549622993477	1549622993529	OK	 
REQUEST	CCDUI	1		TX02_HMCTSReform_CCD_submitLogin_options_work-basket-inputs	1549622993532	1549622993583	OK	 
REQUEST	CCDUI	1		TX02_HMCTSReform_CCD_submitLogin_options_casesview_WORKBASKET&state=TODO&page=1	1549622993532	1549622993618	OK	 
REQUEST	CCDUI	1		TX02_HMCTSReform_CCD_submitLogin_pagination_metadata?state=TODO	1549622993583	1549622993698	OK	 
REQUEST	CCDUI	1		TX02_HMCTSReform_CCD_submitLogin_options_pagination_metadata?state=TODO	1549622993532	1549622993698	OK	 
REQUEST	CCDUI	1		TX02_HMCTSReform_CCD_submitLogin_get_work-basket-inputs	1549622993533	1549622993790	OK	 
REQUEST	CCDUI	1		TX02_HMCTSReform_CCD_submitLogin_get_casesview_WORKBASKET&state=TODO&page=1	1549622993533	1549622993925	OK	 
REQUEST	CCDUI	1		TX02_HMCTSReform_CCD_submitLogin_get_case-types_access_read	1549622993532	1549622994597	OK	 
REQUEST	CCDUI	2		TX04_HMCTSReform_CCD_CreateCase_startCaseCreation_options_ignore-warning=false	1549622999589	1549622999634	OK	 
REQUEST	CCDUI	2		TX04_HMCTSReform_CCD_CreateCase_startCaseCreation_get_II_ignore-warning=false	1549622999636	1549623000418	OK	 
REQUEST	CCDUI	2		TX04_HMCTSReform_CCD_CreateCase_startCaseCreation_get_ignore-warning=false	1549622999636	1549623000678	OK	 
REQUEST	CCDUI	1		TX03_HMCTSReform_CCD_CreateCase_ClickCreqteCaseButton_options_case-types?access=create	1549623001377	1549623001426	OK	 
REQUEST	CCDUI	1		TX03_HMCTSReform_CCD_CreateCase_ClickCreqteCaseButton_get_case-types?access=create	1549623001427	1549623002634	OK	 
REQUEST	CCDUI	2		TX05_HMCTSReform_CCD_CreateCase_Validate_validateFirstPage_options_validate	1549623013688	1549623013735	OK	 
REQUEST	CCDUI	2		TX05_HMCTSReform_CCD_CreateCase_Validate_validateFirstPage_post_validate	1549623013736	1549623013948	OK	 
REQUEST	CCDUI	2		TX06_HMCTSReform_CCD_CreateCase_Validate_validateSecondPage_options_validate	1549623015497	1549623015754	OK	 
REQUEST	CCDUI	2		TX06_HMCTSReform_CCD_CreateCase_Validate_validateSecondPage_post_validate	1549623015755	1549623015976	OK	 
REQUEST	CCDUI	1		TX04_HMCTSReform_CCD_CreateCase_startCaseCreation_options_ignore-warning=false	1549623016966	1549623017446	OK	 
REQUEST	CCDUI	1		TX04_HMCTSReform_CCD_CreateCase_startCaseCreation_get_ignore-warning=false	1549623017448	1549623021081	OK	 
REQUEST	CCDUI	1		TX04_HMCTSReform_CCD_CreateCase_startCaseCreation_get_II_ignore-warning=false	1549623017448	1549623021119	OK	 
REQUEST	CCDUI	2		TX07.1_HMCTSReform_CCD_CreateCase_UploadDocument_2MB.pdf	1549623017318	1549623032028	OK	 
REQUEST	CCDUI	1		TX05_HMCTSReform_CCD_CreateCase_Validate_validateFirstPage_options_validate	1549623033697	1549623033746	OK	 
REQUEST	CCDUI	1		TX05_HMCTSReform_CCD_CreateCase_Validate_validateFirstPage_post_validate	1549623033748	1549623033857	OK	 
REQUEST	CCDUI	2		TX07_HMCTSReform_CCD_CreateCase_Validate_validateThirdPage_options_validate	1549623034986	1549623035024	OK	 
REQUEST	CCDUI	2		TX07_HMCTSReform_CCD_CreateCase_Validate_validateThirdPage_post_validate	1549623035026	1549623035176	OK	 
REQUEST	CCDUI	1		TX06_HMCTSReform_CCD_CreateCase_Validate_validateSecondPage_options_validate	1549623035478	1549623035528	OK	 
REQUEST	CCDUI	1		TX06_HMCTSReform_CCD_CreateCase_Validate_validateSecondPage_post_validate	1549623035529	1549623035639	OK	 
REQUEST	CCDUI	2		TX08_HMCTSReform_CCD_CreateCase_SubmitCase_options_cases?ignore-warning=false	1549623036356	1549623036424	OK	 
REQUEST	CCDUI	2		TX08_HMCTSReform_CCD_CreateCase_SubmitCase_post_cases?ignore-warning=false	1549623036426	1549623036685	OK	 
REQUEST	CCDUI	2		TX09_HMCTSReform_CCD_CreateCase_NewCaseDisplay_options_get	1549623038668	1549623038722	OK	 
REQUEST	CCDUI	1		TX07.1_HMCTSReform_CCD_CreateCase_UploadDocument_1MB.pdf	1549623036918	1549623038840	OK	 
REQUEST	CCDUI	2		TX09_HMCTSReform_CCD_CreateCase_NewCaseDisplay_get	1549623038723	1549623039233	OK	 
REQUEST	CCDUI	1		TX07_HMCTSReform_CCD_CreateCase_Validate_validateThirdPage_options_validate	1549623041639	1549623041693	OK	 
REQUEST	CCDUI	1		TX07_HMCTSReform_CCD_CreateCase_Validate_validateThirdPage_post_validate	1549623041695	1549623041828	OK	 
REQUEST	CCDUI	2		TX09.1.1_HMCTSReform_CCD_CreateCase_NewCaseDisplayThirdTab_get	1549623040999	1549623042008	OK	 
REQUEST	CCDUI	1		TX08_HMCTSReform_CCD_CreateCase_SubmitCase_options_cases?ignore-warning=false	1549623042917	1549623042965	OK	 
REQUEST	CCDUI	1		TX08_HMCTSReform_CCD_CreateCase_SubmitCase_post_cases?ignore-warning=false	1549623042967	1549623043168	OK	 
REQUEST	CCDUI	1		TX09_HMCTSReform_CCD_CreateCase_NewCaseDisplay_options_get	1549623044947	1549623045294	OK	 
REQUEST	CCDUI	1		TX09_HMCTSReform_CCD_CreateCase_NewCaseDisplay_get	1549623045295	1549623045969	OK	 
REQUEST	CCDUI	1		TX09.1.1_HMCTSReform_CCD_CreateCase_NewCaseDisplayThirdTab_get	1549623047317	1549623047600	OK	 
REQUEST	CCDUI	2		TX09.1.2_HMCTSReform_CCD_CreateCase_get_2MB.pdf_ViewDocument	1549623043878	1549623048630	OK	 
REQUEST	CCDUI	1		TX09.1.2_HMCTSReform_CCD_CreateCase_get_1MB.pdf_ViewDocument	1549623048867	1549623050041	OK	 
REQUEST	CCDUI	2		TX09.1_HMCTSReform_CCD_UpdateCase_UpdateStart_options_start	1549623051406	1549623051447	OK	 
REQUEST	CCDUI	2		TX09.2_HMCTSReform_CCD_UpdateCase_UpdateStart_get_start	1549623051449	1549623051886	OK	 
REQUEST	CCDUI	1		TX09.4_HMCTSReform_CCD_UpdateCase_UpdateMarkAsDone_options_start	1549623052988	1549623053037	OK	 
REQUEST	CCDUI	2		TX09.3_HMCTSReform_CCD_UpdateCase_UpdateStart_POST_options_updatepoststart	1549623053487	1549623053532	OK	 
REQUEST	CCDUI	1		TX09.5_HMCTSReform_CCD_UpdateCase_UpdateMarkAsDone_get_start	1549623053039	1549623053701	OK	 
REQUEST	CCDUI	2		TX09.4_HMCTSReform_CCD_UpdateCase_UpdateStart_POST_updatepoststart	1549623053533	1549623053728	OK	 
REQUEST	CCDUI	2		TX09_HMCTSReform_CCD_CreateCase_NewCaseDisplay_options_get	1549623054877	1549623054935	OK	 
REQUEST	CCDUI	1		TX09.6_HMCTSReform_CCD_UpdateCase_UpdateMarkAsDone_POST_options_updatepoststart	1549623055217	1549623055264	OK	 
REQUEST	CCDUI	1		TX09.7_HMCTSReform_CCD_UpdateCase_UpdateMarkAsDone_POST_updatepoststart	1549623055265	1549623055493	OK	 
REQUEST	CCDUI	2		TX09_HMCTSReform_CCD_CreateCase_NewCaseDisplay_get	1549623054936	1549623055568	OK	 
REQUEST	CCDUI	2		TX09.4_HMCTSReform_CCD_UpdateCase_UpdateMarkAsDone_options_start	1549623056749	1549623056794	OK	 
REQUEST	CCDUI	1		TX09_HMCTSReform_CCD_CreateCase_NewCaseDisplay_options_get	1549623056916	1549623056981	OK	 
REQUEST	CCDUI	2		TX09.5_HMCTSReform_CCD_UpdateCase_UpdateMarkAsDone_get_start	1549623056795	1549623057258	OK	 
REQUEST	CCDUI	1		TX09_HMCTSReform_CCD_CreateCase_NewCaseDisplay_get	1549623056983	1549623057378	OK	 
REQUEST	CCDUI	1		TX10_HMCTSReform_CCD_UISearchAndViewCase_SearchRequest_ByJurisdiction_CaseType_State_option_work_basket_inputs	1549623058717	1549623059307	OK	 
REQUEST	CCDUI	2		TX09.6_HMCTSReform_CCD_UpdateCase_UpdateMarkAsDone_POST_options_updatepoststart	1549623059006	1549623059316	OK	 
REQUEST	CCDUI	1		TX11_HMCTSReform_CCD_UISearchAndViewCase_SearchRequest_ByJurisdiction_CaseType_State_get_work_basket_inputs	1549623059308	1549623059475	OK	 
REQUEST	CCDUI	2		TX09.7_HMCTSReform_CCD_UpdateCase_UpdateMarkAsDone_POST_updatepoststart	1549623059319	1549623059638	OK	 
REQUEST	CCDUI	1		TX12_HMCTSReform_CCD_UISearchAndViewCase_SearchResult_ByJurisdiction_CaseType_State_optionscases_view_WORKBASKE	1549623061117	1549623061269	OK	 
REQUEST	CCDUI	1		TX13_HMCTSReform_CCD_UISearchAndViewCase_SearchResult_ByJurisdiction_CaseType_State_optionspagination_metadata	1549623061270	1549623061318	OK	 
REQUEST	CCDUI	1		TX15_HMCTSReform_CCD_UISearchAndViewCase_SearchResult_ByJurisdiction_CaseType_State_getpagination_metadata	1549623061271	1549623061513	OK	 
REQUEST	CCDUI	1		TX14_HMCTSReform_CCD_UISearchAndViewCase_SearchResult_ByJurisdiction_CaseType_State_getcases_view_WORKBASKE	1549623061271	1549623061572	OK	 
REQUEST	CCDUI	2		TX09_HMCTSReform_CCD_CreateCase_NewCaseDisplay_options_get	1549623061548	1549623061606	OK	 
REQUEST	CCDUI	2		TX09_HMCTSReform_CCD_CreateCase_NewCaseDisplay_get	1549623061608	1549623061842	OK	 
REQUEST	CCDUI	1		TX16_HMCTSReform_CCD_UISearchAndViewCase_SelectAndViewCase_options	1549623062637	1549623062692	OK	 
REQUEST	CCDUI	1		TX17_HMCTSReform_CCD_UISearchAndViewCase_SelectAndViewCase_get	1549623062693	1549623063109	OK	 
REQUEST	CCDUI	2		TX10_HMCTSReform_CCD_UISearchAndViewCase_SearchRequest_ByJurisdiction_CaseType_State_option_work_basket_inputs	1549623063676	1549623063726	OK	 
REQUEST	CCDUI	2		TX11_HMCTSReform_CCD_UISearchAndViewCase_SearchRequest_ByJurisdiction_CaseType_State_get_work_basket_inputs	1549623063728	1549623063854	OK	 
REQUEST	CCDUI	1		TX20_HMCTSReform_CCD_Logout	1549623064297	1549623064338	OK	 
REQUEST	CCDUI	1		TX20_HMCTSReform_CCD_Logout_getLogout	1549623064342	1549623064548	OK	 
REQUEST	CCDUI	2		TX12_HMCTSReform_CCD_UISearchAndViewCase_SearchResult_ByJurisdiction_CaseType_State_optionscases_view_WORKBASKE	1549623065278	1549623065322	OK	 
REQUEST	CCDUI	2		TX13_HMCTSReform_CCD_UISearchAndViewCase_SearchResult_ByJurisdiction_CaseType_State_optionspagination_metadata	1549623065323	1549623065364	OK	 
REQUEST	CCDUI	2		TX15_HMCTSReform_CCD_UISearchAndViewCase_SearchResult_ByJurisdiction_CaseType_State_getpagination_metadata	1549623065324	1549623065508	OK	 
REQUEST	CCDUI	2		TX14_HMCTSReform_CCD_UISearchAndViewCase_SearchResult_ByJurisdiction_CaseType_State_getcases_view_WORKBASKE	1549623065323	1549623065745	OK	 
REQUEST	CCDUI	1		TX20_HMCTSReform_CCD_Logout	1549623066498	1549623066530	OK	 
REQUEST	CCDUI	2		TX16_HMCTSReform_CCD_UISearchAndViewCase_SelectAndViewCase_options	1549623067116	1549623067170	OK	 
REQUEST	CCDUI	1		TX01_HMCTSReform_CCD_Login	1549623067688	1549623067810	OK	 
REQUEST	CCDUI	1		TX01_HMCTSReform_CCD_Login_option_profile	1549623067814	1549623067842	OK	 
REQUEST	CCDUI	2		TX17_HMCTSReform_CCD_UISearchAndViewCase_SelectAndViewCase_get	1549623067172	1549623067854	OK	 
REQUEST	CCDUI	2		TX20_HMCTSReform_CCD_Logout	1549623069668	1549623069727	OK	 
REQUEST	CCDUI	2		TX20_HMCTSReform_CCD_Logout_getLogout	1549623069730	1549623069890	OK	 
REQUEST	CCDUI	1		TX02_HMCTSReform_CCD_submitLogin	1549623069239	1549623069902	OK	 
REQUEST	CCDUI	1		TX02_HMCTSReform_CCD_submitLogin_get_config	1549623069903	1549623069937	OK	 
REQUEST	CCDUI	1		TX02_HMCTSReform_CCD_submitLogin_option_oauth2redirect	1549623069938	1549623069974	OK	 
REQUEST	CCDUI	1		TX02_HMCTSReform_CCD_submitLogin_get_oauth2redirect	1549623069975	1549623070101	OK	 
REQUEST	CCDUI	1		TX02_HMCTSReform_CCD_submitLogin_get_config	1549623070102	1549623070133	OK	 
REQUEST	CCDUI	1		TX02_HMCTSReform_CCD_submitLogin_option_profile	1549623070134	1549623070179	OK	 
REQUEST	CCDUI	1		TX02_HMCTSReform_CCD_submitLogin_get_profile	1549623070179	1549623071166	OK	 
REQUEST	CCDUI	2		TX20_HMCTSReform_CCD_Logout	1549623071068	1549623071190	OK	 
REQUEST	CCDUI	1		TX02_HMCTSReform_CCD_submitLogin_option_case-types_access_read	1549623073167	1549623075690	OK	 
REQUEST	CCDUI	1		TX02_HMCTSReform_CCD_submitLogin_options_casesview_WORKBASKET&state=TODO&page=1	1549623075693	1549623075824	OK	 
REQUEST	CCDUI	1		TX02_HMCTSReform_CCD_submitLogin_options_work-basket-inputs	1549623075693	1549623075825	OK	 
REQUEST	CCDUI	1		TX02_HMCTSReform_CCD_submitLogin_options_pagination_metadata?state=TODO	1549623075693	1549623075990	OK	 
REQUEST	CCDUI	1		TX02_HMCTSReform_CCD_submitLogin_pagination_metadata?state=TODO	1549623075825	1549623076098	OK	 
REQUEST	CCDUI	1		TX02_HMCTSReform_CCD_submitLogin_get_work-basket-inputs	1549623075694	1549623076170	OK	 
REQUEST	CCDUI	1		TX02_HMCTSReform_CCD_submitLogin_get_casesview_WORKBASKET&state=TODO&page=1	1549623075695	1549623076287	OK	 
REQUEST	CCDUI	1		TX02_HMCTSReform_CCD_submitLogin_get_case-types_access_read	1549623075693	1549623076685	OK	 
REQUEST	CCDUI	2		TX01_HMCTSReform_CCD_Login	1549623072567	1549623079867	OK	 
REQUEST	CCDUI	2		TX01_HMCTSReform_CCD_Login_option_profile	1549623079869	1549623079895	OK	 
REQUEST	CCDUI	2		TX02_HMCTSReform_CCD_submitLogin	1549623081317	1549623081875	OK	 
REQUEST	CCDUI	2		TX02_HMCTSReform_CCD_submitLogin_get_config	1549623081876	1549623081910	OK	 
REQUEST	CCDUI	2		TX02_HMCTSReform_CCD_submitLogin_option_oauth2redirect	1549623081911	1549623082058	OK	 
REQUEST	CCDUI	2		TX02_HMCTSReform_CCD_submitLogin_get_oauth2redirect	1549623082059	1549623082175	OK	 
REQUEST	CCDUI	2		TX02_HMCTSReform_CCD_submitLogin_get_config	1549623082176	1549623082202	OK	 
REQUEST	CCDUI	2		TX02_HMCTSReform_CCD_submitLogin_option_profile	1549623082203	1549623082273	OK	 
REQUEST	CCDUI	1		TX03_HMCTSReform_CCD_CreateCase_ClickCreqteCaseButton_options_case-types?access=create	1549623082966	1549623083008	OK	 
REQUEST	CCDUI	2		TX02_HMCTSReform_CCD_submitLogin_get_profile	1549623082274	1549623083502	OK	 
REQUEST	CCDUI	1		TX03_HMCTSReform_CCD_CreateCase_ClickCreqteCaseButton_get_case-types?access=create	1549623083009	1549623083788	OK	 
REQUEST	CCDUI	2		TX02_HMCTSReform_CCD_submitLogin_option_case-types_access_read	1549623085506	1549623085742	OK	 
REQUEST	CCDUI	2		TX02_HMCTSReform_CCD_submitLogin_options_work-basket-inputs	1549623085744	1549623085967	OK	 
REQUEST	CCDUI	2		TX02_HMCTSReform_CCD_submitLogin_options_casesview_WORKBASKET&state=TODO&page=1	1549623085744	1549623085968	OK	 
REQUEST	CCDUI	2		TX02_HMCTSReform_CCD_submitLogin_pagination_metadata?state=TODO	1549623085968	1549623086268	OK	 
REQUEST	CCDUI	2		TX02_HMCTSReform_CCD_submitLogin_get_work-basket-inputs	1549623085744	1549623086268	OK	 
REQUEST	CCDUI	2		TX02_HMCTSReform_CCD_submitLogin_options_pagination_metadata?state=TODO	1549623085744	1549623086647	OK	 
REQUEST	CCDUI	2		TX02_HMCTSReform_CCD_submitLogin_get_casesview_WORKBASKET&state=TODO&page=1	1549623085745	1549623086801	OK	 
REQUEST	CCDUI	2		TX02_HMCTSReform_CCD_submitLogin_get_case-types_access_read	1549623085744	1549623090536	OK	 
REQUEST	CCDUI	2		TX03_HMCTSReform_CCD_CreateCase_ClickCreqteCaseButton_options_case-types?access=create	1549623096809	1549623096873	OK	 
REQUEST	CCDUI	2		TX03_HMCTSReform_CCD_CreateCase_ClickCreqteCaseButton_get_case-types?access=create	1549623096874	1549623097549	OK	 
REQUEST	CCDUI	1		TX04_HMCTSReform_CCD_CreateCase_startCaseCreation_options_ignore-warning=false	1549623101029	1549623101273	OK	 
REQUEST	CCDUI	1		TX04_HMCTSReform_CCD_CreateCase_startCaseCreation_get_ignore-warning=false	1549623101274	1549623101970	OK	 
REQUEST	CCDUI	1		TX04_HMCTSReform_CCD_CreateCase_startCaseCreation_get_II_ignore-warning=false	1549623101274	1549623103496	OK	 
REQUEST	CCDUI	2		TX04_HMCTSReform_CCD_CreateCase_startCaseCreation_options_ignore-warning=false	1549623112167	1549623112406	OK	 
REQUEST	CCDUI	2		TX04_HMCTSReform_CCD_CreateCase_startCaseCreation_get_ignore-warning=false	1549623112408	1549623112991	OK	 
REQUEST	CCDUI	2		TX04_HMCTSReform_CCD_CreateCase_startCaseCreation_get_II_ignore-warning=false	1549623112408	1549623114067	OK	 
REQUEST	CCDUI	1		TX05_HMCTSReform_CCD_CreateCase_Validate_validateFirstPage_options_validate	1549623117968	1549623118016	OK	 
REQUEST	CCDUI	1		TX05_HMCTSReform_CCD_CreateCase_Validate_validateFirstPage_post_validate	1549623118017	1549623118133	OK	 
REQUEST	CCDUI	1		TX06_HMCTSReform_CCD_CreateCase_Validate_validateSecondPage_options_validate	1549623119718	1549623119762	OK	 
REQUEST	CCDUI	1		TX06_HMCTSReform_CCD_CreateCase_Validate_validateSecondPage_post_validate	1549623119764	1549623119997	OK	 
REQUEST	CCDUI	2		TX05_HMCTSReform_CCD_CreateCase_Validate_validateFirstPage_options_validate	1549623132018	1549623132112	OK	 
REQUEST	CCDUI	2		TX05_HMCTSReform_CCD_CreateCase_Validate_validateFirstPage_post_validate	1549623132113	1549623132248	OK	 
REQUEST	CCDUI	2		TX06_HMCTSReform_CCD_CreateCase_Validate_validateSecondPage_options_validate	1549623133408	1549623133456	OK	 
REQUEST	CCDUI	1		TX07.1_HMCTSReform_CCD_CreateCase_UploadDocument_5MB.pdf	1549623121870	1549623133574	OK	 
REQUEST	CCDUI	2		TX06_HMCTSReform_CCD_CreateCase_Validate_validateSecondPage_post_validate	1549623133457	1549623133587	OK	 
REQUEST	CCDUI	1		TX07_HMCTSReform_CCD_CreateCase_Validate_validateThirdPage_options_validate	1549623136468	1549623136556	OK	 
REQUEST	CCDUI	2		TX07.1_HMCTSReform_CCD_CreateCase_UploadDocument_1MB.pdf	1549623135146	1549623136789	OK	 
REQUEST	CCDUI	1		TX07_HMCTSReform_CCD_CreateCase_Validate_validateThirdPage_post_validate	1549623136557	1549623136857	OK	 
REQUEST	CCDUI	1		TX08_HMCTSReform_CCD_CreateCase_SubmitCase_options_cases?ignore-warning=false	1549623138057	1549623138136	OK	 
REQUEST	CCDUI	1		TX08_HMCTSReform_CCD_CreateCase_SubmitCase_post_cases?ignore-warning=false	1549623138137	1549623139613	OK	 
REQUEST	CCDUI	2		TX07_HMCTSReform_CCD_CreateCase_Validate_validateThirdPage_options_validate	1549623140067	1549623141817	OK	 
REQUEST	CCDUI	1		TX09_HMCTSReform_CCD_CreateCase_NewCaseDisplay_options_get	1549623140647	1549623141962	OK	 
REQUEST	CCDUI	2		TX07_HMCTSReform_CCD_CreateCase_Validate_validateThirdPage_post_validate	1549623141819	1549623141994	OK	 
REQUEST	CCDUI	1		TX09_HMCTSReform_CCD_CreateCase_NewCaseDisplay_get	1549623141964	1549623142550	OK	 
REQUEST	CCDUI	2		TX08_HMCTSReform_CCD_CreateCase_SubmitCase_options_cases?ignore-warning=false	1549623143778	1549623143827	OK	 
REQUEST	CCDUI	2		TX08_HMCTSReform_CCD_CreateCase_SubmitCase_post_cases?ignore-warning=false	1549623143828	1549623144205	OK	 
REQUEST	CCDUI	1		TX09.1.1_HMCTSReform_CCD_CreateCase_NewCaseDisplayThirdTab_get	1549623144278	1549623144578	OK	 
REQUEST	CCDUI	2		TX09_HMCTSReform_CCD_CreateCase_NewCaseDisplay_options_get	1549623145367	1549623145418	OK	 
REQUEST	CCDUI	2		TX09_HMCTSReform_CCD_CreateCase_NewCaseDisplay_get	1549623145419	1549623145979	OK	 
REQUEST	CCDUI	2		TX09.1.1_HMCTSReform_CCD_CreateCase_NewCaseDisplayThirdTab_get	1549623147786	1549623148123	OK	 
REQUEST	CCDUI	1		TX09.1.2_HMCTSReform_CCD_CreateCase_get_5MB.pdf_ViewDocument	1549623146148	1549623149112	OK	 
REQUEST	CCDUI	2		TX09.1.2_HMCTSReform_CCD_CreateCase_get_1MB.pdf_ViewDocument	1549623149237	1549623150788	OK	 
REQUEST	CCDUI	1		TX09.4_HMCTSReform_CCD_UpdateCase_UpdateMarkAsDone_options_start	1549623152587	1549623152744	OK	 
REQUEST	CCDUI	1		TX09.5_HMCTSReform_CCD_UpdateCase_UpdateMarkAsDone_get_start	1549623152745	1549623153348	OK	 
REQUEST	CCDUI	2		TX09.1_HMCTSReform_CCD_UpdateCase_UpdateStart_options_start	1549623153906	1549623154164	OK	 
REQUEST	CCDUI	2		TX09.2_HMCTSReform_CCD_UpdateCase_UpdateStart_get_start	1549623154165	1549623154836	OK	 
REQUEST	CCDUI	1		TX09.6_HMCTSReform_CCD_UpdateCase_UpdateMarkAsDone_POST_options_updatepoststart	1549623154856	1549623155008	OK	 
REQUEST	CCDUI	1		TX09.7_HMCTSReform_CCD_UpdateCase_UpdateMarkAsDone_POST_updatepoststart	1549623155009	1549623155616	OK	 
REQUEST	CCDUI	2		TX09.3_HMCTSReform_CCD_UpdateCase_UpdateStart_POST_options_updatepoststart	1549623156568	1549623156618	OK	 
REQUEST	CCDUI	2		TX09.4_HMCTSReform_CCD_UpdateCase_UpdateStart_POST_updatepoststart	1549623156619	1549623156840	OK	 
REQUEST	CCDUI	1		TX09_HMCTSReform_CCD_CreateCase_NewCaseDisplay_options_get	1549623157319	1549623157360	OK	 
REQUEST	CCDUI	1		TX09_HMCTSReform_CCD_CreateCase_NewCaseDisplay_get	1549623157361	1549623157807	OK	 
REQUEST	CCDUI	2		TX09_HMCTSReform_CCD_CreateCase_NewCaseDisplay_options_get	1549623158518	1549623158563	OK	 
REQUEST	CCDUI	2		TX09_HMCTSReform_CCD_CreateCase_NewCaseDisplay_get	1549623158565	1549623158813	OK	 
REQUEST	CCDUI	1		TX10_HMCTSReform_CCD_UISearchAndViewCase_SearchRequest_ByJurisdiction_CaseType_State_option_work_basket_inputs	1549623159337	1549623159378	OK	 
REQUEST	CCDUI	1		TX11_HMCTSReform_CCD_UISearchAndViewCase_SearchRequest_ByJurisdiction_CaseType_State_get_work_basket_inputs	1549623159379	1549623159484	OK	 
REQUEST	CCDUI	2		TX09.4_HMCTSReform_CCD_UpdateCase_UpdateMarkAsDone_options_start	1549623160216	1549623160258	OK	 
REQUEST	CCDUI	2		TX09.5_HMCTSReform_CCD_UpdateCase_UpdateMarkAsDone_get_start	1549623160260	1549623160672	OK	 
REQUEST	CCDUI	1		TX12_HMCTSReform_CCD_UISearchAndViewCase_SearchResult_ByJurisdiction_CaseType_State_optionscases_view_WORKBASKE	1549623161456	1549623161500	OK	 
REQUEST	CCDUI	1		TX13_HMCTSReform_CCD_UISearchAndViewCase_SearchResult_ByJurisdiction_CaseType_State_optionspagination_metadata	1549623161501	1549623161567	OK	 
REQUEST	CCDUI	2		TX09.6_HMCTSReform_CCD_UpdateCase_UpdateMarkAsDone_POST_options_updatepoststart	1549623161698	1549623161755	OK	 
REQUEST	CCDUI	1		TX15_HMCTSReform_CCD_UISearchAndViewCase_SearchResult_ByJurisdiction_CaseType_State_getpagination_metadata	1549623161501	1549623161771	OK	 
REQUEST	CCDUI	1		TX14_HMCTSReform_CCD_UISearchAndViewCase_SearchResult_ByJurisdiction_CaseType_State_getcases_view_WORKBASKE	1549623161501	1549623161889	OK	 
REQUEST	CCDUI	2		TX09.7_HMCTSReform_CCD_UpdateCase_UpdateMarkAsDone_POST_updatepoststart	1549623161756	1549623161969	OK	 
REQUEST	CCDUI	1		TX16_HMCTSReform_CCD_UISearchAndViewCase_SelectAndViewCase_options	1549623162978	1549623163020	OK	 
REQUEST	CCDUI	2		TX09_HMCTSReform_CCD_CreateCase_NewCaseDisplay_options_get	1549623163148	1549623163190	OK	 
REQUEST	CCDUI	1		TX17_HMCTSReform_CCD_UISearchAndViewCase_SelectAndViewCase_get	1549623163022	1549623163215	OK	 
REQUEST	CCDUI	2		TX09_HMCTSReform_CCD_CreateCase_NewCaseDisplay_get	1549623163192	1549623163399	OK	 
REQUEST	CCDUI	2		TX10_HMCTSReform_CCD_UISearchAndViewCase_SearchRequest_ByJurisdiction_CaseType_State_option_work_basket_inputs	1549623164757	1549623164806	OK	 
REQUEST	CCDUI	2		TX11_HMCTSReform_CCD_UISearchAndViewCase_SearchRequest_ByJurisdiction_CaseType_State_get_work_basket_inputs	1549623164808	1549623165014	OK	 
REQUEST	CCDUI	1		TX20_HMCTSReform_CCD_Logout	1549623165006	1549623165059	OK	 
REQUEST	CCDUI	1		TX20_HMCTSReform_CCD_Logout_getLogout	1549623165062	1549623165250	OK	 
REQUEST	CCDUI	1		TX20_HMCTSReform_CCD_Logout	1549623166356	1549623166474	OK	 
REQUEST	CCDUI	2		TX12_HMCTSReform_CCD_UISearchAndViewCase_SearchResult_ByJurisdiction_CaseType_State_optionscases_view_WORKBASKE	1549623166748	1549623166978	OK	 
REQUEST	CCDUI	2		TX15_HMCTSReform_CCD_UISearchAndViewCase_SearchResult_ByJurisdiction_CaseType_State_getpagination_metadata	1549623166979	1549623167602	OK	 
REQUEST	CCDUI	2		TX13_HMCTSReform_CCD_UISearchAndViewCase_SearchResult_ByJurisdiction_CaseType_State_optionspagination_metadata	1549623166979	1549623167620	OK	 
REQUEST	CCDUI	2		TX14_HMCTSReform_CCD_UISearchAndViewCase_SearchResult_ByJurisdiction_CaseType_State_getcases_view_WORKBASKE	1549623166979	1549623167805	OK	 
REQUEST	CCDUI	1		TX01_HMCTSReform_CCD_Login	1549623168026	1549623168927	OK	 
REQUEST	CCDUI	1		TX01_HMCTSReform_CCD_Login_option_profile	1549623168931	1549623168959	OK	 
REQUEST	CCDUI	2		TX16_HMCTSReform_CCD_UISearchAndViewCase_SelectAndViewCase_options	1549623168847	1549623168969	OK	 
REQUEST	CCDUI	2		TX17_HMCTSReform_CCD_UISearchAndViewCase_SelectAndViewCase_get	1549623168971	1549623170077	OK	 
REQUEST	CCDUI	1		TX02_HMCTSReform_CCD_submitLogin	1549623170057	1549623170598	OK	 
REQUEST	CCDUI	1		TX02_HMCTSReform_CCD_submitLogin_get_config	1549623170599	1549623170625	OK	 
REQUEST	CCDUI	1		TX02_HMCTSReform_CCD_submitLogin_option_oauth2redirect	1549623170626	1549623170657	OK	 
REQUEST	CCDUI	1		TX02_HMCTSReform_CCD_submitLogin_get_oauth2redirect	1549623170658	1549623170747	OK	 
USER	CCDUI	1	END	1549622870695	1549623170760
USER	CCDUI	2	END	1549622870873	1549623171988
