RUN	uk.gov.hmcts.ccd.corecasedata.simulations.CCDUIPTSimulation		ccduiptsimulation	1547215512031	 	2.0
USER	CCDUI	1	START	1547215512573	1547215512573
REQUEST	CCDUI	1		TX20_HMCTSReform_CCD_Logout	1547215512606	1547215512742	OK	 
REQUEST	CCDUI	1		TX20_HMCTSReform_CCD_Logout_getLogout	1547215512792	1547215512821	OK	 
REQUEST	CCDUI	1		TX20_HMCTSReform_CCD_Logout_govuk-template.js	1547215512798	1547215512949	OK	 
REQUEST	CCDUI	1		TX20_HMCTSReform_CCD_Logout_gov.uk_logotype_crown_invert_trans.png	1547215512798	1547215512945	OK	 
REQUEST	CCDUI	1		TX20_HMCTSReform_CCD_Logout_govuk-template-print.css	1547215512799	1547215512963	OK	 
REQUEST	CCDUI	1		TX20_HMCTSReform_CCD_Logout_govuk-template.css	1547215512796	1547215512984	OK	 
REQUEST	CCDUI	1		TX20_HMCTSReform_CCD_Logout_open-government-licence_2x.png	1547215512952	1547215512992	OK	 
REQUEST	CCDUI	1		TX20_HMCTSReform_CCD_Logout_govuk-crest-2x.png	1547215512952	1547215512994	OK	 
REQUEST	CCDUI	1		TX20_HMCTSReform_CCD_Logout_gov.uk_logotype_crown.png	1547215512982	1547215513022	OK	 
REQUEST	CCDUI	1		TX20_HMCTSReform_CCD_Logout_getRedirectURL	1547215512794	1547215513132	OK	 
REQUEST	CCDUI	1		TX20_HMCTSReform_CCD_Logout_fonts.css	1547215512796	1547215513250	OK	 
REQUEST	CCDUI	1		TX01_HMCTSReform_CCD_Login	1547215514857	1547215514973	OK	 
REQUEST	CCDUI	1		TX01_HMCTSReform_CCD_Login_option_profile	1547215514980	1547215515012	OK	 
REQUEST	CCDUI	1		TX01_HMCTSReform_CCD_Login_get_config	1547215514985	1547215515017	OK	 
REQUEST	CCDUI	1		TX01_HMCTSReform_CCD_Login_govuk-template.js	1547215514984	1547215515026	OK	 
REQUEST	CCDUI	1		TX01_HMCTSReform_CCD_Login_gov.uk_logotype_crown_invert_trans.png?	1547215514984	1547215515026	OK	 
REQUEST	CCDUI	1		TX01_HMCTSReform_CCD_Login_govuk-template-print.css	1547215514984	1547215515030	OK	 
REQUEST	CCDUI	1		TX01_HMCTSReform_CCD_Login_open-government-licence_2x.png	1547215515028	1547215515067	OK	 
REQUEST	CCDUI	1		TX01_HMCTSReform_CCD_Login_govuk-template.css	1547215514983	1547215515075	OK	 
REQUEST	CCDUI	1		TX01_HMCTSReform_CCD_Login_govuk-crest-2x.png	1547215515028	1547215515076	OK	 
REQUEST	CCDUI	1		TX01_HMCTSReform_CCD_Login_gov.uk_logotype_crown.png	1547215515031	1547215515091	OK	 
REQUEST	CCDUI	1		TX01_HMCTSReform_CCD_Login_get_profile	1547215514980	1547215515098	OK	 
REQUEST	CCDUI	1		TX01_HMCTSReform_CCD_Login_redirectURL	1547215514981	1547215515226	OK	 
REQUEST	CCDUI	1		TX01_HMCTSReform_CCD_Login_fonts.css	1547215514983	1547215515331	OK	 
REQUEST	CCDUI	1		TX02_HMCTSReform_CCD_submitLogin	1547215517063	1547215517472	OK	 
REQUEST	CCDUI	1		TX02_HMCTSReform_CCD_submitLogin_get_config	1547215517478	1547215517569	OK	 
REQUEST	CCDUI	1		TX02_HMCTSReform_CCD_submitLogin_option_oauth2redirect	1547215517572	1547215517603	OK	 
REQUEST	CCDUI	1		TX02_HMCTSReform_CCD_submitLogin_get_oauth2redirect	1547215517604	1547215517707	OK	 
REQUEST	CCDUI	1		TX02_HMCTSReform_CCD_submitLogin_get_config	1547215517709	1547215517735	OK	 
REQUEST	CCDUI	1		TX02_HMCTSReform_CCD_submitLogin_option_profile	1547215517736	1547215517789	OK	 
REQUEST	CCDUI	1		TX02_HMCTSReform_CCD_submitLogin_get_profile	1547215517791	1547215519245	OK	 
REQUEST	CCDUI	1		TX02_HMCTSReform_CCD_submitLogin_option_case-types_access_read	1547215521235	1547215521330	OK	 
REQUEST	CCDUI	1		TX02_HMCTSReform_CCD_submitLogin_options_work-basket-inputs	1547215521334	1547215521412	OK	 
REQUEST	CCDUI	1		TX02_HMCTSReform_CCD_submitLogin_options_casesview_WORKBASKET&state=TODO&page=1	1547215521334	1547215521474	OK	 
REQUEST	CCDUI	1		TX02_HMCTSReform_CCD_submitLogin_options_pagination_metadata?state=TODO	1547215521335	1547215521534	OK	 
REQUEST	CCDUI	1		TX02_HMCTSReform_CCD_submitLogin_get_work-basket-inputs	1547215521336	1547215521875	OK	 
REQUEST	CCDUI	1		TX02_HMCTSReform_CCD_submitLogin_pagination_metadata?state=TODO	1547215521413	1547215521983	OK	 
REQUEST	CCDUI	1		TX02_HMCTSReform_CCD_submitLogin_get_case-types_access_read	1547215521334	1547215522140	OK	 
REQUEST	CCDUI	1		TX02_HMCTSReform_CCD_submitLogin_get_casesview_WORKBASKET&state=TODO&page=1	1547215521336	1547215522505	OK	 
REQUEST	CCDUI	1		TX03_HMCTSReform_CCD_CreateCase_ClickCreqteCaseButton_options_case-types?access=create	1547215528526	1547215528577	OK	 
REQUEST	CCDUI	1		TX03_HMCTSReform_CCD_CreateCase_ClickCreqteCaseButton_get_case-types?access=create	1547215528580	1547215529388	OK	 
REQUEST	CCDUI	1		TX04_HMCTSReform_CCD_CreateCase_startCaseCreation_options_ignore-warning=false	1547215540978	1547215541033	OK	 
REQUEST	CCDUI	1		TX04_HMCTSReform_CCD_CreateCase_startCaseCreation_get_ignore-warning=false	1547215541036	1547215541744	OK	 
REQUEST	CCDUI	1		TX04_HMCTSReform_CCD_CreateCase_startCaseCreation_get_II_ignore-warning=false	1547215541037	1547215541743	OK	 
REQUEST	CCDUI	1		TX05_HMCTSReform_CCD_CreateCase_Validate_validateFirstPage_options_validate	1547215561016	1547215561085	OK	 
REQUEST	CCDUI	1		TX05_HMCTSReform_CCD_CreateCase_Validate_validateFirstPage_post_validate	1547215561092	1547215561606	OK	 
REQUEST	CCDUI	1		TX06_HMCTSReform_CCD_CreateCase_Validate_validateSecondPage_options_validate	1547215563038	1547215563088	OK	 
REQUEST	CCDUI	1		TX06_HMCTSReform_CCD_CreateCase_Validate_validateSecondPage_post_validate	1547215563090	1547215563450	OK	 
REQUEST	CCDUI	1		TX07.1_HMCTSReform_CCD_CreateCase_UploadDocument_2MB.pdf	1547215564835	1547215568446	OK	 
REQUEST	CCDUI	1		TX07_HMCTSReform_CCD_CreateCase_Validate_validateThirdPage_options_validate	1547215570819	1547215570876	OK	 
REQUEST	CCDUI	1		TX07_HMCTSReform_CCD_CreateCase_Validate_validateThirdPage_post_validate	1547215570878	1547215571233	OK	 
REQUEST	CCDUI	1		TX08_HMCTSReform_CCD_CreateCase_SubmitCase_options_cases?ignore-warning=false	1547215572506	1547215572552	OK	 
REQUEST	CCDUI	1		TX08_HMCTSReform_CCD_CreateCase_SubmitCase_post_cases?ignore-warning=false	1547215572554	1547215573126	OK	 
REQUEST	CCDUI	1		TX09_HMCTSReform_CCD_CreateCase_NewCaseDisplay_options_get	1547215574856	1547215574905	OK	 
REQUEST	CCDUI	1		TX09_HMCTSReform_CCD_CreateCase_NewCaseDisplay_get	1547215574907	1547215575300	OK	 
REQUEST	CCDUI	1		TX09.1.1_HMCTSReform_CCD_CreateCase_NewCaseDisplayThirdTab_get	1547215576776	1547215577010	OK	 
REQUEST	CCDUI	1		TX09.1.2_HMCTSReform_CCD_CreateCase_get_2MB.pdf_ViewDocument	1547215578276	1547215579392	OK	 
REQUEST	CCDUI	1		TX10_HMCTSReform_CCD_UISearchAndViewCase_SearchRequest_ByJurisdiction_CaseType_State_option_work_basket_inputs	1547215582727	1547215582774	OK	 
REQUEST	CCDUI	1		TX11_HMCTSReform_CCD_UISearchAndViewCase_SearchRequest_ByJurisdiction_CaseType_State_get_work_basket_inputs	1547215582775	1547215583101	OK	 
REQUEST	CCDUI	1		TX12_HMCTSReform_CCD_UISearchAndViewCase_SearchResult_ByJurisdiction_CaseType_State_optionscases_view_WORKBASKE	1547215584917	1547215584967	OK	 
REQUEST	CCDUI	1		TX13_HMCTSReform_CCD_UISearchAndViewCase_SearchResult_ByJurisdiction_CaseType_State_optionspagination_metadata	1547215584969	1547215585028	OK	 
REQUEST	CCDUI	1		TX15_HMCTSReform_CCD_UISearchAndViewCase_SearchResult_ByJurisdiction_CaseType_State_getpagination_metadata	1547215584970	1547215585421	OK	 
REQUEST	CCDUI	1		TX14_HMCTSReform_CCD_UISearchAndViewCase_SearchResult_ByJurisdiction_CaseType_State_getcases_view_WORKBASKE	1547215584970	1547215585516	OK	 
REQUEST	CCDUI	1		TX16_HMCTSReform_CCD_UISearchAndViewCase_SelectAndViewCase_options	1547215587307	1547215587357	OK	 
REQUEST	CCDUI	1		TX17_HMCTSReform_CCD_UISearchAndViewCase_SelectAndViewCase_get	1547215587359	1547215587742	OK	 
REQUEST	CCDUI	1		TX20_HMCTSReform_CCD_Logout	1547215589676	1547215589726	OK	 
REQUEST	CCDUI	1		TX20_HMCTSReform_CCD_Logout_getLogout	1547215589733	1547215589927	OK	 
REQUEST	CCDUI	1		TX20_HMCTSReform_CCD_Logout	1547215591510	1547215591541	OK	 
REQUEST	CCDUI	1		TX01_HMCTSReform_CCD_Login	1547215592617	1547215592700	OK	 
REQUEST	CCDUI	1		TX01_HMCTSReform_CCD_Login_option_profile	1547215592705	1547215592743	OK	 
REQUEST	CCDUI	1		TX02_HMCTSReform_CCD_submitLogin	1547215594267	1547215594853	OK	 
REQUEST	CCDUI	1		TX02_HMCTSReform_CCD_submitLogin_get_config	1547215594855	1547215594888	OK	 
REQUEST	CCDUI	1		TX02_HMCTSReform_CCD_submitLogin_option_oauth2redirect	1547215594889	1547215594980	OK	 
REQUEST	CCDUI	1		TX02_HMCTSReform_CCD_submitLogin_get_oauth2redirect	1547215594981	1547215595300	OK	 
REQUEST	CCDUI	1		TX02_HMCTSReform_CCD_submitLogin_get_config	1547215595301	1547215595331	OK	 
REQUEST	CCDUI	1		TX02_HMCTSReform_CCD_submitLogin_option_profile	1547215595333	1547215595380	OK	 
REQUEST	CCDUI	1		TX02_HMCTSReform_CCD_submitLogin_get_profile	1547215595381	1547215596532	OK	 
REQUEST	CCDUI	1		TX02_HMCTSReform_CCD_submitLogin_option_case-types_access_read	1547215598525	1547215598574	OK	 
REQUEST	CCDUI	1		TX02_HMCTSReform_CCD_submitLogin_options_work-basket-inputs	1547215598577	1547215598651	OK	 
REQUEST	CCDUI	1		TX02_HMCTSReform_CCD_submitLogin_options_casesview_WORKBASKET&state=TODO&page=1	1547215598578	1547215598678	OK	 
REQUEST	CCDUI	1		TX02_HMCTSReform_CCD_submitLogin_options_pagination_metadata?state=TODO	1547215598579	1547215598751	OK	 
REQUEST	CCDUI	1		TX02_HMCTSReform_CCD_submitLogin_pagination_metadata?state=TODO	1547215598651	1547215598841	OK	 
REQUEST	CCDUI	1		TX02_HMCTSReform_CCD_submitLogin_get_work-basket-inputs	1547215598579	1547215598988	OK	 
REQUEST	CCDUI	1		TX02_HMCTSReform_CCD_submitLogin_get_casesview_WORKBASKET&state=TODO&page=1	1547215598580	1547215599143	OK	 
REQUEST	CCDUI	1		TX02_HMCTSReform_CCD_submitLogin_get_case-types_access_read	1547215598577	1547215599250	OK	 
REQUEST	CCDUI	1		TX03_HMCTSReform_CCD_CreateCase_ClickCreqteCaseButton_options_case-types?access=create	1547215606175	1547215606229	OK	 
REQUEST	CCDUI	1		TX03_HMCTSReform_CCD_CreateCase_ClickCreqteCaseButton_get_case-types?access=create	1547215606231	1547215606908	OK	 
REQUEST	CCDUI	1		TX04_HMCTSReform_CCD_CreateCase_startCaseCreation_options_ignore-warning=false	1547215617977	1547215618033	OK	 
REQUEST	CCDUI	1		TX04_HMCTSReform_CCD_CreateCase_startCaseCreation_get_ignore-warning=false	1547215618035	1547215618441	OK	 
REQUEST	CCDUI	1		TX04_HMCTSReform_CCD_CreateCase_startCaseCreation_get_II_ignore-warning=false	1547215618035	1547215618736	OK	 
REQUEST	CCDUI	1		TX05_HMCTSReform_CCD_CreateCase_Validate_validateFirstPage_options_validate	1547215628977	1547215629030	OK	 
REQUEST	CCDUI	1		TX05_HMCTSReform_CCD_CreateCase_Validate_validateFirstPage_post_validate	1547215629031	1547215629397	OK	 
REQUEST	CCDUI	1		TX06_HMCTSReform_CCD_CreateCase_Validate_validateSecondPage_options_validate	1547215630667	1547215630720	OK	 
REQUEST	CCDUI	1		TX06_HMCTSReform_CCD_CreateCase_Validate_validateSecondPage_post_validate	1547215630722	1547215630977	OK	 
REQUEST	CCDUI	1		TX07.1_HMCTSReform_CCD_CreateCase_UploadDocument_1MB.pdf	1547215632449	1547215634830	OK	 
REQUEST	CCDUI	1		TX07_HMCTSReform_CCD_CreateCase_Validate_validateThirdPage_options_validate	1547215637447	1547215637497	OK	 
REQUEST	CCDUI	1		TX07_HMCTSReform_CCD_CreateCase_Validate_validateThirdPage_post_validate	1547215637498	1547215637634	OK	 
REQUEST	CCDUI	1		TX08_HMCTSReform_CCD_CreateCase_SubmitCase_options_cases?ignore-warning=false	1547215639067	1547215639116	OK	 
REQUEST	CCDUI	1		TX08_HMCTSReform_CCD_CreateCase_SubmitCase_post_cases?ignore-warning=false	1547215639118	1547215639348	OK	 
REQUEST	CCDUI	1		TX09_HMCTSReform_CCD_CreateCase_NewCaseDisplay_options_get	1547215641015	1547215641068	OK	 
REQUEST	CCDUI	1		TX09_HMCTSReform_CCD_CreateCase_NewCaseDisplay_get	1547215641070	1547215641689	OK	 
REQUEST	CCDUI	1		TX09.1.1_HMCTSReform_CCD_CreateCase_NewCaseDisplayThirdTab_get	1547215642967	1547215643185	OK	 
REQUEST	CCDUI	1		TX09.1.2_HMCTSReform_CCD_CreateCase_get_1MB.pdf_ViewDocument	1547215644716	1547215645675	OK	 
REQUEST	CCDUI	1		TX10_HMCTSReform_CCD_UISearchAndViewCase_SearchRequest_ByJurisdiction_CaseType_State_option_work_basket_inputs	1547215648137	1547215648204	OK	 
REQUEST	CCDUI	1		TX11_HMCTSReform_CCD_UISearchAndViewCase_SearchRequest_ByJurisdiction_CaseType_State_get_work_basket_inputs	1547215648206	1547215648998	OK	 
REQUEST	CCDUI	1		TX12_HMCTSReform_CCD_UISearchAndViewCase_SearchResult_ByJurisdiction_CaseType_State_optionscases_view_WORKBASKE	1547215650506	1547215650558	OK	 
REQUEST	CCDUI	1		TX13_HMCTSReform_CCD_UISearchAndViewCase_SearchResult_ByJurisdiction_CaseType_State_optionspagination_metadata	1547215650560	1547215650616	OK	 
REQUEST	CCDUI	1		TX15_HMCTSReform_CCD_UISearchAndViewCase_SearchResult_ByJurisdiction_CaseType_State_getpagination_metadata	1547215650560	1547215650822	OK	 
REQUEST	CCDUI	1		TX14_HMCTSReform_CCD_UISearchAndViewCase_SearchResult_ByJurisdiction_CaseType_State_getcases_view_WORKBASKE	1547215650560	1547215650909	OK	 
REQUEST	CCDUI	1		TX16_HMCTSReform_CCD_UISearchAndViewCase_SelectAndViewCase_options	1547215652165	1547215652222	OK	 
REQUEST	CCDUI	1		TX17_HMCTSReform_CCD_UISearchAndViewCase_SelectAndViewCase_get	1547215652224	1547215652535	OK	 
REQUEST	CCDUI	1		TX20_HMCTSReform_CCD_Logout	1547215654237	1547215654294	OK	 
REQUEST	CCDUI	1		TX20_HMCTSReform_CCD_Logout_getLogout	1547215654298	1547215654629	OK	 
REQUEST	CCDUI	1		TX20_HMCTSReform_CCD_Logout	1547215656454	1547215656479	OK	 
REQUEST	CCDUI	1		TX01_HMCTSReform_CCD_Login	1547215657566	1547215657687	OK	 
REQUEST	CCDUI	1		TX01_HMCTSReform_CCD_Login_option_profile	1547215657691	1547215657717	OK	 
REQUEST	CCDUI	1		TX02_HMCTSReform_CCD_submitLogin	1547215659356	1547215659828	OK	 
REQUEST	CCDUI	1		TX02_HMCTSReform_CCD_submitLogin_get_config	1547215659830	1547215659858	OK	 
REQUEST	CCDUI	1		TX02_HMCTSReform_CCD_submitLogin_option_oauth2redirect	1547215659858	1547215659989	OK	 
REQUEST	CCDUI	1		TX02_HMCTSReform_CCD_submitLogin_get_oauth2redirect	1547215659990	1547215660100	OK	 
REQUEST	CCDUI	1		TX02_HMCTSReform_CCD_submitLogin_get_config	1547215660101	1547215660132	OK	 
REQUEST	CCDUI	1		TX02_HMCTSReform_CCD_submitLogin_option_profile	1547215660133	1547215660177	OK	 
REQUEST	CCDUI	1		TX02_HMCTSReform_CCD_submitLogin_get_profile	1547215660178	1547215661064	OK	 
REQUEST	CCDUI	1		TX02_HMCTSReform_CCD_submitLogin_option_case-types_access_read	1547215663066	1547215663115	OK	 
REQUEST	CCDUI	1		TX02_HMCTSReform_CCD_submitLogin_options_work-basket-inputs	1547215663118	1547215663181	OK	 
REQUEST	CCDUI	1		TX02_HMCTSReform_CCD_submitLogin_options_casesview_WORKBASKET&state=TODO&page=1	1547215663118	1547215663196	OK	 
REQUEST	CCDUI	1		TX02_HMCTSReform_CCD_submitLogin_options_pagination_metadata?state=TODO	1547215663119	1547215663278	OK	 
REQUEST	CCDUI	1		TX02_HMCTSReform_CCD_submitLogin_get_work-basket-inputs	1547215663120	1547215663418	OK	 
REQUEST	CCDUI	1		TX02_HMCTSReform_CCD_submitLogin_pagination_metadata?state=TODO	1547215663184	1547215663505	OK	 
REQUEST	CCDUI	1		TX02_HMCTSReform_CCD_submitLogin_get_casesview_WORKBASKET&state=TODO&page=1	1547215663120	1547215663587	OK	 
REQUEST	CCDUI	1		TX02_HMCTSReform_CCD_submitLogin_get_case-types_access_read	1547215663118	1547215663605	OK	 
REQUEST	CCDUI	1		TX03_HMCTSReform_CCD_CreateCase_ClickCreqteCaseButton_options_case-types?access=create	1547215670255	1547215670314	OK	 
REQUEST	CCDUI	1		TX03_HMCTSReform_CCD_CreateCase_ClickCreqteCaseButton_get_case-types?access=create	1547215670316	1547215670925	OK	 
REQUEST	CCDUI	1		TX04_HMCTSReform_CCD_CreateCase_startCaseCreation_options_ignore-warning=false	1547215688347	1547215688400	OK	 
REQUEST	CCDUI	1		TX04_HMCTSReform_CCD_CreateCase_startCaseCreation_get_ignore-warning=false	1547215688401	1547215688893	OK	 
REQUEST	CCDUI	1		TX04_HMCTSReform_CCD_CreateCase_startCaseCreation_get_II_ignore-warning=false	1547215688402	1547215688894	OK	 
REQUEST	CCDUI	1		TX05_HMCTSReform_CCD_CreateCase_Validate_validateFirstPage_options_validate	1547215699117	1547215699163	OK	 
REQUEST	CCDUI	1		TX05_HMCTSReform_CCD_CreateCase_Validate_validateFirstPage_post_validate	1547215699165	1547215699314	OK	 
REQUEST	CCDUI	1		TX06_HMCTSReform_CCD_CreateCase_Validate_validateSecondPage_options_validate	1547215700677	1547215700728	OK	 
REQUEST	CCDUI	1		TX06_HMCTSReform_CCD_CreateCase_Validate_validateSecondPage_post_validate	1547215700730	1547215700976	OK	 
REQUEST	CCDUI	1		TX07.1_HMCTSReform_CCD_CreateCase_UploadDocument_1MB.pdf	1547215702898	1547215705065	OK	 
REQUEST	CCDUI	1		TX07_HMCTSReform_CCD_CreateCase_Validate_validateThirdPage_options_validate	1547215708074	1547215708125	OK	 
REQUEST	CCDUI	1		TX07_HMCTSReform_CCD_CreateCase_Validate_validateThirdPage_post_validate	1547215708126	1547215708417	OK	 
REQUEST	CCDUI	1		TX08_HMCTSReform_CCD_CreateCase_SubmitCase_options_cases?ignore-warning=false	1547215709748	1547215709798	OK	 
REQUEST	CCDUI	1		TX08_HMCTSReform_CCD_CreateCase_SubmitCase_post_cases?ignore-warning=false	1547215709800	1547215710225	OK	 
REQUEST	CCDUI	1		TX09_HMCTSReform_CCD_CreateCase_NewCaseDisplay_options_get	1547215712156	1547215712221	OK	 
REQUEST	CCDUI	1		TX09_HMCTSReform_CCD_CreateCase_NewCaseDisplay_get	1547215712223	1547215712652	OK	 
REQUEST	CCDUI	1		TX09.1.1_HMCTSReform_CCD_CreateCase_NewCaseDisplayThirdTab_get	1547215714556	1547215715340	OK	 
REQUEST	CCDUI	1		TX09.1.2_HMCTSReform_CCD_CreateCase_get_1MB.pdf_ViewDocument	1547215716435	1547215717554	OK	 
REQUEST	CCDUI	1		TX09.4_HMCTSReform_CCD_UpdateCase_UpdateMarkAsDone_options_start	1547215720687	1547215720807	OK	 
REQUEST	CCDUI	1		TX09.5_HMCTSReform_CCD_UpdateCase_UpdateMarkAsDone_get_start	1547215720809	1547215721354	OK	 
REQUEST	CCDUI	1		TX09.6_HMCTSReform_CCD_UpdateCase_UpdateMarkAsDone_POST_options_updatepoststart	1547215723068	1547215723113	OK	 
REQUEST	CCDUI	1		TX09.7_HMCTSReform_CCD_UpdateCase_UpdateMarkAsDone_POST_updatepoststart	1547215723115	1547215723609	OK	 
REQUEST	CCDUI	1		TX09_HMCTSReform_CCD_CreateCase_NewCaseDisplay_options_get	1547215725187	1547215725240	OK	 
REQUEST	CCDUI	1		TX09_HMCTSReform_CCD_CreateCase_NewCaseDisplay_get	1547215725242	1547215725759	OK	 
REQUEST	CCDUI	1		TX10_HMCTSReform_CCD_UISearchAndViewCase_SearchRequest_ByJurisdiction_CaseType_State_option_work_basket_inputs	1547215727397	1547215727450	OK	 
REQUEST	CCDUI	1		TX11_HMCTSReform_CCD_UISearchAndViewCase_SearchRequest_ByJurisdiction_CaseType_State_get_work_basket_inputs	1547215727451	1547215727580	OK	 
REQUEST	CCDUI	1		TX12_HMCTSReform_CCD_UISearchAndViewCase_SearchResult_ByJurisdiction_CaseType_State_optionscases_view_WORKBASKE	1547215728698	1547215728751	OK	 
REQUEST	CCDUI	1		TX13_HMCTSReform_CCD_UISearchAndViewCase_SearchResult_ByJurisdiction_CaseType_State_optionspagination_metadata	1547215728753	1547215728827	OK	 
REQUEST	CCDUI	1		TX14_HMCTSReform_CCD_UISearchAndViewCase_SearchResult_ByJurisdiction_CaseType_State_getcases_view_WORKBASKE	1547215728754	1547215728976	OK	 
REQUEST	CCDUI	1		TX15_HMCTSReform_CCD_UISearchAndViewCase_SearchResult_ByJurisdiction_CaseType_State_getpagination_metadata	1547215728754	1547215728982	OK	 
REQUEST	CCDUI	1		TX16_HMCTSReform_CCD_UISearchAndViewCase_SelectAndViewCase_options	1547215730247	1547215730357	OK	 
REQUEST	CCDUI	1		TX17_HMCTSReform_CCD_UISearchAndViewCase_SelectAndViewCase_get	1547215730358	1547215730537	OK	 
REQUEST	CCDUI	1		TX20_HMCTSReform_CCD_Logout	1547215732407	1547215732460	OK	 
REQUEST	CCDUI	1		TX20_HMCTSReform_CCD_Logout_getLogout	1547215732464	1547215732646	OK	 
REQUEST	CCDUI	1		TX20_HMCTSReform_CCD_Logout	1547215734168	1547215734197	OK	 
REQUEST	CCDUI	1		TX01_HMCTSReform_CCD_Login	1547215735918	1547215736038	OK	 
REQUEST	CCDUI	1		TX01_HMCTSReform_CCD_Login_option_profile	1547215736042	1547215736066	OK	 
REQUEST	CCDUI	1		TX02_HMCTSReform_CCD_submitLogin	1547215737268	1547215737840	OK	 
REQUEST	CCDUI	1		TX02_HMCTSReform_CCD_submitLogin_get_config	1547215737841	1547215737868	OK	 
REQUEST	CCDUI	1		TX02_HMCTSReform_CCD_submitLogin_option_oauth2redirect	1547215737869	1547215737902	OK	 
REQUEST	CCDUI	1		TX02_HMCTSReform_CCD_submitLogin_get_oauth2redirect	1547215737903	1547215738006	OK	 
REQUEST	CCDUI	1		TX02_HMCTSReform_CCD_submitLogin_get_config	1547215738007	1547215738039	OK	 
REQUEST	CCDUI	1		TX02_HMCTSReform_CCD_submitLogin_option_profile	1547215738040	1547215738087	OK	 
REQUEST	CCDUI	1		TX02_HMCTSReform_CCD_submitLogin_get_profile	1547215738088	1547215739047	OK	 
REQUEST	CCDUI	1		TX02_HMCTSReform_CCD_submitLogin_option_case-types_access_read	1547215741045	1547215741095	OK	 
REQUEST	CCDUI	1		TX02_HMCTSReform_CCD_submitLogin_options_work-basket-inputs	1547215741097	1547215741195	OK	 
REQUEST	CCDUI	1		TX02_HMCTSReform_CCD_submitLogin_options_casesview_WORKBASKET&state=TODO&page=1	1547215741097	1547215741206	OK	 
REQUEST	CCDUI	1		TX02_HMCTSReform_CCD_submitLogin_options_pagination_metadata?state=TODO	1547215741097	1547215741300	OK	 
REQUEST	CCDUI	1		TX02_HMCTSReform_CCD_submitLogin_get_work-basket-inputs	1547215741098	1547215741377	OK	 
REQUEST	CCDUI	1		TX02_HMCTSReform_CCD_submitLogin_pagination_metadata?state=TODO	1547215741197	1547215741386	OK	 
REQUEST	CCDUI	1		TX02_HMCTSReform_CCD_submitLogin_get_casesview_WORKBASKET&state=TODO&page=1	1547215741098	1547215741480	OK	 
REQUEST	CCDUI	1		TX02_HMCTSReform_CCD_submitLogin_get_case-types_access_read	1547215741096	1547215741767	OK	 
REQUEST	CCDUI	1		TX03_HMCTSReform_CCD_CreateCase_ClickCreqteCaseButton_options_case-types?access=create	1547215748166	1547215748218	OK	 
REQUEST	CCDUI	1		TX03_HMCTSReform_CCD_CreateCase_ClickCreqteCaseButton_get_case-types?access=create	1547215748219	1547215748812	OK	 
REQUEST	CCDUI	1		TX04_HMCTSReform_CCD_CreateCase_startCaseCreation_options_ignore-warning=false	1547215765898	1547215765946	OK	 
REQUEST	CCDUI	1		TX04_HMCTSReform_CCD_CreateCase_startCaseCreation_get_ignore-warning=false	1547215765948	1547215766523	OK	 
REQUEST	CCDUI	1		TX04_HMCTSReform_CCD_CreateCase_startCaseCreation_get_II_ignore-warning=false	1547215765948	1547215766523	OK	 
REQUEST	CCDUI	1		TX05_HMCTSReform_CCD_CreateCase_Validate_validateFirstPage_options_validate	1547215780108	1547215780161	OK	 
REQUEST	CCDUI	1		TX05_HMCTSReform_CCD_CreateCase_Validate_validateFirstPage_post_validate	1547215780163	1547215780338	OK	 
REQUEST	CCDUI	1		TX06_HMCTSReform_CCD_CreateCase_Validate_validateSecondPage_options_validate	1547215782217	1547215782262	OK	 
REQUEST	CCDUI	1		TX06_HMCTSReform_CCD_CreateCase_Validate_validateSecondPage_post_validate	1547215782264	1547215782591	OK	 
REQUEST	CCDUI	1		TX07.1_HMCTSReform_CCD_CreateCase_UploadDocument_2MB.pdf	1547215784326	1547215788019	OK	 
REQUEST	CCDUI	1		TX07_HMCTSReform_CCD_CreateCase_Validate_validateThirdPage_options_validate	1547215791767	1547215791821	OK	 
REQUEST	CCDUI	1		TX07_HMCTSReform_CCD_CreateCase_Validate_validateThirdPage_post_validate	1547215791822	1547215792150	OK	 
REQUEST	CCDUI	1		TX08_HMCTSReform_CCD_CreateCase_SubmitCase_options_cases?ignore-warning=false	1547215793167	1547215793217	OK	 
REQUEST	CCDUI	1		TX08_HMCTSReform_CCD_CreateCase_SubmitCase_post_cases?ignore-warning=false	1547215793219	1547215793610	OK	 
REQUEST	CCDUI	1		TX09_HMCTSReform_CCD_CreateCase_NewCaseDisplay_options_get	1547215794645	1547215794696	OK	 
REQUEST	CCDUI	1		TX09_HMCTSReform_CCD_CreateCase_NewCaseDisplay_get	1547215794698	1547215795292	OK	 
REQUEST	CCDUI	1		TX09.1.1_HMCTSReform_CCD_CreateCase_NewCaseDisplayThirdTab_get	1547215797167	1547215797707	OK	 
REQUEST	CCDUI	1		TX09.1.2_HMCTSReform_CCD_CreateCase_get_2MB.pdf_ViewDocument	1547215799338	1547215800633	OK	 
REQUEST	CCDUI	1		TX09.1_HMCTSReform_CCD_UpdateCase_UpdateStart_options_start	1547215803566	1547215803618	OK	 
REQUEST	CCDUI	1		TX09.2_HMCTSReform_CCD_UpdateCase_UpdateStart_get_start	1547215803619	1547215804298	OK	 
REQUEST	CCDUI	1		TX09.3_HMCTSReform_CCD_UpdateCase_UpdateStart_POST_options_updatepoststart	1547215805866	1547215805921	OK	 
REQUEST	CCDUI	1		TX09.4_HMCTSReform_CCD_UpdateCase_UpdateStart_POST_updatepoststart	1547215805923	1547215806356	OK	 
REQUEST	CCDUI	1		TX09_HMCTSReform_CCD_CreateCase_NewCaseDisplay_options_get	1547215807867	1547215807917	OK	 
REQUEST	CCDUI	1		TX09_HMCTSReform_CCD_CreateCase_NewCaseDisplay_get	1547215807919	1547215808462	OK	 
REQUEST	CCDUI	1		TX09.4_HMCTSReform_CCD_UpdateCase_UpdateMarkAsDone_options_start	1547215809837	1547215809890	OK	 
REQUEST	CCDUI	1		TX09.5_HMCTSReform_CCD_UpdateCase_UpdateMarkAsDone_get_start	1547215809892	1547215810547	OK	 
REQUEST	CCDUI	1		TX09.6_HMCTSReform_CCD_UpdateCase_UpdateMarkAsDone_POST_options_updatepoststart	1547215812447	1547215812506	OK	 
REQUEST	CCDUI	1		TX09.7_HMCTSReform_CCD_UpdateCase_UpdateMarkAsDone_POST_updatepoststart	1547215812507	1547215812803	OK	 
USER	CCDUI	1	END	1547215512573	1547215812808
