RUN	uk.gov.hmcts.ccd.corecasedata.simulations.CCDUIPTSimulation		ccduiptsimulation	1554203311722	 	2.0
USER	CCDUI	1	START	1554203312333	1554203312333
REQUEST	CCDUI	1		TX20_HMCTSReform_CCD_Logout	1554203312358	1554203312441	OK	 
REQUEST	CCDUI	1		TX20_HMCTSReform_CCD_Logout_getLogout	1554203312492	1554203312526	OK	 
REQUEST	CCDUI	1		TX20_HMCTSReform_CCD_Logout_govuk-template.js	1554203312515	1554203312803	OK	 
REQUEST	CCDUI	1		TX20_HMCTSReform_CCD_Logout_gov.uk_logotype_crown_invert_trans.png	1554203312514	1554203312842	OK	 
REQUEST	CCDUI	1		TX20_HMCTSReform_CCD_Logout_govuk-template-print.css	1554203312516	1554203312899	OK	 
REQUEST	CCDUI	1		TX20_HMCTSReform_CCD_Logout_govuk-crest-2x.png	1554203312810	1554203313116	OK	 
REQUEST	CCDUI	1		TX20_HMCTSReform_CCD_Logout_open-government-licence_2x.png	1554203312843	1554203313117	OK	 
REQUEST	CCDUI	1		TX20_HMCTSReform_CCD_Logout_getRedirectURL	1554203312493	1554203313178	OK	 
REQUEST	CCDUI	1		TX20_HMCTSReform_CCD_Logout_gov.uk_logotype_crown.png	1554203312913	1554203313180	OK	 
REQUEST	CCDUI	1		TX20_HMCTSReform_CCD_Logout_govuk-template.css	1554203312511	1554203313208	OK	 
REQUEST	CCDUI	1		TX20_HMCTSReform_CCD_Logout_fonts.css	1554203312513	1554203314809	OK	 
REQUEST	CCDUI	1		TX01_HMCTSReform_CCD_Login	1554203316539	1554203316653	OK	 
REQUEST	CCDUI	1		TX01_HMCTSReform_CCD_Login_option_profile	1554203316663	1554203316677	OK	 
REQUEST	CCDUI	1		TX01_HMCTSReform_CCD_Login_get_config	1554203316670	1554203316686	OK	 
REQUEST	CCDUI	1		TX01_HMCTSReform_CCD_Login_gov.uk_logotype_crown_invert_trans.png?	1554203316668	1554203316701	OK	 
REQUEST	CCDUI	1		TX01_HMCTSReform_CCD_Login_govuk-template-print.css	1554203316669	1554203316702	OK	 
REQUEST	CCDUI	1		TX01_HMCTSReform_CCD_Login_get_profile	1554203316663	1554203316704	OK	 
REQUEST	CCDUI	1		TX01_HMCTSReform_CCD_Login_govuk-template.js	1554203316669	1554203316708	OK	 
REQUEST	CCDUI	1		TX01_HMCTSReform_CCD_Login_govuk-template.css	1554203316667	1554203316763	OK	 
REQUEST	CCDUI	1		TX01_HMCTSReform_CCD_Login_open-government-licence_2x.png	1554203316705	1554203316768	OK	 
REQUEST	CCDUI	1		TX01_HMCTSReform_CCD_Login_gov.uk_logotype_crown.png	1554203316710	1554203316804	OK	 
REQUEST	CCDUI	1		TX01_HMCTSReform_CCD_Login_govuk-crest-2x.png	1554203316704	1554203316824	OK	 
REQUEST	CCDUI	1		TX01_HMCTSReform_CCD_Login_redirectURL	1554203316665	1554203316797	OK	 
REQUEST	CCDUI	1		TX01_HMCTSReform_CCD_Login_fonts.css	1554203316667	1554203317255	OK	 
REQUEST	CCDUI	1		TX02_HMCTSReform_CCD_submitLogin	1554203319172	1554203319658	OK	 
REQUEST	CCDUI	1		TX02_HMCTSReform_CCD_submitLogin_get_config	1554203319665	1554203319678	OK	 
REQUEST	CCDUI	1		TX02_HMCTSReform_CCD_submitLogin_option_oauth2redirect	1554203319682	1554203319695	OK	 
REQUEST	CCDUI	1		TX02_HMCTSReform_CCD_submitLogin_get_oauth2redirect	1554203319696	1554203319802	OK	 
REQUEST	CCDUI	1		TX02_HMCTSReform_CCD_submitLogin_get_config	1554203319803	1554203319816	OK	 
REQUEST	CCDUI	1		TX02_HMCTSReform_CCD_submitLogin_option_profile	1554203319817	1554203319849	OK	 
REQUEST	CCDUI	1		TX02_HMCTSReform_CCD_submitLogin_get_profile	1554203319850	1554203321127	OK	 
REQUEST	CCDUI	1		TX02_HMCTSReform_CCD_submitLogin_option_case-types_access_read	1554203323124	1554203323325	OK	 
REQUEST	CCDUI	1		TX02_HMCTSReform_CCD_submitLogin_options_work-basket-inputs	1554203323329	1554203323495	OK	 
REQUEST	CCDUI	1		TX02_HMCTSReform_CCD_submitLogin_options_casesview_WORKBASKET&state=TODO&page=1	1554203323329	1554203323495	OK	 
REQUEST	CCDUI	1		TX02_HMCTSReform_CCD_submitLogin_options_pagination_metadata?state=TODO	1554203323330	1554203323535	OK	 
REQUEST	CCDUI	1		TX02_HMCTSReform_CCD_submitLogin_get_case-types_access_read	1554203323329	1554203326016	OK	 
REQUEST	CCDUI	1		TX02_HMCTSReform_CCD_submitLogin_pagination_metadata?state=TODO	1554203323497	1554203326313	OK	 
REQUEST	CCDUI	1		TX02_HMCTSReform_CCD_submitLogin_get_casesview_WORKBASKET&state=TODO&page=1	1554203323331	1554203326536	OK	 
REQUEST	CCDUI	1		TX02_HMCTSReform_CCD_submitLogin_get_work-basket-inputs	1554203323330	1554203326545	OK	 
REQUEST	CCDUI	1		TX03_HMCTSReform_CCD_CreateCase_ClickCreqteCaseButton_options_case-types?access=create	1554203333384	1554203333427	OK	 
REQUEST	CCDUI	1		TX03_HMCTSReform_CCD_CreateCase_ClickCreqteCaseButton_get_case-types?access=create	1554203333429	1554203335370	OK	 
REQUEST	CCDUI	1		TX04_HMCTSReform_CCD_CreateCase_startCaseCreation_options_ignore-warning=false	1554203352063	1554203352096	OK	 
REQUEST	CCDUI	1		TX04_HMCTSReform_CCD_CreateCase_startCaseCreation_get_II_ignore-warning=false	1554203352099	1554203353559	OK	 
REQUEST	CCDUI	1		TX04_HMCTSReform_CCD_CreateCase_startCaseCreation_get_ignore-warning=false	1554203352098	1554203354693	OK	 
REQUEST	CCDUI	1		TX05_HMCTSReform_CCD_CreateCase_Validate_validateFirstPage_options_validate	1554203374255	1554203374325	OK	 
REQUEST	CCDUI	1		TX05_HMCTSReform_CCD_CreateCase_Validate_validateFirstPage_post_validate	1554203374332	1554203374623	OK	 
REQUEST	CCDUI	1		TX06_HMCTSReform_CCD_CreateCase_Validate_validateSecondPage_options_validate	1554203376072	1554203376199	OK	 
REQUEST	CCDUI	1		TX06_HMCTSReform_CCD_CreateCase_Validate_validateSecondPage_post_validate	1554203376201	1554203377104	OK	 
REQUEST	CCDUI	1		TX07.1_HMCTSReform_CCD_CreateCase_UploadDocument_5MB.pdf	1554203378488	1554203379970	OK	 
REQUEST	CCDUI	1		TX07_HMCTSReform_CCD_CreateCase_Validate_validateThirdPage_options_validate	1554203383085	1554203383131	OK	 
REQUEST	CCDUI	1		TX07_HMCTSReform_CCD_CreateCase_Validate_validateThirdPage_post_validate	1554203383133	1554203383351	OK	 
REQUEST	CCDUI	1		TX08_HMCTSReform_CCD_CreateCase_SubmitCase_options_cases?ignore-warning=false	1554203385014	1554203385047	OK	 
REQUEST	CCDUI	1		TX08_HMCTSReform_CCD_CreateCase_SubmitCase_post_cases?ignore-warning=false	1554203385049	1554203385657	OK	 
REQUEST	CCDUI	1		TX09_HMCTSReform_CCD_CreateCase_NewCaseDisplay_options_get	1554203387603	1554203387638	OK	 
REQUEST	CCDUI	1		TX09_HMCTSReform_CCD_CreateCase_NewCaseDisplay_get	1554203387640	1554203388504	OK	 
REQUEST	CCDUI	1		TX09.1.1_HMCTSReform_CCD_CreateCase_NewCaseDisplayThirdTab_get	1554203390442	1554203391353	OK	 
REQUEST	CCDUI	1		TX09.1.2_HMCTSReform_CCD_CreateCase_get_5MB.pdf_ViewDocument	1554203393072	1554203394701	OK	 
REQUEST	CCDUI	1		TX09.1_HMCTSReform_CCD_UpdateCase_UpdateStart_options_start	1554203397335	1554203397372	OK	 
REQUEST	CCDUI	1		TX09.2_HMCTSReform_CCD_UpdateCase_UpdateStart_get_start	1554203397374	1554203398302	OK	 
REQUEST	CCDUI	1		TX09.3_HMCTSReform_CCD_UpdateCase_UpdateStart_POST_options_updatepoststart	1554203399613	1554203399640	OK	 
REQUEST	CCDUI	1		TX09.4_HMCTSReform_CCD_UpdateCase_UpdateStart_POST_updatepoststart	1554203399642	1554203400149	OK	 
REQUEST	CCDUI	1		TX09_HMCTSReform_CCD_CreateCase_NewCaseDisplay_options_get	1554203401302	1554203401333	OK	 
REQUEST	CCDUI	1		TX09_HMCTSReform_CCD_CreateCase_NewCaseDisplay_get	1554203401335	1554203404769	OK	 
REQUEST	CCDUI	1		TX09.4_HMCTSReform_CCD_UpdateCase_UpdateMarkAsDone_options_start	1554203405802	1554203405834	OK	 
REQUEST	CCDUI	1		TX09.5_HMCTSReform_CCD_UpdateCase_UpdateMarkAsDone_get_start	1554203405837	1554203407311	OK	 
REQUEST	CCDUI	1		TX09.6_HMCTSReform_CCD_UpdateCase_UpdateMarkAsDone_POST_options_updatepoststart	1554203409232	1554203409354	OK	 
REQUEST	CCDUI	1		TX09.7_HMCTSReform_CCD_UpdateCase_UpdateMarkAsDone_POST_updatepoststart	1554203409356	1554203409769	OK	 
REQUEST	CCDUI	1		TX09_HMCTSReform_CCD_CreateCase_NewCaseDisplay_options_get	1554203411723	1554203411752	OK	 
REQUEST	CCDUI	1		TX09_HMCTSReform_CCD_CreateCase_NewCaseDisplay_get	1554203411754	1554203412034	OK	 
REQUEST	CCDUI	1		TX10_HMCTSReform_CCD_UISearchAndViewCase_SearchRequest_ByJurisdiction_CaseType_State_option_work_basket_inputs	1554203413852	1554203413885	OK	 
REQUEST	CCDUI	1		TX11_HMCTSReform_CCD_UISearchAndViewCase_SearchRequest_ByJurisdiction_CaseType_State_get_work_basket_inputs	1554203413887	1554203414993	OK	 
REQUEST	CCDUI	1		TX12_HMCTSReform_CCD_UISearchAndViewCase_SearchResult_ByJurisdiction_CaseType_State_optionscases_view_WORKBASKE	1554203416083	1554203416121	OK	 
REQUEST	CCDUI	1		TX13_HMCTSReform_CCD_UISearchAndViewCase_SearchResult_ByJurisdiction_CaseType_State_optionspagination_metadata	1554203416123	1554203416155	OK	 
REQUEST	CCDUI	1		TX15_HMCTSReform_CCD_UISearchAndViewCase_SearchResult_ByJurisdiction_CaseType_State_getpagination_metadata	1554203416124	1554203417656	OK	 
REQUEST	CCDUI	1		TX14_HMCTSReform_CCD_UISearchAndViewCase_SearchResult_ByJurisdiction_CaseType_State_getcases_view_WORKBASKE	1554203416123	1554203417695	OK	 
REQUEST	CCDUI	1		TX16_HMCTSReform_CCD_UISearchAndViewCase_SelectAndViewCase_options	1554203418735	1554203418783	OK	 
REQUEST	CCDUI	1		TX17_HMCTSReform_CCD_UISearchAndViewCase_SelectAndViewCase_get	1554203418784	1554203419300	OK	 
REQUEST	CCDUI	1		TX20_HMCTSReform_CCD_Logout	1554203420954	1554203421011	OK	 
REQUEST	CCDUI	1		TX20_HMCTSReform_CCD_Logout_getLogout	1554203421016	1554203421189	OK	 
REQUEST	CCDUI	1		TX20_HMCTSReform_CCD_Logout	1554203422626	1554203422649	OK	 
REQUEST	CCDUI	1		TX01_HMCTSReform_CCD_Login	1554203424352	1554203424618	OK	 
REQUEST	CCDUI	1		TX01_HMCTSReform_CCD_Login_option_profile	1554203424622	1554203424636	OK	 
REQUEST	CCDUI	1		TX02_HMCTSReform_CCD_submitLogin	1554203426193	1554203426768	OK	 
REQUEST	CCDUI	1		TX02_HMCTSReform_CCD_submitLogin_get_config	1554203426769	1554203426783	OK	 
REQUEST	CCDUI	1		TX02_HMCTSReform_CCD_submitLogin_option_oauth2redirect	1554203426784	1554203426799	OK	 
REQUEST	CCDUI	1		TX02_HMCTSReform_CCD_submitLogin_get_oauth2redirect	1554203426800	1554203426926	OK	 
REQUEST	CCDUI	1		TX02_HMCTSReform_CCD_submitLogin_get_config	1554203426927	1554203426939	OK	 
REQUEST	CCDUI	1		TX02_HMCTSReform_CCD_submitLogin_option_profile	1554203426940	1554203426972	OK	 
REQUEST	CCDUI	1		TX02_HMCTSReform_CCD_submitLogin_get_profile	1554203426973	1554203428023	OK	 
REQUEST	CCDUI	1		TX02_HMCTSReform_CCD_submitLogin_option_case-types_access_read	1554203430024	1554203430067	OK	 
REQUEST	CCDUI	1		TX02_HMCTSReform_CCD_submitLogin_options_work-basket-inputs	1554203430071	1554203430107	OK	 
REQUEST	CCDUI	1		TX02_HMCTSReform_CCD_submitLogin_options_casesview_WORKBASKET&state=TODO&page=1	1554203430072	1554203430129	OK	 
REQUEST	CCDUI	1		TX02_HMCTSReform_CCD_submitLogin_options_pagination_metadata?state=TODO	1554203430072	1554203430149	OK	 
REQUEST	CCDUI	1		TX02_HMCTSReform_CCD_submitLogin_get_work-basket-inputs	1554203430073	1554203432400	OK	 
REQUEST	CCDUI	1		TX02_HMCTSReform_CCD_submitLogin_get_casesview_WORKBASKET&state=TODO&page=1	1554203430073	1554203432515	OK	 
REQUEST	CCDUI	1		TX02_HMCTSReform_CCD_submitLogin_get_case-types_access_read	1554203430071	1554203433393	OK	 
REQUEST	CCDUI	1		TX02_HMCTSReform_CCD_submitLogin_pagination_metadata?state=TODO	1554203430108	1554203433444	OK	 
REQUEST	CCDUI	1		TX03_HMCTSReform_CCD_CreateCase_ClickCreqteCaseButton_options_case-types?access=create	1554203440115	1554203440141	OK	 
REQUEST	CCDUI	1		TX03_HMCTSReform_CCD_CreateCase_ClickCreqteCaseButton_get_case-types?access=create	1554203440143	1554203441421	OK	 
REQUEST	CCDUI	1		TX04_HMCTSReform_CCD_CreateCase_startCaseCreation_options_ignore-warning=false	1554203458563	1554203458614	OK	 
REQUEST	CCDUI	1		TX04_HMCTSReform_CCD_CreateCase_startCaseCreation_get_II_ignore-warning=false	1554203458617	1554203460042	OK	 
REQUEST	CCDUI	1		TX04_HMCTSReform_CCD_CreateCase_startCaseCreation_get_ignore-warning=false	1554203458616	1554203460986	OK	 
REQUEST	CCDUI	1		TX05_HMCTSReform_CCD_CreateCase_Validate_validateFirstPage_options_validate	1554203476982	1554203477012	OK	 
REQUEST	CCDUI	1		TX05_HMCTSReform_CCD_CreateCase_Validate_validateFirstPage_post_validate	1554203477014	1554203477252	OK	 
REQUEST	CCDUI	1		TX06_HMCTSReform_CCD_CreateCase_Validate_validateSecondPage_options_validate	1554203478904	1554203478938	OK	 
REQUEST	CCDUI	1		TX06_HMCTSReform_CCD_CreateCase_Validate_validateSecondPage_post_validate	1554203478940	1554203479198	OK	 
REQUEST	CCDUI	1		TX07.1_HMCTSReform_CCD_CreateCase_UploadDocument_10MB.pdf	1554203480378	1554203482681	OK	 
REQUEST	CCDUI	1		TX07_HMCTSReform_CCD_CreateCase_Validate_validateThirdPage_options_validate	1554203485044	1554203485192	OK	 
REQUEST	CCDUI	1		TX07_HMCTSReform_CCD_CreateCase_Validate_validateThirdPage_post_validate	1554203485194	1554203486068	OK	 
REQUEST	CCDUI	1		TX08_HMCTSReform_CCD_CreateCase_SubmitCase_options_cases?ignore-warning=false	1554203487363	1554203487400	OK	 
REQUEST	CCDUI	1		TX08_HMCTSReform_CCD_CreateCase_SubmitCase_post_cases?ignore-warning=false	1554203487402	1554203487739	OK	 
REQUEST	CCDUI	1		TX09_HMCTSReform_CCD_CreateCase_NewCaseDisplay_options_get	1554203489704	1554203489736	OK	 
REQUEST	CCDUI	1		TX09_HMCTSReform_CCD_CreateCase_NewCaseDisplay_get	1554203489738	1554203491105	OK	 
REQUEST	CCDUI	1		TX09.1.1_HMCTSReform_CCD_CreateCase_NewCaseDisplayThirdTab_get	1554203492874	1554203494266	OK	 
REQUEST	CCDUI	1		TX09.1.2_HMCTSReform_CCD_CreateCase_get_10MB.pdf_ViewDocument	1554203496011	1554203501327	OK	 
REQUEST	CCDUI	1		TX09.4_HMCTSReform_CCD_UpdateCase_UpdateMarkAsDone_options_start	1554203504172	1554203504388	OK	 
REQUEST	CCDUI	1		TX09.5_HMCTSReform_CCD_UpdateCase_UpdateMarkAsDone_get_start	1554203504389	1554203505569	OK	 
REQUEST	CCDUI	1		TX09.6_HMCTSReform_CCD_UpdateCase_UpdateMarkAsDone_POST_options_updatepoststart	1554203506823	1554203506858	OK	 
REQUEST	CCDUI	1		TX09.7_HMCTSReform_CCD_UpdateCase_UpdateMarkAsDone_POST_updatepoststart	1554203506860	1554203507932	OK	 
REQUEST	CCDUI	1		TX09_HMCTSReform_CCD_CreateCase_NewCaseDisplay_options_get	1554203508983	1554203509020	OK	 
REQUEST	CCDUI	1		TX09_HMCTSReform_CCD_CreateCase_NewCaseDisplay_get	1554203509022	1554203509631	OK	 
REQUEST	CCDUI	1		TX10_HMCTSReform_CCD_UISearchAndViewCase_SearchRequest_ByJurisdiction_CaseType_State_option_work_basket_inputs	1554203511144	1554203511179	OK	 
REQUEST	CCDUI	1		TX11_HMCTSReform_CCD_UISearchAndViewCase_SearchRequest_ByJurisdiction_CaseType_State_get_work_basket_inputs	1554203511181	1554203512962	OK	 
REQUEST	CCDUI	1		TX12_HMCTSReform_CCD_UISearchAndViewCase_SearchResult_ByJurisdiction_CaseType_State_optionscases_view_WORKBASKE	1554203514812	1554203514966	OK	 
REQUEST	CCDUI	1		TX13_HMCTSReform_CCD_UISearchAndViewCase_SearchResult_ByJurisdiction_CaseType_State_optionspagination_metadata	1554203514968	1554203514994	OK	 
REQUEST	CCDUI	1		TX15_HMCTSReform_CCD_UISearchAndViewCase_SearchResult_ByJurisdiction_CaseType_State_getpagination_metadata	1554203514969	1554203517292	OK	 
REQUEST	CCDUI	1		TX14_HMCTSReform_CCD_UISearchAndViewCase_SearchResult_ByJurisdiction_CaseType_State_getcases_view_WORKBASKE	1554203514969	1554203517744	OK	 
REQUEST	CCDUI	1		TX16_HMCTSReform_CCD_UISearchAndViewCase_SelectAndViewCase_options	1554203519732	1554203519760	OK	 
REQUEST	CCDUI	1		TX17_HMCTSReform_CCD_UISearchAndViewCase_SelectAndViewCase_get	1554203519762	1554203520676	OK	 
REQUEST	CCDUI	1		TX20_HMCTSReform_CCD_Logout	1554203522304	1554203522334	OK	 
REQUEST	CCDUI	1		TX20_HMCTSReform_CCD_Logout_getLogout	1554203522338	1554203522615	OK	 
REQUEST	CCDUI	1		TX20_HMCTSReform_CCD_Logout	1554203524324	1554203524340	OK	 
REQUEST	CCDUI	1		TX01_HMCTSReform_CCD_Login	1554203526302	1554203526360	OK	 
REQUEST	CCDUI	1		TX01_HMCTSReform_CCD_Login_option_profile	1554203526364	1554203526376	OK	 
REQUEST	CCDUI	1		TX02_HMCTSReform_CCD_submitLogin	1554203528354	1554203528933	OK	 
REQUEST	CCDUI	1		TX02_HMCTSReform_CCD_submitLogin_get_config	1554203528934	1554203529186	OK	 
REQUEST	CCDUI	1		TX02_HMCTSReform_CCD_submitLogin_option_oauth2redirect	1554203529186	1554203529199	OK	 
REQUEST	CCDUI	1		TX02_HMCTSReform_CCD_submitLogin_get_oauth2redirect	1554203529199	1554203529303	OK	 
REQUEST	CCDUI	1		TX02_HMCTSReform_CCD_submitLogin_get_config	1554203529304	1554203529315	OK	 
REQUEST	CCDUI	1		TX02_HMCTSReform_CCD_submitLogin_option_profile	1554203529315	1554203529341	OK	 
REQUEST	CCDUI	1		TX02_HMCTSReform_CCD_submitLogin_get_profile	1554203529341	1554203530427	OK	 
REQUEST	CCDUI	1		TX02_HMCTSReform_CCD_submitLogin_option_case-types_access_read	1554203532423	1554203532457	OK	 
REQUEST	CCDUI	1		TX02_HMCTSReform_CCD_submitLogin_options_casesview_WORKBASKET&state=TODO&page=1	1554203532461	1554203532495	OK	 
REQUEST	CCDUI	1		TX02_HMCTSReform_CCD_submitLogin_options_work-basket-inputs	1554203532460	1554203532532	OK	 
REQUEST	CCDUI	1		TX02_HMCTSReform_CCD_submitLogin_options_pagination_metadata?state=TODO	1554203532461	1554203532560	OK	 
REQUEST	CCDUI	1		TX02_HMCTSReform_CCD_submitLogin_pagination_metadata?state=TODO	1554203532495	1554203535246	OK	 
REQUEST	CCDUI	1		TX02_HMCTSReform_CCD_submitLogin_get_case-types_access_read	1554203532460	1554203535431	OK	 
REQUEST	CCDUI	1		TX02_HMCTSReform_CCD_submitLogin_get_work-basket-inputs	1554203532462	1554203535737	OK	 
REQUEST	CCDUI	1		TX02_HMCTSReform_CCD_submitLogin_get_casesview_WORKBASKET&state=TODO&page=1	1554203532462	1554203535810	OK	 
REQUEST	CCDUI	1		TX03_HMCTSReform_CCD_CreateCase_ClickCreqteCaseButton_options_case-types?access=create	1554203542121	1554203542267	OK	 
REQUEST	CCDUI	1		TX03_HMCTSReform_CCD_CreateCase_ClickCreqteCaseButton_get_case-types?access=create	1554203542269	1554203543543	OK	 
REQUEST	CCDUI	1		TX04_HMCTSReform_CCD_CreateCase_startCaseCreation_options_ignore-warning=false	1554203562282	1554203562319	OK	 
REQUEST	CCDUI	1		TX04_HMCTSReform_CCD_CreateCase_startCaseCreation_get_ignore-warning=false	1554203562321	1554203563997	OK	 
REQUEST	CCDUI	1		TX04_HMCTSReform_CCD_CreateCase_startCaseCreation_get_II_ignore-warning=false	1554203562321	1554203565233	OK	 
REQUEST	CCDUI	1		TX05_HMCTSReform_CCD_CreateCase_Validate_validateFirstPage_options_validate	1554203583752	1554203583787	OK	 
REQUEST	CCDUI	1		TX05_HMCTSReform_CCD_CreateCase_Validate_validateFirstPage_post_validate	1554203583788	1554203584055	OK	 
REQUEST	CCDUI	1		TX06_HMCTSReform_CCD_CreateCase_Validate_validateSecondPage_options_validate	1554203585805	1554203585836	OK	 
REQUEST	CCDUI	1		TX06_HMCTSReform_CCD_CreateCase_Validate_validateSecondPage_post_validate	1554203585838	1554203586719	OK	 
REQUEST	CCDUI	1		TX07.1_HMCTSReform_CCD_CreateCase_UploadDocument_2MB.pdf	1554203588302	1554203589073	OK	 
REQUEST	CCDUI	1		TX07_HMCTSReform_CCD_CreateCase_Validate_validateThirdPage_options_validate	1554203591572	1554203591627	OK	 
REQUEST	CCDUI	1		TX07_HMCTSReform_CCD_CreateCase_Validate_validateThirdPage_post_validate	1554203591628	1554203591877	OK	 
REQUEST	CCDUI	1		TX08_HMCTSReform_CCD_CreateCase_SubmitCase_options_cases?ignore-warning=false	1554203593054	1554203593149	OK	 
REQUEST	CCDUI	1		TX08_HMCTSReform_CCD_CreateCase_SubmitCase_post_cases?ignore-warning=false	1554203593151	1554203593996	OK	 
REQUEST	CCDUI	1		TX09_HMCTSReform_CCD_CreateCase_NewCaseDisplay_options_get	1554203595031	1554203595235	OK	 
REQUEST	CCDUI	1		TX09_HMCTSReform_CCD_CreateCase_NewCaseDisplay_get	1554203595238	1554203596568	OK	 
REQUEST	CCDUI	1		TX09.1.1_HMCTSReform_CCD_CreateCase_NewCaseDisplayThirdTab_get	1554203597632	1554203598308	OK	 
REQUEST	CCDUI	1		TX09.1.2_HMCTSReform_CCD_CreateCase_get_2MB.pdf_ViewDocument	1554203599594	1554203600669	OK	 
REQUEST	CCDUI	1		TX09.4_HMCTSReform_CCD_UpdateCase_UpdateMarkAsDone_options_start	1554203604473	1554203604501	OK	 
REQUEST	CCDUI	1		TX09.5_HMCTSReform_CCD_UpdateCase_UpdateMarkAsDone_get_start	1554203604503	1554203606380	OK	 
REQUEST	CCDUI	1		TX09.6_HMCTSReform_CCD_UpdateCase_UpdateMarkAsDone_POST_options_updatepoststart	1554203607453	1554203607485	OK	 
REQUEST	CCDUI	1		TX09.7_HMCTSReform_CCD_UpdateCase_UpdateMarkAsDone_POST_updatepoststart	1554203607487	1554203607921	OK	 
REQUEST	CCDUI	1		TX09_HMCTSReform_CCD_CreateCase_NewCaseDisplay_options_get	1554203609463	1554203609532	OK	 
REQUEST	CCDUI	1		TX09_HMCTSReform_CCD_CreateCase_NewCaseDisplay_get	1554203609534	1554203610245	OK	 
REQUEST	CCDUI	1		TX10_HMCTSReform_CCD_UISearchAndViewCase_SearchRequest_ByJurisdiction_CaseType_State_option_work_basket_inputs	1554203611535	1554203611667	OK	 
REQUEST	CCDUI	1		TX11_HMCTSReform_CCD_UISearchAndViewCase_SearchRequest_ByJurisdiction_CaseType_State_get_work_basket_inputs	1554203611668	1554203612006	OK	 
USER	CCDUI	1	END	1554203312333	1554203613536
