RUN	uk.gov.hmcts.ccd.corecasedata.simulations.CCDUIPTSimulation		ccduiptsimulation	1548164012205	 	2.0
USER	CCDUI	1	START	1548164012959	1548164012959
REQUEST	CCDUI	1		TX20_HMCTSReform_CCD_Logout	1548164012990	1548164013083	OK	 
REQUEST	CCDUI	1		TX20_HMCTSReform_CCD_Logout_getLogout	1548164013136	1548164013163	OK	 
REQUEST	CCDUI	1		TX20_HMCTSReform_CCD_Logout_govuk-template-print.css	1548164013166	1548164013343	OK	 
REQUEST	CCDUI	1		TX20_HMCTSReform_CCD_Logout_govuk-template.js	1548164013164	1548164013350	OK	 
REQUEST	CCDUI	1		TX20_HMCTSReform_CCD_Logout_gov.uk_logotype_crown_invert_trans.png	1548164013162	1548164013381	OK	 
REQUEST	CCDUI	1		TX20_HMCTSReform_CCD_Logout_open-government-licence_2x.png	1548164013365	1548164013683	OK	 
REQUEST	CCDUI	1		TX20_HMCTSReform_CCD_Logout_gov.uk_logotype_crown.png	1548164013382	1548164013683	OK	 
REQUEST	CCDUI	1		TX20_HMCTSReform_CCD_Logout_govuk-crest-2x.png	1548164013351	1548164013691	OK	 
REQUEST	CCDUI	1		TX20_HMCTSReform_CCD_Logout_getRedirectURL	1548164013138	1548164013692	OK	 
REQUEST	CCDUI	1		TX20_HMCTSReform_CCD_Logout_govuk-template.css	1548164013161	1548164013702	OK	 
REQUEST	CCDUI	1		TX20_HMCTSReform_CCD_Logout_fonts.css	1548164013162	1548164015205	OK	 
REQUEST	CCDUI	1		TX01_HMCTSReform_CCD_Login	1548164017001	1548164017601	OK	 
REQUEST	CCDUI	1		TX01_HMCTSReform_CCD_Login_option_profile	1548164017608	1548164017624	OK	 
REQUEST	CCDUI	1		TX01_HMCTSReform_CCD_Login_get_config	1548164017615	1548164017641	OK	 
REQUEST	CCDUI	1		TX01_HMCTSReform_CCD_Login_gov.uk_logotype_crown_invert_trans.png?	1548164017612	1548164017644	OK	 
REQUEST	CCDUI	1		TX01_HMCTSReform_CCD_Login_govuk-template-print.css	1548164017615	1548164017662	OK	 
REQUEST	CCDUI	1		TX01_HMCTSReform_CCD_Login_govuk-template.js	1548164017614	1548164017668	OK	 
REQUEST	CCDUI	1		TX01_HMCTSReform_CCD_Login_get_profile	1548164017608	1548164017690	OK	 
REQUEST	CCDUI	1		TX01_HMCTSReform_CCD_Login_open-government-licence_2x.png	1548164017664	1548164017724	OK	 
REQUEST	CCDUI	1		TX01_HMCTSReform_CCD_Login_govuk-template.css	1548164017611	1548164017741	OK	 
REQUEST	CCDUI	1		TX01_HMCTSReform_CCD_Login_gov.uk_logotype_crown.png	1548164017669	1548164017741	OK	 
REQUEST	CCDUI	1		TX01_HMCTSReform_CCD_Login_govuk-crest-2x.png	1548164017646	1548164017745	OK	 
REQUEST	CCDUI	1		TX01_HMCTSReform_CCD_Login_redirectURL	1548164017609	1548164017827	OK	 
REQUEST	CCDUI	1		TX01_HMCTSReform_CCD_Login_fonts.css	1548164017611	1548164018461	OK	 
REQUEST	CCDUI	1		TX02_HMCTSReform_CCD_submitLogin	1548164019586	1548164020012	OK	 
REQUEST	CCDUI	1		TX02_HMCTSReform_CCD_submitLogin_get_config	1548164020018	1548164020037	OK	 
REQUEST	CCDUI	1		TX02_HMCTSReform_CCD_submitLogin_option_oauth2redirect	1548164020041	1548164020061	OK	 
REQUEST	CCDUI	1		TX02_HMCTSReform_CCD_submitLogin_get_oauth2redirect	1548164020062	1548164020183	OK	 
REQUEST	CCDUI	1		TX02_HMCTSReform_CCD_submitLogin_get_config	1548164020185	1548164020217	OK	 
REQUEST	CCDUI	1		TX02_HMCTSReform_CCD_submitLogin_option_profile	1548164020219	1548164020304	OK	 
REQUEST	CCDUI	1		TX02_HMCTSReform_CCD_submitLogin_get_profile	1548164020305	1548164024426	OK	 
REQUEST	CCDUI	1		TX02_HMCTSReform_CCD_submitLogin_option_case-types_access_read	1548164026416	1548164026459	OK	 
REQUEST	CCDUI	1		TX02_HMCTSReform_CCD_submitLogin_options_work-basket-inputs	1548164026463	1548164026509	OK	 
REQUEST	CCDUI	1		TX02_HMCTSReform_CCD_submitLogin_options_casesview_WORKBASKET&state=TODO&page=1	1548164026463	1548164026562	OK	 
REQUEST	CCDUI	1		TX02_HMCTSReform_CCD_submitLogin_options_pagination_metadata?state=TODO	1548164026463	1548164026607	OK	 
REQUEST	CCDUI	1		TX02_HMCTSReform_CCD_submitLogin_pagination_metadata?state=TODO	1548164026510	1548164027505	OK	 
REQUEST	CCDUI	1		TX02_HMCTSReform_CCD_submitLogin_get_case-types_access_read	1548164026462	1548164027870	OK	 
REQUEST	CCDUI	1		TX02_HMCTSReform_CCD_submitLogin_get_work-basket-inputs	1548164026464	1548164028124	OK	 
REQUEST	CCDUI	1		TX02_HMCTSReform_CCD_submitLogin_get_casesview_WORKBASKET&state=TODO&page=1	1548164026465	1548164028631	OK	 
REQUEST	CCDUI	1		TX03_HMCTSReform_CCD_CreateCase_ClickCreqteCaseButton_options_case-types?access=create	1548164035519	1548164035709	OK	 
REQUEST	CCDUI	1		TX03_HMCTSReform_CCD_CreateCase_ClickCreqteCaseButton_get_case-types?access=create	1548164035710	1548164036555	OK	 
REQUEST	CCDUI	1		TX04_HMCTSReform_CCD_CreateCase_startCaseCreation_options_ignore-warning=false	1548164056528	1548164056651	OK	 
REQUEST	CCDUI	1		TX04_HMCTSReform_CCD_CreateCase_startCaseCreation_get_II_ignore-warning=false	1548164056653	1548164057657	OK	 
REQUEST	CCDUI	1		TX04_HMCTSReform_CCD_CreateCase_startCaseCreation_get_ignore-warning=false	1548164056653	1548164057838	OK	 
REQUEST	CCDUI	1		TX05_HMCTSReform_CCD_CreateCase_Validate_validateFirstPage_options_validate	1548164075729	1548164075772	OK	 
REQUEST	CCDUI	1		TX05_HMCTSReform_CCD_CreateCase_Validate_validateFirstPage_post_validate	1548164075778	1548164075946	OK	 
REQUEST	CCDUI	1		TX06_HMCTSReform_CCD_CreateCase_Validate_validateSecondPage_options_validate	1548164077029	1548164077070	OK	 
REQUEST	CCDUI	1		TX06_HMCTSReform_CCD_CreateCase_Validate_validateSecondPage_post_validate	1548164077072	1548164077579	OK	 
REQUEST	CCDUI	1		TX07.1_HMCTSReform_CCD_CreateCase_UploadDocument_2MB.pdf	1548164078833	1548164080430	KO	status.find.is(200), but actually found 502
REQUEST	CCDUI	1		TX08_HMCTSReform_CCD_CreateCase_SubmitCase_options_cases?ignore-warning=false	1548164080456	1548164080489	OK	 
GROUP	Failed to build request TX08_HMCTSReform_CCD_CreateCase_SubmitCase_post_cases?ignore-warning=false: No attribute named 'Document_ID' is defined 	1548164080491
GROUP	Failed to build request TX09_HMCTSReform_CCD_CreateCase_NewCaseDisplay_options_get: No attribute named 'New_Case_Id' is defined 	1548164082296
REQUEST	CCDUI	1		TX10_HMCTSReform_CCD_UISearchAndViewCase_SearchRequest_ByJurisdiction_CaseType_State_option_work_basket_inputs	1548164083869	1548164083901	OK	 
REQUEST	CCDUI	1		TX11_HMCTSReform_CCD_UISearchAndViewCase_SearchRequest_ByJurisdiction_CaseType_State_get_work_basket_inputs	1548164083903	1548164084876	OK	 
REQUEST	CCDUI	1		TX12_HMCTSReform_CCD_UISearchAndViewCase_SearchResult_ByJurisdiction_CaseType_State_optionscases_view_WORKBASKE	1548164086538	1548164086693	OK	 
REQUEST	CCDUI	1		TX13_HMCTSReform_CCD_UISearchAndViewCase_SearchResult_ByJurisdiction_CaseType_State_optionspagination_metadata	1548164086695	1548164087213	OK	 
REQUEST	CCDUI	1		TX15_HMCTSReform_CCD_UISearchAndViewCase_SearchResult_ByJurisdiction_CaseType_State_getpagination_metadata	1548164086696	1548164087213	OK	 
REQUEST	CCDUI	1		TX14_HMCTSReform_CCD_UISearchAndViewCase_SearchResult_ByJurisdiction_CaseType_State_getcases_view_WORKBASKE	1548164086695	1548164087374	OK	 
REQUEST	CCDUI	1		TX16_HMCTSReform_CCD_UISearchAndViewCase_SelectAndViewCase_options	1548164089188	1548164089238	OK	 
REQUEST	CCDUI	1		TX17_HMCTSReform_CCD_UISearchAndViewCase_SelectAndViewCase_get	1548164089240	1548164089680	OK	 
REQUEST	CCDUI	1		TX20_HMCTSReform_CCD_Logout	1548164090969	1548164091015	OK	 
REQUEST	CCDUI	1		TX20_HMCTSReform_CCD_Logout_getLogout	1548164091020	1548164091300	OK	 
REQUEST	CCDUI	1		TX20_HMCTSReform_CCD_Logout	1548164092718	1548164092753	OK	 
REQUEST	CCDUI	1		TX01_HMCTSReform_CCD_Login	1548164093908	1548164094012	OK	 
REQUEST	CCDUI	1		TX01_HMCTSReform_CCD_Login_option_profile	1548164094018	1548164094039	OK	 
REQUEST	CCDUI	1		TX02_HMCTSReform_CCD_submitLogin	1548164095456	1548164096222	OK	 
REQUEST	CCDUI	1		TX02_HMCTSReform_CCD_submitLogin_get_config	1548164096224	1548164096242	OK	 
REQUEST	CCDUI	1		TX02_HMCTSReform_CCD_submitLogin_option_oauth2redirect	1548164096243	1548164096274	OK	 
REQUEST	CCDUI	1		TX02_HMCTSReform_CCD_submitLogin_get_oauth2redirect	1548164096275	1548164096832	OK	 
REQUEST	CCDUI	1		TX02_HMCTSReform_CCD_submitLogin_get_config	1548164096834	1548164096868	OK	 
REQUEST	CCDUI	1		TX02_HMCTSReform_CCD_submitLogin_option_profile	1548164096869	1548164096924	OK	 
REQUEST	CCDUI	1		TX02_HMCTSReform_CCD_submitLogin_get_profile	1548164096925	1548164099104	OK	 
REQUEST	CCDUI	1		TX02_HMCTSReform_CCD_submitLogin_option_case-types_access_read	1548164101097	1548164101363	OK	 
REQUEST	CCDUI	1		TX02_HMCTSReform_CCD_submitLogin_options_casesview_WORKBASKET&state=TODO&page=1	1548164101367	1548164101439	OK	 
REQUEST	CCDUI	1		TX02_HMCTSReform_CCD_submitLogin_options_work-basket-inputs	1548164101367	1548164101440	OK	 
REQUEST	CCDUI	1		TX02_HMCTSReform_CCD_submitLogin_options_pagination_metadata?state=TODO	1548164101368	1548164101463	OK	 
REQUEST	CCDUI	1		TX02_HMCTSReform_CCD_submitLogin_pagination_metadata?state=TODO	1548164101440	1548164102429	OK	 
REQUEST	CCDUI	1		TX02_HMCTSReform_CCD_submitLogin_get_casesview_WORKBASKET&state=TODO&page=1	1548164101369	1548164102485	OK	 
REQUEST	CCDUI	1		TX02_HMCTSReform_CCD_submitLogin_get_work-basket-inputs	1548164101368	1548164102519	OK	 
REQUEST	CCDUI	1		TX02_HMCTSReform_CCD_submitLogin_get_case-types_access_read	1548164101367	1548164102519	OK	 
REQUEST	CCDUI	1		TX03_HMCTSReform_CCD_CreateCase_ClickCreqteCaseButton_options_case-types?access=create	1548164109068	1548164109120	OK	 
REQUEST	CCDUI	1		TX03_HMCTSReform_CCD_CreateCase_ClickCreqteCaseButton_get_case-types?access=create	1548164109121	1548164109787	OK	 
REQUEST	CCDUI	1		TX04_HMCTSReform_CCD_CreateCase_startCaseCreation_options_ignore-warning=false	1548164126516	1548164126605	OK	 
REQUEST	CCDUI	1		TX04_HMCTSReform_CCD_CreateCase_startCaseCreation_get_ignore-warning=false	1548164126607	1548164127446	OK	 
REQUEST	CCDUI	1		TX04_HMCTSReform_CCD_CreateCase_startCaseCreation_get_II_ignore-warning=false	1548164126607	1548164127446	OK	 
REQUEST	CCDUI	1		TX05_HMCTSReform_CCD_CreateCase_Validate_validateFirstPage_options_validate	1548164141987	1548164142227	OK	 
REQUEST	CCDUI	1		TX05_HMCTSReform_CCD_CreateCase_Validate_validateFirstPage_post_validate	1548164142229	1548164142540	OK	 
REQUEST	CCDUI	1		TX06_HMCTSReform_CCD_CreateCase_Validate_validateSecondPage_options_validate	1548164143639	1548164143681	OK	 
REQUEST	CCDUI	1		TX06_HMCTSReform_CCD_CreateCase_Validate_validateSecondPage_post_validate	1548164143682	1548164143932	OK	 
REQUEST	CCDUI	1		TX07.1_HMCTSReform_CCD_CreateCase_UploadDocument_10MB.pdf	1548164145782	1548164150402	KO	status.find.is(200), but actually found 403
REQUEST	CCDUI	1		TX08_HMCTSReform_CCD_CreateCase_SubmitCase_options_cases?ignore-warning=false	1548164150407	1548164150454	OK	 
GROUP	Failed to build request TX08_HMCTSReform_CCD_CreateCase_SubmitCase_post_cases?ignore-warning=false: No attribute named 'Document_ID' is defined 	1548164150455
GROUP	Failed to build request TX09_HMCTSReform_CCD_CreateCase_NewCaseDisplay_options_get: No attribute named 'New_Case_Id' is defined 	1548164151816
REQUEST	CCDUI	1		TX10_HMCTSReform_CCD_UISearchAndViewCase_SearchRequest_ByJurisdiction_CaseType_State_option_work_basket_inputs	1548164152857	1548164152891	OK	 
REQUEST	CCDUI	1		TX11_HMCTSReform_CCD_UISearchAndViewCase_SearchRequest_ByJurisdiction_CaseType_State_get_work_basket_inputs	1548164152893	1548164153591	OK	 
REQUEST	CCDUI	1		TX12_HMCTSReform_CCD_UISearchAndViewCase_SearchResult_ByJurisdiction_CaseType_State_optionscases_view_WORKBASKE	1548164154929	1548164155085	OK	 
REQUEST	CCDUI	1		TX13_HMCTSReform_CCD_UISearchAndViewCase_SearchResult_ByJurisdiction_CaseType_State_optionspagination_metadata	1548164155088	1548164155265	OK	 
REQUEST	CCDUI	1		TX15_HMCTSReform_CCD_UISearchAndViewCase_SearchResult_ByJurisdiction_CaseType_State_getpagination_metadata	1548164155088	1548164155504	OK	 
REQUEST	CCDUI	1		TX14_HMCTSReform_CCD_UISearchAndViewCase_SearchResult_ByJurisdiction_CaseType_State_getcases_view_WORKBASKE	1548164155088	1548164155509	OK	 
REQUEST	CCDUI	1		TX16_HMCTSReform_CCD_UISearchAndViewCase_SelectAndViewCase_options	1548164157139	1548164157386	OK	 
REQUEST	CCDUI	1		TX17_HMCTSReform_CCD_UISearchAndViewCase_SelectAndViewCase_get	1548164157389	1548164157972	OK	 
REQUEST	CCDUI	1		TX20_HMCTSReform_CCD_Logout	1548164159467	1548164159499	OK	 
REQUEST	CCDUI	1		TX20_HMCTSReform_CCD_Logout_getLogout	1548164159503	1548164159662	OK	 
REQUEST	CCDUI	1		TX20_HMCTSReform_CCD_Logout	1548164161118	1548164161139	OK	 
REQUEST	CCDUI	1		TX01_HMCTSReform_CCD_Login	1548164162158	1548164162190	OK	 
REQUEST	CCDUI	1		TX01_HMCTSReform_CCD_Login_option_profile	1548164162194	1548164162206	OK	 
REQUEST	CCDUI	1		TX02_HMCTSReform_CCD_submitLogin	1548164163797	1548164164591	OK	 
REQUEST	CCDUI	1		TX02_HMCTSReform_CCD_submitLogin_get_config	1548164164592	1548164164606	OK	 
REQUEST	CCDUI	1		TX02_HMCTSReform_CCD_submitLogin_option_oauth2redirect	1548164164607	1548164164622	OK	 
REQUEST	CCDUI	1		TX02_HMCTSReform_CCD_submitLogin_get_oauth2redirect	1548164164623	1548164164727	OK	 
REQUEST	CCDUI	1		TX02_HMCTSReform_CCD_submitLogin_get_config	1548164164729	1548164164739	OK	 
REQUEST	CCDUI	1		TX02_HMCTSReform_CCD_submitLogin_option_profile	1548164164740	1548164164771	OK	 
REQUEST	CCDUI	1		TX02_HMCTSReform_CCD_submitLogin_get_profile	1548164164772	1548164166376	OK	 
REQUEST	CCDUI	1		TX02_HMCTSReform_CCD_submitLogin_option_case-types_access_read	1548164168366	1548164168557	OK	 
REQUEST	CCDUI	1		TX02_HMCTSReform_CCD_submitLogin_options_work-basket-inputs	1548164168560	1548164168671	OK	 
REQUEST	CCDUI	1		TX02_HMCTSReform_CCD_submitLogin_options_casesview_WORKBASKET&state=TODO&page=1	1548164168560	1548164168671	OK	 
REQUEST	CCDUI	1		TX02_HMCTSReform_CCD_submitLogin_options_pagination_metadata?state=TODO	1548164168561	1548164168840	OK	 
REQUEST	CCDUI	1		TX02_HMCTSReform_CCD_submitLogin_get_work-basket-inputs	1548164168561	1548164169567	OK	 
REQUEST	CCDUI	1		TX02_HMCTSReform_CCD_submitLogin_pagination_metadata?state=TODO	1548164168671	1548164169740	OK	 
REQUEST	CCDUI	1		TX02_HMCTSReform_CCD_submitLogin_get_case-types_access_read	1548164168560	1548164169908	OK	 
REQUEST	CCDUI	1		TX02_HMCTSReform_CCD_submitLogin_get_casesview_WORKBASKET&state=TODO&page=1	1548164168562	1548164169916	OK	 
REQUEST	CCDUI	1		TX03_HMCTSReform_CCD_CreateCase_ClickCreqteCaseButton_options_case-types?access=create	1548164176549	1548164176604	OK	 
REQUEST	CCDUI	1		TX03_HMCTSReform_CCD_CreateCase_ClickCreqteCaseButton_get_case-types?access=create	1548164176609	1548164177238	OK	 
REQUEST	CCDUI	1		TX04_HMCTSReform_CCD_CreateCase_startCaseCreation_options_ignore-warning=false	1548164189036	1548164189177	OK	 
REQUEST	CCDUI	1		TX04_HMCTSReform_CCD_CreateCase_startCaseCreation_get_II_ignore-warning=false	1548164189179	1548164189782	OK	 
REQUEST	CCDUI	1		TX04_HMCTSReform_CCD_CreateCase_startCaseCreation_get_ignore-warning=false	1548164189179	1548164189918	OK	 
REQUEST	CCDUI	1		TX05_HMCTSReform_CCD_CreateCase_Validate_validateFirstPage_options_validate	1548164206338	1548164206389	OK	 
REQUEST	CCDUI	1		TX05_HMCTSReform_CCD_CreateCase_Validate_validateFirstPage_post_validate	1548164206391	1548164206874	OK	 
REQUEST	CCDUI	1		TX06_HMCTSReform_CCD_CreateCase_Validate_validateSecondPage_options_validate	1548164208448	1548164208514	OK	 
REQUEST	CCDUI	1		TX06_HMCTSReform_CCD_CreateCase_Validate_validateSecondPage_post_validate	1548164208516	1548164208683	OK	 
REQUEST	CCDUI	1		TX07.1_HMCTSReform_CCD_CreateCase_UploadDocument_2MB.pdf	1548164210492	1548164210893	KO	status.find.is(200), but actually found 502
REQUEST	CCDUI	1		TX08_HMCTSReform_CCD_CreateCase_SubmitCase_options_cases?ignore-warning=false	1548164210904	1548164210933	OK	 
GROUP	Failed to build request TX08_HMCTSReform_CCD_CreateCase_SubmitCase_post_cases?ignore-warning=false: No attribute named 'Document_ID' is defined 	1548164210934
GROUP	Failed to build request TX09_HMCTSReform_CCD_CreateCase_NewCaseDisplay_options_get: No attribute named 'New_Case_Id' is defined 	1548164212348
REQUEST	CCDUI	1		TX10_HMCTSReform_CCD_UISearchAndViewCase_SearchRequest_ByJurisdiction_CaseType_State_option_work_basket_inputs	1548164214248	1548164214287	OK	 
REQUEST	CCDUI	1		TX11_HMCTSReform_CCD_UISearchAndViewCase_SearchRequest_ByJurisdiction_CaseType_State_get_work_basket_inputs	1548164214289	1548164214795	OK	 
REQUEST	CCDUI	1		TX12_HMCTSReform_CCD_UISearchAndViewCase_SearchResult_ByJurisdiction_CaseType_State_optionscases_view_WORKBASKE	1548164216538	1548164216605	OK	 
REQUEST	CCDUI	1		TX13_HMCTSReform_CCD_UISearchAndViewCase_SearchResult_ByJurisdiction_CaseType_State_optionspagination_metadata	1548164216607	1548164216659	OK	 
REQUEST	CCDUI	1		TX15_HMCTSReform_CCD_UISearchAndViewCase_SearchResult_ByJurisdiction_CaseType_State_getpagination_metadata	1548164216608	1548164217048	OK	 
REQUEST	CCDUI	1		TX14_HMCTSReform_CCD_UISearchAndViewCase_SearchResult_ByJurisdiction_CaseType_State_getcases_view_WORKBASKE	1548164216608	1548164217059	OK	 
REQUEST	CCDUI	1		TX16_HMCTSReform_CCD_UISearchAndViewCase_SelectAndViewCase_options	1548164218899	1548164219010	OK	 
REQUEST	CCDUI	1		TX17_HMCTSReform_CCD_UISearchAndViewCase_SelectAndViewCase_get	1548164219011	1548164219305	OK	 
REQUEST	CCDUI	1		TX20_HMCTSReform_CCD_Logout	1548164221018	1548164221200	OK	 
REQUEST	CCDUI	1		TX20_HMCTSReform_CCD_Logout_getLogout	1548164221203	1548164221587	OK	 
REQUEST	CCDUI	1		TX20_HMCTSReform_CCD_Logout	1548164223517	1548164223532	OK	 
REQUEST	CCDUI	1		TX01_HMCTSReform_CCD_Login	1548164224697	1548164224718	OK	 
REQUEST	CCDUI	1		TX01_HMCTSReform_CCD_Login_option_profile	1548164224723	1548164224736	OK	 
REQUEST	CCDUI	1		TX02_HMCTSReform_CCD_submitLogin	1548164225989	1548164226573	OK	 
REQUEST	CCDUI	1		TX02_HMCTSReform_CCD_submitLogin_get_config	1548164226574	1548164226588	OK	 
REQUEST	CCDUI	1		TX02_HMCTSReform_CCD_submitLogin_option_oauth2redirect	1548164226589	1548164226618	OK	 
REQUEST	CCDUI	1		TX02_HMCTSReform_CCD_submitLogin_get_oauth2redirect	1548164226619	1548164226737	OK	 
REQUEST	CCDUI	1		TX02_HMCTSReform_CCD_submitLogin_get_config	1548164226738	1548164226751	OK	 
REQUEST	CCDUI	1		TX02_HMCTSReform_CCD_submitLogin_option_profile	1548164226752	1548164226781	OK	 
REQUEST	CCDUI	1		TX02_HMCTSReform_CCD_submitLogin_get_profile	1548164226782	1548164227643	OK	 
REQUEST	CCDUI	1		TX02_HMCTSReform_CCD_submitLogin_option_case-types_access_read	1548164229627	1548164229664	OK	 
REQUEST	CCDUI	1		TX02_HMCTSReform_CCD_submitLogin_options_work-basket-inputs	1548164229667	1548164229708	OK	 
REQUEST	CCDUI	1		TX02_HMCTSReform_CCD_submitLogin_options_casesview_WORKBASKET&state=TODO&page=1	1548164229668	1548164229747	OK	 
REQUEST	CCDUI	1		TX02_HMCTSReform_CCD_submitLogin_options_pagination_metadata?state=TODO	1548164229668	1548164229769	OK	 
REQUEST	CCDUI	1		TX02_HMCTSReform_CCD_submitLogin_pagination_metadata?state=TODO	1548164229709	1548164230666	OK	 
REQUEST	CCDUI	1		TX02_HMCTSReform_CCD_submitLogin_get_work-basket-inputs	1548164229669	1548164230724	OK	 
REQUEST	CCDUI	1		TX02_HMCTSReform_CCD_submitLogin_get_case-types_access_read	1548164229667	1548164230734	OK	 
REQUEST	CCDUI	1		TX02_HMCTSReform_CCD_submitLogin_get_casesview_WORKBASKET&state=TODO&page=1	1548164229669	1548164230983	OK	 
REQUEST	CCDUI	1		TX03_HMCTSReform_CCD_CreateCase_ClickCreqteCaseButton_options_case-types?access=create	1548164237247	1548164237378	OK	 
REQUEST	CCDUI	1		TX03_HMCTSReform_CCD_CreateCase_ClickCreqteCaseButton_get_case-types?access=create	1548164237379	1548164237953	OK	 
REQUEST	CCDUI	1		TX04_HMCTSReform_CCD_CreateCase_startCaseCreation_options_ignore-warning=false	1548164254788	1548164254833	OK	 
REQUEST	CCDUI	1		TX04_HMCTSReform_CCD_CreateCase_startCaseCreation_get_II_ignore-warning=false	1548164254835	1548164255429	OK	 
REQUEST	CCDUI	1		TX04_HMCTSReform_CCD_CreateCase_startCaseCreation_get_ignore-warning=false	1548164254835	1548164255489	OK	 
REQUEST	CCDUI	1		TX05_HMCTSReform_CCD_CreateCase_Validate_validateFirstPage_options_validate	1548164272156	1548164272192	OK	 
REQUEST	CCDUI	1		TX05_HMCTSReform_CCD_CreateCase_Validate_validateFirstPage_post_validate	1548164272194	1548164272800	OK	 
REQUEST	CCDUI	1		TX06_HMCTSReform_CCD_CreateCase_Validate_validateSecondPage_options_validate	1548164273998	1548164274029	OK	 
REQUEST	CCDUI	1		TX06_HMCTSReform_CCD_CreateCase_Validate_validateSecondPage_post_validate	1548164274030	1548164274635	OK	 
REQUEST	CCDUI	1		TX07.1_HMCTSReform_CCD_CreateCase_UploadDocument_1MB.pdf	1548164275733	1548164276871	KO	status.find.is(200), but actually found 502
REQUEST	CCDUI	1		TX08_HMCTSReform_CCD_CreateCase_SubmitCase_options_cases?ignore-warning=false	1548164276875	1548164276905	OK	 
GROUP	Failed to build request TX08_HMCTSReform_CCD_CreateCase_SubmitCase_post_cases?ignore-warning=false: No attribute named 'Document_ID' is defined 	1548164276906
GROUP	Failed to build request TX09_HMCTSReform_CCD_CreateCase_NewCaseDisplay_options_get: No attribute named 'New_Case_Id' is defined 	1548164278148
REQUEST	CCDUI	1		TX10_HMCTSReform_CCD_UISearchAndViewCase_SearchRequest_ByJurisdiction_CaseType_State_option_work_basket_inputs	1548164279667	1548164279708	OK	 
REQUEST	CCDUI	1		TX11_HMCTSReform_CCD_UISearchAndViewCase_SearchRequest_ByJurisdiction_CaseType_State_get_work_basket_inputs	1548164279710	1548164279883	OK	 
REQUEST	CCDUI	1		TX12_HMCTSReform_CCD_UISearchAndViewCase_SearchResult_ByJurisdiction_CaseType_State_optionscases_view_WORKBASKE	1548164281318	1548164281361	OK	 
REQUEST	CCDUI	1		TX13_HMCTSReform_CCD_UISearchAndViewCase_SearchResult_ByJurisdiction_CaseType_State_optionspagination_metadata	1548164281362	1548164281416	OK	 
REQUEST	CCDUI	1		TX15_HMCTSReform_CCD_UISearchAndViewCase_SearchResult_ByJurisdiction_CaseType_State_getpagination_metadata	1548164281363	1548164281487	OK	 
REQUEST	CCDUI	1		TX14_HMCTSReform_CCD_UISearchAndViewCase_SearchResult_ByJurisdiction_CaseType_State_getcases_view_WORKBASKE	1548164281362	1548164281867	OK	 
REQUEST	CCDUI	1		TX16_HMCTSReform_CCD_UISearchAndViewCase_SelectAndViewCase_options	1548164283168	1548164283204	OK	 
REQUEST	CCDUI	1		TX17_HMCTSReform_CCD_UISearchAndViewCase_SelectAndViewCase_get	1548164283206	1548164283435	OK	 
REQUEST	CCDUI	1		TX20_HMCTSReform_CCD_Logout	1548164284989	1548164285034	OK	 
REQUEST	CCDUI	1		TX20_HMCTSReform_CCD_Logout_getLogout	1548164285038	1548164285322	OK	 
REQUEST	CCDUI	1		TX20_HMCTSReform_CCD_Logout	1548164287166	1548164287184	OK	 
REQUEST	CCDUI	1		TX01_HMCTSReform_CCD_Login	1548164288747	1548164288801	OK	 
REQUEST	CCDUI	1		TX01_HMCTSReform_CCD_Login_option_profile	1548164288804	1548164288829	OK	 
REQUEST	CCDUI	1		TX02_HMCTSReform_CCD_submitLogin	1548164290688	1548164291245	OK	 
REQUEST	CCDUI	1		TX02_HMCTSReform_CCD_submitLogin_get_config	1548164291246	1548164291373	OK	 
REQUEST	CCDUI	1		TX02_HMCTSReform_CCD_submitLogin_option_oauth2redirect	1548164291374	1548164291391	OK	 
REQUEST	CCDUI	1		TX02_HMCTSReform_CCD_submitLogin_get_oauth2redirect	1548164291392	1548164291527	OK	 
REQUEST	CCDUI	1		TX02_HMCTSReform_CCD_submitLogin_get_config	1548164291528	1548164291542	OK	 
REQUEST	CCDUI	1		TX02_HMCTSReform_CCD_submitLogin_option_profile	1548164291544	1548164291703	OK	 
REQUEST	CCDUI	1		TX02_HMCTSReform_CCD_submitLogin_get_profile	1548164291704	1548164292970	OK	 
REQUEST	CCDUI	1		TX02_HMCTSReform_CCD_submitLogin_option_case-types_access_read	1548164294965	1548164295004	OK	 
REQUEST	CCDUI	1		TX02_HMCTSReform_CCD_submitLogin_options_work-basket-inputs	1548164295007	1548164295052	OK	 
REQUEST	CCDUI	1		TX02_HMCTSReform_CCD_submitLogin_options_casesview_WORKBASKET&state=TODO&page=1	1548164295007	1548164295062	OK	 
REQUEST	CCDUI	1		TX02_HMCTSReform_CCD_submitLogin_options_pagination_metadata?state=TODO	1548164295007	1548164295139	OK	 
REQUEST	CCDUI	1		TX02_HMCTSReform_CCD_submitLogin_get_case-types_access_read	1548164295006	1548164295692	OK	 
REQUEST	CCDUI	1		TX02_HMCTSReform_CCD_submitLogin_pagination_metadata?state=TODO	1548164295052	1548164296000	OK	 
REQUEST	CCDUI	1		TX02_HMCTSReform_CCD_submitLogin_get_casesview_WORKBASKET&state=TODO&page=1	1548164295008	1548164296008	OK	 
REQUEST	CCDUI	1		TX02_HMCTSReform_CCD_submitLogin_get_work-basket-inputs	1548164295007	1548164296204	OK	 
REQUEST	CCDUI	1		TX03_HMCTSReform_CCD_CreateCase_ClickCreqteCaseButton_options_case-types?access=create	1548164302946	1548164302983	OK	 
REQUEST	CCDUI	1		TX03_HMCTSReform_CCD_CreateCase_ClickCreqteCaseButton_get_case-types?access=create	1548164302984	1548164303885	OK	 
USER	CCDUI	1	END	1548164012959	1548164316840
